
--------------------------------------------------------------------------------
    Summary for System "Cyclohexane chair conformation - OPLS-AA optimized."
--------------------------------------------------------------------------------

---------------------------- Atom Container Summary ----------------------------
Number of Atoms        =             18  Number of Heavy Atoms  =              6
Number of Hydrogens    =             12  Number of Unknowns     =              0
--------------------------------------------------------------------------------

----------------------------- Connectivity Summary -----------------------------
Atoms                  =             18  Bonds                  =             18
Angles                 =             36  Dihedrals              =             54
Isolates               =              1  Ring Sets              =              1
--------------------------------------------------------------------------------

--------------------------------------------------------------------------------
                      Summary for Energy Model "OPLS/Full"
--------------------------------------------------------------------------------

------------------------------------ Summary for MM Model "OPLS" -----------------------------------
LJ 1-4 Scaling                   =          0.500  El. 1-4 Scaling                  =          0.500
Number of MM Atoms               =             18  Number of MM Atom Types          =              2
Total MM Charge                  =           0.00  Fourier Dihedral Terms           =             66
Fourier Dihedral Parameters      =              5  Harmonic Angle Terms             =             36
Harmonic Angle Parameters        =              3  Harmonic Bond Terms              =             18
Harmonic Bond Parameters         =              2  Exclusions                       =            105
1-4 Interactions                 =             51  Lennard-Jones Form               =           OPLS
Lennard-Jones Types              =              2  1-4 Lennard-Jones Form           =           OPLS
1-4 Lennard-Jones Types          =              2
----------------------------------------------------------------------------------------------------

----------------------------- Full NB Model Summary ----------------------------
Dielectric                =    1.000000  El. 1-4 Scaling           =    0.500000
QC/MM Coupling            = RC Coupling
--------------------------------------------------------------------------------

Full NB Model State set up.

--------------------------------- Summary of Energy Terms --------------------------------
Potential Energy          =          82.5610  RMS Gradient              =             None
Fourier Dihedral          =          64.5566  Harmonic Angle            =           2.6163
Harmonic Bond             =           0.5328  MM/MM Elect.              =          14.9447
MM/MM 1-4 Elect.          =          -5.4234  MM/MM LJ                  =          -3.1779
MM/MM 1-4 LJ              =           8.5121
------------------------------------------------------------------------------------------

--------------------------------- Summary of Energy Terms --------------------------------
Potential Energy          =         145.3062  RMS Gradient              =             None
Fourier Dihedral          =         121.4110  Harmonic Angle            =           3.1358
Harmonic Bond             =           1.0965  MM/MM Elect.              =          12.7851
MM/MM 1-4 Elect.          =          -3.9376  MM/MM LJ                  =          -2.3235
MM/MM 1-4 LJ              =          13.1389
------------------------------------------------------------------------------------------

------------------------------------- L-BFGS Minimizer Options -------------------------------------
History                          =             10  Log Frequency                    =              1
Maximum Iterations               =             50  Maximum Step                     =           0.01
RMS Gradient Tolerance           =            1.5
----------------------------------------------------------------------------------------------------

----------------------------------------------------------------------------------------------------------------
  Iteration       Function          RMS Gradient        Max. |Grad.|          RMS Disp.         Max. |Disp.|
----------------------------------------------------------------------------------------------------------------
     0     I        131.73387078         63.75290794        159.88870485          0.00000000          0.00000000
     1    S0        130.74479528         62.36393429        154.18237792          0.00029047          0.00072849
     2    S1        107.50288365         27.26373986         79.65339767          0.01000000          0.02807743
     3    S2         98.66633073         12.82229666         43.88593397          0.01000000          0.02966151
     4    S3         96.30985584          8.98339860         32.83779980          0.00572830          0.01476578
     5    S4         95.10474124         12.46055608         32.07801881          0.00734774          0.01673569
     6    S5         94.36842695          7.38137507         21.66612223          0.00463301          0.00991664
     7    S6         93.99599847          4.88579534         11.37180383          0.00139898          0.00412741
     8    S7         93.35966197          3.74367855          8.10002823          0.00478899          0.01066856
     9    S8         93.08397158          7.35110181         27.69733581          0.00576877          0.01318728
    10    S9         92.81246182          2.91420011          6.19646989          0.00312636          0.00699436
    11   S10         92.70038074          2.40195481          5.38587081          0.00141452          0.00371883
    12   S10         92.54288090          3.00480212          7.27848381          0.00265044          0.00770376
    13   S10         92.36216936          4.91397377         11.60602112          0.00450855          0.01340531
    14   S10         92.16396055          2.96644760          6.17543130          0.00477140          0.01374770
    15   S10         92.06410758          1.60796482          3.14705897          0.00204159          0.00588513
    16   S10         92.05083437          2.03929884          4.56817432          0.00119093          0.00338036
    17   S10         92.03477258          0.51450937          1.03580328          0.00039828          0.00079338
----------------------------------------------------------------------------------------------------------------

Minimization converged.

-------------------------- L-BFGS Minimizer Statistics -------------------------
Iterations             =             17  Function Calls         =             18
--------------------------------------------------------------------------------

--------------------------------- Summary of Energy Terms --------------------------------
Potential Energy          =          92.0348  RMS Gradient              =             None
Fourier Dihedral          =          72.3636  Harmonic Angle            =           3.9748
Harmonic Bond             =           0.4279  MM/MM Elect.              =          14.7101
MM/MM 1-4 Elect.          =          -5.1566  MM/MM LJ                  =          -3.0720
MM/MM 1-4 LJ              =           8.7871
------------------------------------------------------------------------------------------

----------------------------------------------------------------------------------------------------------------
  Iteration       Function          RMS Gradient        Max. |Grad.|          RMS Disp.         Max. |Disp.|
----------------------------------------------------------------------------------------------------------------
     0     I        146.07108727         60.53795688        157.71611540          0.00000000          0.00000000
     1    S0        145.08354514         59.03380348        151.47699241          0.00030590          0.00079694
     2    S1        124.04407981         22.43707308         66.61633383          0.01000000          0.02845788
     3    S2        117.97164577         11.96433947         47.50748353          0.00864711          0.02564706
     4    S3        116.23814835          8.20712082         31.44738625          0.00450704          0.01067840
     5    S4        115.38175262         12.92077710         30.64606346          0.00727168          0.01878687
     6    S5        114.76828912          5.97391035         14.94849842          0.00315076          0.00616226
     7    S6        114.56296317          3.51605947          6.64919191          0.00113997          0.00322720
     8    S7        114.29514214          2.28598530          5.17985920          0.00223781          0.00471072
     9    S8        114.10847668          2.81908319         11.07446971          0.00336149          0.00902510
    10    S9        114.22114227          7.40493725         23.35288652          0.00387751          0.00904136
    11   S10        114.01756498          1.22656272          2.97501393          0.00165141          0.00396505
----------------------------------------------------------------------------------------------------------------

Minimization converged.

-------------------------- L-BFGS Minimizer Statistics -------------------------
Iterations             =             11  Function Calls         =             12
--------------------------------------------------------------------------------

--------------------------------- Summary of Energy Terms --------------------------------
Potential Energy          =         114.0176  RMS Gradient              =             None
Fourier Dihedral          =          92.0711  Harmonic Angle            =           6.4804
Harmonic Bond             =           0.5644  MM/MM Elect.              =          14.1361
MM/MM 1-4 Elect.          =          -4.5503  MM/MM LJ                  =          -2.9883
MM/MM 1-4 LJ              =           8.3041
------------------------------------------------------------------------------------------

----------------------------------------------------------------------------------------------------------------
  Iteration       Function          RMS Gradient        Max. |Grad.|          RMS Disp.         Max. |Disp.|
----------------------------------------------------------------------------------------------------------------
     0     I        166.84663090         55.54367824        149.67821639          0.00000000          0.00000000
     1    S0        165.86164472         53.88082523        142.68847558          0.00033340          0.00089845
     2    S1        147.78192394         17.05056099         51.66665946          0.01000000          0.02932168
     3    S2        144.15647635         10.55235324         42.65190066          0.00637390          0.01923820
     4    S3        142.61411525          7.49473451         27.59947566          0.00454959          0.01093303
     5    S4        141.72567945         11.23694781         33.16817871          0.00702123          0.01839612
     6    S5        141.20272037          6.48284522         15.59910035          0.00404110          0.00934460
     7    S6        140.94975862          3.64250278          7.49543107          0.00125908          0.00345971
     8    S7        140.66231971          2.64724056          5.63310841          0.00245915          0.00473810
     9    S8        140.43961930          3.36344673          8.22336993          0.00371732          0.00791490
    10    S9        140.46945947          7.31653153         24.62768102          0.00516098          0.01004198
    11   S10        140.26223944          1.79842197          3.65752027          0.00142841          0.00262444
    12   S10        140.22513129          1.46970303          3.38236574          0.00049835          0.00112660
----------------------------------------------------------------------------------------------------------------

Minimization converged.

-------------------------- L-BFGS Minimizer Statistics -------------------------
Iterations             =             12  Function Calls         =             13
--------------------------------------------------------------------------------

--------------------------------- Summary of Energy Terms --------------------------------
Potential Energy          =         140.2251  RMS Gradient              =             None
Fourier Dihedral          =         114.4713  Harmonic Angle            =           9.5502
Harmonic Bond             =           0.7679  MM/MM Elect.              =          13.7241
MM/MM 1-4 Elect.          =          -4.1478  MM/MM LJ                  =          -2.8482
MM/MM 1-4 LJ              =           8.7076
------------------------------------------------------------------------------------------

----------------------------------------------------------------------------------------------------------------
  Iteration       Function          RMS Gradient        Max. |Grad.|          RMS Disp.         Max. |Disp.|
----------------------------------------------------------------------------------------------------------------
     0     I        182.75457222         48.72195106        133.62528658          0.00000000          0.00000000
     1    S0        181.77448263         46.78900677        129.45824510          0.00038009          0.00104243
     2    S1        167.63488673         11.97210346         30.75492016          0.01000000          0.03035740
     3    S2        165.91138327          8.99938240         36.64575101          0.00392684          0.01176187
     4    S3        164.44634968          6.04430891         18.37814352          0.00551554          0.01316865
     5    S4        164.26369463         13.45659593         44.33672548          0.00572890          0.01462373
     6    S5        163.63146445          4.02305574         10.07907801          0.00159519          0.00468269
     7    S6        163.46147919          3.06201644          7.44606301          0.00115375          0.00253991
     8    S7        163.17462285          3.36128518          8.49134255          0.00357280          0.00722936
     9    S8        162.98196512          4.48257870         15.74925392          0.00382760          0.00771907
    10    S9        162.84691942          2.45086294          4.68665601          0.00390918          0.00805405
    11   S10        162.78640271          1.58087340          3.84240463          0.00077044          0.00156049
    12   S10        162.71348168          1.88728692          5.48528760          0.00145772          0.00348320
    13   S10        162.63254714          3.06009804          8.37431692          0.00263481          0.00701874
    14   S10        162.54138524          2.10388749          6.08208539          0.00369879          0.00992829
    15   S10        162.49635678          1.07242456          2.03698190          0.00164835          0.00537351
----------------------------------------------------------------------------------------------------------------

Minimization converged.

-------------------------- L-BFGS Minimizer Statistics -------------------------
Iterations             =             15  Function Calls         =             16
--------------------------------------------------------------------------------

--------------------------------- Summary of Energy Terms --------------------------------
Potential Energy          =         162.4964  RMS Gradient              =             None
Fourier Dihedral          =         132.3425  Harmonic Angle            =          12.5773
Harmonic Bond             =           0.7925  MM/MM Elect.              =          13.5105
MM/MM 1-4 Elect.          =          -3.9729  MM/MM LJ                  =          -2.6662
MM/MM 1-4 LJ              =           9.9125
------------------------------------------------------------------------------------------

----------------------------------------------------------------------------------------------------------------
  Iteration       Function          RMS Gradient        Max. |Grad.|          RMS Disp.         Max. |Disp.|
----------------------------------------------------------------------------------------------------------------
     0     I        189.75967785         40.40248309        114.44970890          0.00000000          0.00000000
     1    S0        188.78888841         38.05529789        109.11478468          0.00045835          0.00129839
     2    S1        179.18716882         10.35605701         38.12334456          0.00906564          0.02817762
     3    S2        178.19003052          7.73786146         30.65818765          0.00256562          0.00690622
     4    S3        176.87412991          4.93350301          9.28700988          0.00663162          0.01594820
     5    S4        176.85764607         11.30532954         33.17398927          0.00442022          0.01113852
     6    S5        176.42219920          3.54608564          9.12924533          0.00124496          0.00331129
     7    S6        176.29733096          2.10629236          4.64159869          0.00109755          0.00248455
     8    S7        176.16409441          2.03152947          4.60379414          0.00243689          0.00557108
     9    S8        176.07424664          1.83776699          5.45578828          0.00205876          0.00445087
    10    S9        176.12940845          5.64840989         18.48509563          0.00340200          0.00717896
    11   S10        176.01387488          1.05249719          2.47761462          0.00141761          0.00319816
----------------------------------------------------------------------------------------------------------------

Minimization converged.

-------------------------- L-BFGS Minimizer Statistics -------------------------
Iterations             =             11  Function Calls         =             12
--------------------------------------------------------------------------------

--------------------------------- Summary of Energy Terms --------------------------------
Potential Energy          =         176.0139  RMS Gradient              =             None
Fourier Dihedral          =         144.5993  Harmonic Angle            =          13.6243
Harmonic Bond             =           1.1333  MM/MM Elect.              =          13.1644
MM/MM 1-4 Elect.          =          -3.6955  MM/MM LJ                  =          -2.7077
MM/MM 1-4 LJ              =           9.8958
------------------------------------------------------------------------------------------

----------------------------------------------------------------------------------------------------------------
  Iteration       Function          RMS Gradient        Max. |Grad.|          RMS Disp.         Max. |Disp.|
----------------------------------------------------------------------------------------------------------------
     0     I        187.59322950         31.59079342         94.80220008          0.00000000          0.00000000
     1    S0        186.64091816         28.60892349         87.69424318          0.00058620          0.00175915
     2    S1        181.00892698          8.55354703         29.96668641          0.00696547          0.02303572
     3    S2        180.31148452          6.39749351         24.19526802          0.00222028          0.00659332
     4    S3        179.46319604          4.07908510          7.32091007          0.00530575          0.01304019
     5    S4        179.34250628          7.73581167         24.86561574          0.00345026          0.00703299
     6    S5        179.10288459          3.31984866          8.38406085          0.00093320          0.00273130
     7    S6        178.95823821          2.25631938          6.20350397          0.00165993          0.00359639
     8    S7        178.83160288          2.42771799          4.95592708          0.00256841          0.00536757
     9    S8        178.69499082          3.00446348         10.44804325          0.00340903          0.00813754
    10    S9        178.68829212          5.22151787         13.94158782          0.00499272          0.01296570
    11   S10        178.57389024          1.44347872          3.24905936          0.00177320          0.00378596
----------------------------------------------------------------------------------------------------------------

Minimization converged.

-------------------------- L-BFGS Minimizer Statistics -------------------------
Iterations             =             11  Function Calls         =             12
--------------------------------------------------------------------------------

--------------------------------- Summary of Energy Terms --------------------------------
Potential Energy          =         178.5739  RMS Gradient              =             None
Fourier Dihedral          =         146.8416  Harmonic Angle            =          13.2759
Harmonic Bond             =           1.4514  MM/MM Elect.              =          12.9752
MM/MM 1-4 Elect.          =          -3.6168  MM/MM LJ                  =          -2.7067
MM/MM 1-4 LJ              =          10.3533
------------------------------------------------------------------------------------------

----------------------------------------------------------------------------------------------------------------
  Iteration       Function          RMS Gradient        Max. |Grad.|          RMS Disp.         Max. |Disp.|
----------------------------------------------------------------------------------------------------------------
     0     I        177.12997252         22.52641316         70.24310084          0.00000000          0.00000000
     1    S0        176.22284957         18.44927154         60.09625349          0.00082208          0.00256346
     2    S1        173.65869583          6.59380325         21.02127083          0.00474210          0.01628604
     3    S2        173.22531254          4.81345955         16.20676909          0.00187671          0.00585873
     4    S3        172.79820255          3.14815048          5.90060636          0.00368971          0.00933538
     5    S4        172.74496705          6.22187465         21.47873190          0.00245834          0.00611591
     6    S5        172.60404309          2.76153037          7.93589690          0.00063879          0.00210711
     7    S6        172.49780186          2.00055056          4.15189567          0.00134943          0.00337826
     8    S7        172.36955323          2.68082305          6.74234726          0.00283218          0.00743874
     9    S8        172.22040708          2.58042943          7.51058895          0.00368781          0.00972968
    10    S9        172.55765155         12.57464831         35.22049165          0.00770508          0.02108831
    11   S10        172.07439000          1.61113948          3.53473638          0.00275453          0.00716657
    12   S10        172.05098014          1.26448575          2.96407044          0.00041871          0.00097795
----------------------------------------------------------------------------------------------------------------

Minimization converged.

-------------------------- L-BFGS Minimizer Statistics -------------------------
Iterations             =             12  Function Calls         =             13
--------------------------------------------------------------------------------

--------------------------------- Summary of Energy Terms --------------------------------
Potential Energy          =         172.0510  RMS Gradient              =             None
Fourier Dihedral          =         141.8473  Harmonic Angle            =          10.9564
Harmonic Bond             =           1.6125  MM/MM Elect.              =          12.8756
MM/MM 1-4 Elect.          =          -3.6677  MM/MM LJ                  =          -2.6856
MM/MM 1-4 LJ              =          11.1124
------------------------------------------------------------------------------------------

----------------------------------------------------------------------------------------------------------------
  Iteration       Function          RMS Gradient        Max. |Grad.|          RMS Disp.         Max. |Disp.|
----------------------------------------------------------------------------------------------------------------
     0     I        163.21071773         14.16452181         43.08754210          0.00000000          0.00000000
     1    S0        162.44302715          8.30300910         27.73332185          0.00130739          0.00397699
     2    S1        161.77515313          4.62124223         12.74229710          0.00238616          0.00794839
     3    S2        161.52016943          3.15913073          7.73576946          0.00173671          0.00518759
     4    S3        161.35683383          3.23979557          6.88476212          0.00231018          0.00484494
     5    S4        161.29198880          3.96853817         11.74033346          0.00199350          0.00514895
     6    S5        161.21503231          2.34906554          5.52003225          0.00052936          0.00110122
     7    S6        161.08433670          2.32108872          5.64958671          0.00196437          0.00563027
     8    S7        160.94996476          2.98190914          6.80454258          0.00324823          0.00959278
     9    S8        160.77125038          2.84412230          6.59411421          0.00525431          0.01478917
    10    S9        161.30174995         13.74952957         36.06874629          0.00848161          0.02358868
    11   S10        160.67343964          1.31446464          2.70258621          0.00449705          0.01209851
----------------------------------------------------------------------------------------------------------------

Minimization converged.

-------------------------- L-BFGS Minimizer Statistics -------------------------
Iterations             =             11  Function Calls         =             12
--------------------------------------------------------------------------------

--------------------------------- Summary of Energy Terms --------------------------------
Potential Energy          =         160.6734  RMS Gradient              =             None
Fourier Dihedral          =         132.3808  Harmonic Angle            =           8.0834
Harmonic Bond             =           1.6014  MM/MM Elect.              =          12.8409
MM/MM 1-4 Elect.          =          -3.8147  MM/MM LJ                  =          -2.5625
MM/MM 1-4 LJ              =          12.1442
------------------------------------------------------------------------------------------

----------------------------------------------------------------------------------------------------------------
  Iteration       Function          RMS Gradient        Max. |Grad.|          RMS Disp.         Max. |Disp.|
----------------------------------------------------------------------------------------------------------------
     0     I        150.77744984          6.69717132         18.09773740          0.00000000          0.00000000
     1    S0        150.69194986          9.72115409         29.40172323          0.00276513          0.00747219
     2    S1        150.37041603          2.97435970          6.45132396          0.00106002          0.00297300
     3    S2        150.29069083          2.01117658          5.04510194          0.00066443          0.00127481
     4    S3        150.18199806          2.35983427          6.16102461          0.00156643          0.00355885
     5    S4        150.05783433          2.74305063          7.31493005          0.00200865          0.00552379
     6    S5        149.89435044          6.85061399         19.50458377          0.00717525          0.02069350
     7    S6        149.66702175          2.94342370          7.98413951          0.00378260          0.01075074
     8    S7        149.57834612          1.88097853          4.16653125          0.00088109          0.00200481
     9    S8        149.48241976          1.58076875          3.46323045          0.00244144          0.00611432
    10    S9        149.44444461          3.58338966         10.75503620          0.00310558          0.00799130
    11   S10        149.38462673          1.46194254          3.97302275          0.00114695          0.00285014
----------------------------------------------------------------------------------------------------------------

Minimization converged.

-------------------------- L-BFGS Minimizer Statistics -------------------------
Iterations             =             11  Function Calls         =             12
--------------------------------------------------------------------------------

--------------------------------- Summary of Energy Terms --------------------------------
Potential Energy          =         149.3846  RMS Gradient              =             None
Fourier Dihedral          =         121.9653  Harmonic Angle            =           5.9150
Harmonic Bond             =           1.3598  MM/MM Elect.              =          12.8686
MM/MM 1-4 Elect.          =          -4.0237  MM/MM LJ                  =          -2.2283
MM/MM 1-4 LJ              =          13.5279
------------------------------------------------------------------------------------------

--------------------------------------------------
         Growing String Structure Energies
--------------------------------------------------
           Structure                 Energy
--------------------------------------------------
                             0              82.561
                             1              92.035
                             2             114.018
                             3             140.225
                             4             162.496
                             5             176.014
                             6             178.574
                             7             172.051
                             8             160.673
                             9             149.385
                            10             145.306
--------------------------------------------------

------------------------------------------- Chain-Of-States Optimizer Options ------------------------------------------
Fixed Terminal Images                =                 True  Freeze RMS Gradient Tolerance        =                    0
Log Frequency                        =                    1  Maximum Iterations                   =                  100
One Single Image Optimization        =                False  Optimizer                            =     L-BFGS Minimizer
Optimizer Tolerance Scaling          =                 0.25  RMS Gradient Tolerance               =                  0.1
Redistribution Check Per Iteration   =                False  Single Image Optimizations           =                False
Spline Redistribution Tolerance      =                  1.5  Spring Force Constant                =                  500
Use Spline Redistribution            =                False
------------------------------------------------------------------------------------------------------------------------

------------------------------------- L-BFGS Minimizer Options -------------------------------------
History                          =             10  Log Frequency                    =              0
Maximum Iterations               =             10  Maximum Step                     =          0.025
RMS Gradient Tolerance           =          0.025
----------------------------------------------------------------------------------------------------

--------------------------- SGOF Process Pool Options --------------------------
Pool Type              =         Serial  Processes              =              1
--------------------------------------------------------------------------------

----------------------------------------------------------------------------------------------------------------------------------
  Iteration    Active Images     Function Calls       Optimizations     Max. RMS Gradient      Path Length         Min. Angle
----------------------------------------------------------------------------------------------------------------------------------
     0     I                 9                  11                   1          4.80024419               4.571               140.1
     1     S                 9                  20                   1          3.71988383               4.571               140.3
     2     S                 9                  29                   1          4.89099671               4.570               140.9
     3     S                 9                  38                   1          8.53602075               4.566               141.7
     4     S                 9                  47                   1          3.58589310               4.564               141.8
     5     S                 9                  56                   1          2.49003191               4.561               142.4
     6     S                 9                  65                   1          2.35766010               4.560               143.0
     7     S                 9                  74                   1          2.16994613               4.560               144.6
     8     S                 9                  83                   1          7.10389052               4.561               146.8
     9     S                 9                  92                   1          1.54708673               4.560               146.4
    10     S                 9                 101                   2          8.48360291               4.561               147.2
    11     S                 9                 110                   2          1.29100964               4.560               146.8
    12     S                 9                 119                   2          0.84219229               4.560               147.0
    13     S                 9                 128                   2          1.03110528               4.562               147.9
    14     S                 9                 137                   2          1.85847454               4.562               148.7
    15     S                 9                 146                   2          1.25098304               4.564               149.7
    16     S                 9                 155                   2          1.33765024               4.565               151.0
    17     S                 9                 164                   2          2.92165364               4.565               152.0
    18     S                 9                 173                   2          1.13767598               4.564               151.9
    19     S                 9                 182                   2          0.80458099               4.563               152.0
    20     S                 9                 191                   3         24.61948529               4.571               151.9
    21     S                 9                 200                   3          0.77154386               4.563               152.0
    22     S                 9                 209                   3          0.65638382               4.563               152.0
    23     S                 9                 218                   3          0.69146249               4.563               152.1
    24     S                 9                 227                   3          0.72127425               4.562               152.1
    25     S                 9                 236                   3          1.26028694               4.560               152.2
    26     S                 9                 245                   3          0.54004678               4.560               152.2
    27     S                 9                 254                   3          0.36964822               4.560               152.1
    28     S                 9                 263                   3          0.33400728               4.560               152.1
    29     S                 9                 272                   3          0.60367902               4.561               151.9
    30     S                 9                 281                   4         59.46179194               4.587               151.2
    31     S                 9                 290                   4          0.21426444               4.561               151.9
    32     S                 9                 299                   4          0.19630675               4.561               151.9
    33     S                 9                 308                   4          0.20668984               4.562               152.0
    34     S                 9                 317                   4          1.18669450               4.562               152.0
    35     S                 9                 326                   4          0.40806058               4.562               152.0
    36     S                 9                 335                   4          0.18107055               4.562               152.0
    37     S                 9                 344                   4          0.52264759               4.563               151.9
    38     S                 9                 353                   4          0.55701393               4.564               151.9
    39     S                 9                 362                   4          0.84803117               4.564               151.8
    40     S                 9                 371                   5        114.35750213               4.593               151.1
    41     S                 9                 380                   5          0.21093800               4.564               151.8
    42     S                 9                 389                   5          0.15246429               4.564               151.8
    43     S                 9                 398                   5          0.11563914               4.564               151.8
    44     S                 9                 407                   5          0.30114159               4.564               151.8
    45     S                 9                 416                   5          0.13352119               4.563               151.8
    46     S                 9                 425                   5          0.07481218               4.563               151.9
----------------------------------------------------------------------------------------------------------------------------------

Minimization converged.

--------------------------------------------------
       Chain-Of-States Optimizer Statistics
--------------------------------------------------
Iterations                                      46
Function Calls                                 425
Maximum Image RMS Gradient           0.07481217661
Optimizations                                    5
Redistributions                                  0
--------------------------------------------------

----------------------------------------------------------------------------------------------------------------------------------------------------------
                                                                       Path Summary
----------------------------------------------------------------------------------------------------------------------------------------------------------
   Image     Abs. Function     Rel. Function     RMS Gradient          Angle           Curvature     Distance  (i,i+1) Distance  (i,i+2)  Total Distance
----------------------------------------------------------------------------------------------------------------------------------------------------------
         0            82.561             0.000             0.000               0.0             0.000             0.457             0.892             0.000
         1            88.597             6.036             0.065             154.9             0.000             0.457             0.911             0.457
         2           106.697            24.136             0.033             170.1             0.000             0.457             0.911             0.914
         3           131.574            49.013             0.075             171.3             0.000             0.456             0.910             1.371
         4           155.979            73.418             0.044             171.6             0.000             0.456             0.910             1.827
         5           172.946            90.385             0.011             171.5             0.000             0.456             0.909             2.283
         6           178.682            96.121             0.011             170.5             0.000             0.456             0.909             2.739
         7           173.740            91.179             0.025             171.5             0.000             0.456             0.909             3.195
         8           162.264            79.703             0.023             171.5             0.000             0.456             0.885             3.651
         9           150.252            67.691             0.016             151.9             0.000             0.456             0.000             4.107
        10           145.306            62.745             0.000               0.0             0.000             0.000             0.000             4.563
----------------------------------------------------------------------------------------------------------------------------------------------------------
