
--------------------------------------------------------------------------------
                    Summary for System "Water - MOL format."
--------------------------------------------------------------------------------

---------------------------- Atom Container Summary ----------------------------
Number of Atoms        =              3  Number of Heavy Atoms  =              1
Number of Hydrogens    =              2  Number of Unknowns     =              0
--------------------------------------------------------------------------------

----------------------------- Connectivity Summary -----------------------------
Atoms                  =              3  Bonds                  =              2
Angles                 =              1  Dihedrals              =              0
Isolates               =              1  Ring Sets              =              0
--------------------------------------------------------------------------------

--------------------------- Cubic Solvent Box Summary --------------------------
Number of Molecules    =            216  Density (kg m^-3)      =        110.051
Box Side               =         38.867  Molecule Size          =          6.478
--------------------------------------------------------------------------------

--------------------------------------------------------------------------------
                         Summary for System "Water Box"
--------------------------------------------------------------------------------

---------------------------- Atom Container Summary ----------------------------
Number of Atoms        =            648  Number of Heavy Atoms  =            216
Number of Hydrogens    =            432  Number of Unknowns     =              0
--------------------------------------------------------------------------------

----------------------------- Connectivity Summary -----------------------------
Atoms                  =            648  Bonds                  =            432
Angles                 =            216  Dihedrals              =              0
Isolates               =            216  Ring Sets              =              0
--------------------------------------------------------------------------------

--------------------------------------------------------------------------------
                   Summary for Energy Model "OPLS/Monte Carlo"
--------------------------------------------------------------------------------

------------------------------------ Summary for MM Model "OPLS" -----------------------------------
LJ 1-4 Scaling                   =          0.500  El. 1-4 Scaling                  =          0.500
Number of MM Atoms               =            648  Number of MM Atom Types          =              2
Total MM Charge                  =           0.00  Harmonic Angle Terms             =            216
Harmonic Angle Parameters        =              1  Harmonic Bond Terms              =            432
Harmonic Bond Parameters         =              1  Urey-Bradley Terms               =            216
Urey-Bradley Parameters          =              1  Exclusions                       =            648
1-4 Interactions                 =              0  Lennard-Jones Form               =           OPLS
Lennard-Jones Types              =              2  1-4 Lennard-Jones Form           =           OPLS
1-4 Lennard-Jones Types          =              2
----------------------------------------------------------------------------------------------------

------------------------- Monte Carlo NB Model Summary -------------------------
Buffer                 =       0.500000  Cutoff                 =       8.500000
Dielectric             =       1.000000
--------------------------------------------------------------------------------

------------------------------- Symmetry Summary -------------------------------
Crystal Class          =          Cubic
--------------------------------------------------------------------------------

----------------------- Transformation3 Container Summary ----------------------
Transformations        =              1  Identity               =              0
Inverse Pairs          =              0  Self Inverses          =              1
Absent Inverses        =              0
--------------------------------------------------------------------------------

------------------------ Monte Carlo Simulation Options ------------------------
Acceptance Ratio     =              0.4  Adjust Frequency     =             1000
Blocks               =               10  Input RNG            =            False
Log Frequency        =                1  Max. Rotation        =               15
Max. Translation     =             0.15  Max. Volume Change   =              400
Moves                =           100000  Pressure             =             1000
Temperature          =              300  Trajectories         =            False
Volume Frequency     =              500
--------------------------------------------------------------------------------

------------------------------------------------------------------------------------------------------------------------
                                               Monte Carlo Run Statistics
------------------------------------------------------------------------------------------------------------------------
  Block      Accept.           <E>           <dE^2>            <H>           <dH^2>            <V>           <dV^2>
------------------------------------------------------------------------------------------------------------------------
       0          0.4984      -3473.0228    3661164.2448      -1233.8323    7966397.2671      36696.4017  232845855.7963
       1          0.4004      -7142.5823     210279.9686      -6541.4999     306369.0092       9850.6861    2445548.2416
       2          0.3995      -7906.8505      21150.2312      -7446.9997      25626.9519       7536.1459      67136.2685
       3          0.4004      -8172.2765       9850.2555      -7756.0481      12390.6977       6821.2526      49823.6495
       4          0.4009      -8404.1010      15543.4304      -8013.6597      16639.2583       6398.6484      10615.9114
       5          0.4021      -8487.0447       5449.7220      -8104.3089       6041.8493       6272.3680       7018.4826
       6          0.4009      -8475.9739       4849.8165      -8094.6630       5018.1666       6249.0176       3121.3295
       7          0.3987      -8506.6550       4630.8709      -8124.5500       5033.2983       6262.0293       6018.4166
       8          0.3994      -8586.6117       5377.8425      -8207.0769       5576.4137       6219.9101       4440.5723
       9          0.3999      -8667.0753       5212.5026      -8290.2907       5266.6710       6174.8385       3359.7856
     Run          0.4101      -7782.2194    2640913.1781      -7181.2929    5008780.6745       9848.1298  104793567.1275
   Block               -      -7782.2194    2246562.2896      -7181.2929    4173344.7162       9848.1298   81249273.2821
------------------------------------------------------------------------------------------------------------------------

------------------------------ Adjusted Move Sizes -----------------------------
Max. Rotation        =          17.4206  Max. Translation     =         0.174206
Max. Vol. Move       =          281.646
--------------------------------------------------------------------------------

------------------------ Monte Carlo Simulation Options ------------------------
Acceptance Ratio     =              0.4  Adjust Frequency     =             1000
Blocks               =               10  Input RNG            =            False
Log Frequency        =                1  Max. Rotation        =               15
Max. Translation     =             0.15  Max. Volume Change   =              400
Moves                =           100000  Pressure             =                1
Temperature          =              300  Trajectories         =            False
Volume Frequency     =              500
--------------------------------------------------------------------------------

------------------------------------------------------------------------------------------------------------------------
                                               Monte Carlo Run Statistics
------------------------------------------------------------------------------------------------------------------------
  Block      Accept.           <E>           <dE^2>            <H>           <dH^2>            <V>           <dV^2>
------------------------------------------------------------------------------------------------------------------------
       0          0.4002      -8605.5693       4542.8538      -8605.1839       4543.5876       6316.0282      16618.9744
       1          0.4022      -8487.3103       4655.0802      -8486.9120       4655.4170       6526.4664       5926.8907
       2          0.4013      -8472.5185       3416.1218      -8472.1206       3416.2223       6522.1468       3283.2066
       3          0.4008      -8461.3730       4551.6024      -8460.9689       4551.6772       6622.8912       6022.7090
       4          0.4040      -8436.7873       2440.6545      -8436.3870       2440.7326       6560.0710       4763.6536
       5          0.4017      -8444.0130       5238.8123      -8443.6162       5239.0433       6503.0611       3749.2378
       6          0.4010      -8506.2366       5540.3427      -8505.8423       5540.6540       6461.3577       4747.7045
       7          0.4024      -8444.8469       3365.4902      -8444.4457       3365.8829       6574.6661       7114.5508
       8          0.3999      -8487.2944       5338.2065      -8486.9022       5338.4053       6427.1415       2689.6039
       9          0.4016      -8493.1273       4436.6529      -8492.7329       4436.9726       6463.2523       6219.3381
     Run          0.4015      -8483.9077       6490.9186      -8483.5112       6491.5946       6497.7082      12856.7062
   Block               -      -8483.9077       2138.3369      -8483.5112       2138.7352       6497.7082       6743.1192
------------------------------------------------------------------------------------------------------------------------

------------------------------ Adjusted Move Sizes -----------------------------
Max. Rotation        =          17.4206  Max. Translation     =         0.174206
Max. Vol. Move       =          254.822
--------------------------------------------------------------------------------

Solvent density = 1006.38 kg m^-3.
