
--------------------------------------------------------------------------------
                         Summary for System "Water Box."
--------------------------------------------------------------------------------

---------------------------- Atom Container Summary ----------------------------
Number of Atoms        =            648  Number of Heavy Atoms  =            216
Number of Hydrogens    =            432  Number of Unknowns     =              0
--------------------------------------------------------------------------------

----------------------------- Connectivity Summary -----------------------------
Atoms                  =            648  Bonds                  =            432
Angles                 =            216  Dihedrals              =              0
Isolates               =            216  Ring Sets              =              0
--------------------------------------------------------------------------------

--------------------------------------------------------------------------------
                   Summary for Energy Model "OPLS/Monte Carlo"
--------------------------------------------------------------------------------

------------------------------------ Summary for MM Model "OPLS" -----------------------------------
LJ 1-4 Scaling                   =          0.500  El. 1-4 Scaling                  =          0.500
Number of MM Atoms               =            648  Number of MM Atom Types          =              2
Total MM Charge                  =           0.00  Harmonic Bond Terms              =            432
Harmonic Bond Parameters         =              1  Urey-Bradley Terms               =            216
Urey-Bradley Parameters          =              1  Harmonic Angle Terms             =            216
Harmonic Angle Parameters        =              1  Exclusions                       =            648
  Lennard-Jones Form               =           OPLS
Lennard-Jones Types              =              2  1-4 Lennard-Jones Form           =           OPLS
1-4 Lennard-Jones Types          =              2
----------------------------------------------------------------------------------------------------

------------------------- Monte Carlo NB Model Summary -------------------------
Buffer                 =       0.500000  Cutoff                 =       8.500000
Dielectric             =       1.000000
--------------------------------------------------------------------------------

------------------------------- Symmetry Summary -------------------------------
Crystal Class          =          Cubic
--------------------------------------------------------------------------------

----------------------- Transformation3 Container Summary ----------------------
Transformations        =              1  Identity               =              0
Inverse Pairs          =              0  Self Inverses          =              1
Absent Inverses        =              0
--------------------------------------------------------------------------------

------------------------ Monte Carlo Simulation Options ------------------------
Acceptance Ratio     =              0.4  Adjust Frequency     =             1000
Blocks               =               10  Input RNG            =             True
Log Frequency        =                1  Max. Rotation        =               15
Max. Translation     =             0.15  Max. Volume Change   =              400
Moves                =              100  Pressure             =                1
Temperature          =              300  Trajectories         =            False
Volume Frequency     =              400
--------------------------------------------------------------------------------

------------------------------------------------------------------------------------------------------------------------
                                               Monte Carlo Run Statistics
------------------------------------------------------------------------------------------------------------------------
  Block      Accept.           <E>           <dE^2>            <H>           <dH^2>            <V>           <dV^2>
------------------------------------------------------------------------------------------------------------------------
       0          0.4800      -8446.6961        194.3761      -8446.2965        194.3761       6548.6794          0.0000
       1          0.5200      -8467.1345         37.2030      -8466.7349         37.2030       6548.6794          0.0000
       2          0.5000      -8454.5601         12.1812      -8454.1605         12.1812       6548.6794          0.0000
       3          0.4600      -8446.0662         14.8843      -8445.6666         14.8843       6548.6794          0.0000
       4          0.5000      -8448.0184         12.0747      -8447.6188         12.0747       6548.6794          0.0000
       5          0.4700      -8449.6565         10.3227      -8449.2569         10.3227       6548.6794          0.0000
       6          0.4700      -8470.4379         84.7064      -8470.0383         84.7064       6548.6794          0.0000
       7          0.4500      -8460.2121         18.7276      -8459.8125         18.7276       6548.6794          0.0000
       8          0.4800      -8440.6255        132.3861      -8440.2259        132.3861       6548.6794          0.0000
       9          0.5100      -8414.8836         40.7423      -8414.4840         40.7423       6548.6794          0.0000
     Run          0.4840      -8449.8291        274.5169      -8449.4295        274.5169       6548.6794          0.0000
   Block               -      -8449.8291        218.7564      -8449.4295        218.7564       6548.6794          0.0000
------------------------------------------------------------------------------------------------------------------------

------------------------------ Adjusted Move Sizes -----------------------------
Max. Rotation        =            15.75  Max. Translation     =           0.1575
Max. Vol. Move       =              380
--------------------------------------------------------------------------------

------------------------ Monte Carlo Simulation Options ------------------------
Acceptance Ratio     =              0.4  Adjust Frequency     =             1000
Blocks               =               20  Input RNG            =             True
Log Frequency        =                1  Max. Rotation        =               15
Max. Translation     =             0.15  Max. Volume Change   =              400
Moves                =              100  Pressure             =                1
Temperature          =              300  Trajectories         =             True
Volume Frequency     =              400
--------------------------------------------------------------------------------

------------------------------------------------------------------------------------------------------------------------
                                               Monte Carlo Run Statistics
------------------------------------------------------------------------------------------------------------------------
  Block      Accept.           <E>           <dE^2>            <H>           <dH^2>            <V>           <dV^2>
------------------------------------------------------------------------------------------------------------------------
       0          0.4500      -8414.5772         15.7054      -8414.1776         15.7054       6548.6794          0.0000
       1          0.3900      -8419.8904         13.9054      -8419.4908         13.9054       6548.6794          0.0000
       2          0.4900      -8409.7847         98.6955      -8409.3851         98.6955       6548.6794          0.0000
       3          0.5400      -8394.4721        111.5163      -8394.0725        111.5163       6548.6794          0.0000
       4          0.4800      -8378.0931         57.7098      -8377.6935         57.7098       6548.6794          0.0000
       5          0.4700      -8366.0356         30.7265      -8365.6360         30.7265       6548.6794          0.0000
       6          0.5300      -8382.3653         64.5948      -8381.9657         64.5948       6548.6794          0.0000
       7          0.3800      -8374.2836         13.1894      -8373.8840         13.1894       6548.6794          0.0000
       8          0.4600      -8376.2622         13.9177      -8375.8627         13.9177       6548.6794          0.0000
       9          0.5200      -8367.8488         20.2545      -8367.4492         20.2545       6548.6794          0.0000
      10          0.4500      -8379.1841         14.4821      -8378.7845         14.4821       6548.6794          0.0000
      11          0.3700      -8381.3404         12.3371      -8380.9408         12.3371       6548.6794          0.0000
      12          0.4000      -8374.9869         22.6452      -8374.5873         22.6452       6548.6794          0.0000
      13          0.4800      -8357.7012         28.9185      -8357.3016         28.9185       6548.6794          0.0000
      14          0.3800      -8367.8293         12.6705      -8367.4297         12.6705       6548.6794          0.0000
      15          0.3900      -8372.9466         13.8055      -8372.5471         13.8055       6548.6794          0.0000
      16          0.5200      -8385.7308         67.2270      -8385.3312         67.2270       6548.6794          0.0000
      17          0.4100      -8406.3966         68.4293      -8405.9970         68.4293       6548.6794          0.0000
      18          0.4200      -8398.3978         10.7877      -8397.9982         10.7877       6548.6794          0.0000
      19          0.3700      -8400.6528         26.2147      -8400.2532         26.2147       6548.6794          0.0000
     Run          0.4450      -8385.4390        331.2678      -8385.0394        331.2678       6548.6794          0.0000
   Block               -      -8385.4390        295.3812      -8385.0394        295.3812       6548.6794          0.0000
------------------------------------------------------------------------------------------------------------------------

------------------------------ Adjusted Move Sizes -----------------------------
Max. Rotation        =          16.5375  Max. Translation     =         0.165375
Max. Vol. Move       =              361
--------------------------------------------------------------------------------

------------------------ Monte Carlo Simulation Options ------------------------
Acceptance Ratio     =              0.4  Adjust Frequency     =             1000
Blocks               =               10  Input RNG            =             True
Log Frequency        =                1  Max. Rotation        =               15
Max. Translation     =             0.15  Max. Volume Change   =              400
Moves                =              100  Pressure             =                1
Temperature          =              300  Trajectories         =            False
Volume Frequency     =              400
--------------------------------------------------------------------------------

------------------------------------------------------------------------------------------------------------------------
                                               Monte Carlo Run Statistics
------------------------------------------------------------------------------------------------------------------------
  Block      Accept.           <E>           <dE^2>            <H>           <dH^2>            <V>           <dV^2>
------------------------------------------------------------------------------------------------------------------------
       0          0.4800      -8398.2518         39.5903      -8397.8522         39.5903       6548.6794          0.0000
       1          0.4600      -8394.9512        136.9132      -8394.5516        136.9133       6548.6794          0.0000
       2          0.4200      -8383.5715        151.0651      -8383.1719        151.0651       6548.6794          0.0000
       3          0.5700      -8412.7580         31.2067      -8412.3584         31.2066       6548.5606          1.3970
       4          0.4900      -8391.6166         30.7513      -8391.2177         30.7513       6536.8002          0.0000
       5          0.5100      -8384.4610        107.9977      -8384.0621        107.9977       6536.8002          0.0000
       6          0.4400      -8391.0377        100.1093      -8390.6388        100.1093       6536.8002          0.0000
       7          0.4900      -8405.4181         25.0027      -8405.0193         25.0027       6536.8002          0.0000
       8          0.4700      -8404.4014          9.2727      -8404.0025          9.2727       6536.8002          0.0000
       9          0.4400      -8407.4536          8.7917      -8407.0547          8.7917       6536.8002          0.0000
     Run          0.4770      -8397.3921        153.0247      -8396.9929        153.0247       6541.5400         33.8395
   Block               -      -8397.3921         88.9546      -8396.9929         88.9546       6541.5400         33.6998
------------------------------------------------------------------------------------------------------------------------

------------------------------ Adjusted Move Sizes -----------------------------
Max. Rotation        =            15.75  Max. Translation     =           0.1575
Max. Vol. Move       =              420
--------------------------------------------------------------------------------

------------------------ Monte Carlo Simulation Options ------------------------
Acceptance Ratio     =              0.4  Adjust Frequency     =             1000
Blocks               =               20  Input RNG            =             True
Log Frequency        =                1  Max. Rotation        =               15
Max. Translation     =             0.15  Max. Volume Change   =              400
Moves                =              100  Pressure             =                1
Temperature          =              300  Trajectories         =             True
Volume Frequency     =              400
--------------------------------------------------------------------------------

------------------------------------------------------------------------------------------------------------------------
                                               Monte Carlo Run Statistics
------------------------------------------------------------------------------------------------------------------------
  Block      Accept.           <E>           <dE^2>            <H>           <dH^2>            <V>           <dV^2>
------------------------------------------------------------------------------------------------------------------------
       0          0.5400      -8405.0928        104.0498      -8404.6940        104.0498       6536.8002          0.0000
       1          0.4500      -8382.1181          9.5591      -8381.7193          9.5591       6536.8002          0.0000
       2          0.4300      -8385.2549         60.6653      -8384.8560         60.6653       6536.8002          0.0000
       3          0.5000      -8372.7935        107.2460      -8372.3946        107.2460       6536.8002          0.0000
       4          0.4700      -8364.9290         30.9059      -8364.5301         30.9059       6536.8002          0.0000
       5          0.3800      -8375.2573          6.7861      -8374.8584          6.7861       6536.8002          0.0000
       6          0.5100      -8371.3930         48.8447      -8370.9941         48.8447       6536.8002          0.0000
       7          0.5000      -8357.5400         14.3063      -8357.1411         14.3063       6536.8002          0.0000
       8          0.4900      -8349.6126         46.4674      -8349.2138         46.4674       6536.8002          0.0000
       9          0.4100      -8336.9353         18.4484      -8336.5365         18.4484       6536.8002          0.0000
      10          0.5400      -8338.8032          6.5955      -8338.4043          6.5955       6536.8002          0.0000
      11          0.4100      -8342.6274         56.0952      -8342.2285         56.0952       6536.8002          0.0000
      12          0.4900      -8335.9084         29.8233      -8335.5095         29.8233       6536.8002          0.0000
      13          0.4000      -8355.6367        121.7723      -8355.2378        121.7723       6536.8002          0.0000
      14          0.4000      -8377.7393         14.3445      -8377.3404         14.3445       6536.8002          0.0000
      15          0.5000      -8384.8292         20.7608      -8384.4303         20.7608       6536.8002          0.0000
      16          0.4100      -8400.5969         47.3940      -8400.1980         47.3940       6536.8002          0.0000
      17          0.4200      -8397.8681         34.0688      -8397.4692         34.0688       6536.8002          0.0000
      18          0.4500      -8395.8782          5.3934      -8395.4794          5.3934       6536.8002          0.0000
      19          0.4700      -8396.1948         56.8394      -8395.7959         56.8394       6536.8002          0.0000
     Run          0.4585      -8371.3504        529.0865      -8370.9516        529.0865       6536.8002          0.0000
   Block               -      -8371.3504        487.0682      -8370.9516        487.0682       6536.8002          0.0000
------------------------------------------------------------------------------------------------------------------------

------------------------------ Adjusted Move Sizes -----------------------------
Max. Rotation        =          16.5375  Max. Translation     =         0.165375
Max. Vol. Move       =              361
--------------------------------------------------------------------------------

------------------------ Monte Carlo Simulation Options ------------------------
Acceptance Ratio     =              0.4  Adjust Frequency     =             1000
Blocks               =               10  Input RNG            =             True
Log Frequency        =                1  Max. Rotation        =               15
Max. Translation     =             0.15  Max. Volume Change   =              400
Moves                =              100  Pressure             =                1
Temperature          =              300  Trajectories         =            False
Volume Frequency     =              400
--------------------------------------------------------------------------------

------------------------------------------------------------------------------------------------------------------------
                                               Monte Carlo Run Statistics
------------------------------------------------------------------------------------------------------------------------
  Block      Accept.           <E>           <dE^2>            <H>           <dH^2>            <V>           <dV^2>
------------------------------------------------------------------------------------------------------------------------
       0          0.4300      -8397.0652         66.0503      -8396.6663         66.0503       6536.8002          0.0000
       1          0.3800      -8398.8347         98.3371      -8398.4358         98.3371       6536.8002          0.0000
       2          0.4600      -8386.5908         44.2520      -8386.1919         44.2520       6536.8002          0.0000
       3          0.4000      -8383.9480         32.1165      -8383.5492         32.1165       6536.8002          0.0000
       4          0.4800      -8361.0900         54.5091      -8360.6911         54.5091       6536.8002          0.0000
       5          0.4900      -8354.4267         15.7094      -8354.0278         15.7094       6536.8002          0.0000
       6          0.5100      -8356.4609         34.6216      -8356.0621         34.6216       6536.8002          0.0000
       7          0.5400      -8322.2357        265.8849      -8321.8368        265.8849       6536.8002          0.0000
       8          0.5000      -8325.4997         97.4103      -8325.1009         97.4103       6536.8002          0.0000
       9          0.3800      -8325.1427         52.5946      -8324.7438         52.5946       6536.8002          0.0000
     Run          0.4570      -8361.1294        878.7485      -8360.7306        878.7485       6536.8002          0.0000
   Block               -      -8361.1294        802.6000      -8360.7306        802.6000       6536.8002          0.0000
------------------------------------------------------------------------------------------------------------------------

------------------------------ Adjusted Move Sizes -----------------------------
Max. Rotation        =            15.75  Max. Translation     =           0.1575
Max. Vol. Move       =              380
--------------------------------------------------------------------------------

------------------------ Monte Carlo Simulation Options ------------------------
Acceptance Ratio     =              0.4  Adjust Frequency     =             1000
Blocks               =               20  Input RNG            =             True
Log Frequency        =                1  Max. Rotation        =               15
Max. Translation     =             0.15  Max. Volume Change   =              400
Moves                =              100  Pressure             =                1
Temperature          =              300  Trajectories         =             True
Volume Frequency     =              400
--------------------------------------------------------------------------------

------------------------------------------------------------------------------------------------------------------------
                                               Monte Carlo Run Statistics
------------------------------------------------------------------------------------------------------------------------
  Block      Accept.           <E>           <dE^2>            <H>           <dH^2>            <V>           <dV^2>
------------------------------------------------------------------------------------------------------------------------
       0          0.4600      -8306.0411         37.6360      -8305.6422         37.6360       6536.8002          0.0000
       1          0.3400      -8318.5942         10.3587      -8318.1953         10.3587       6536.8002          0.0000
       2          0.5100      -8327.0530         88.8606      -8326.6541         88.8606       6536.8002          0.0000
       3          0.5400      -8329.8357         39.0828      -8329.4368         39.0827       6536.7611          0.1514
       4          0.4700      -8311.1382         48.8256      -8310.7396         48.8256       6532.8900          0.0000
       5          0.5100      -8303.9658         25.9651      -8303.5672         25.9651       6532.8900          0.0000
       6          0.5200      -8324.4613        187.4082      -8324.0627        187.4082       6532.8900          0.0000
       7          0.4800      -8345.4554         29.1395      -8345.0568         29.1395       6532.8900          0.0000
       8          0.4800      -8353.4897         22.6191      -8353.0911         22.6191       6532.8900          0.0000
       9          0.3900      -8353.7679          9.5453      -8353.3693          9.5453       6532.8900          0.0000
      10          0.5000      -8354.6203         31.0201      -8354.2216         31.0201       6532.8900          0.0000
      11          0.4700      -8363.1370         21.1510      -8362.7384         21.1508       6532.6658          4.9784
      12          0.4500      -8349.1815         11.4080      -8348.7842         11.4080       6510.4652          0.0000
      13          0.4000      -8357.6212         53.4840      -8357.2239         53.4840       6510.4652          0.0000
      14          0.4300      -8346.9098         10.9657      -8346.5126         10.9657       6510.4652          0.0000
      15          0.4400      -8337.0429         15.2714      -8336.6456         15.2714       6510.4652          0.0000
      16          0.4500      -8354.2735         15.7969      -8353.8762         15.7969       6510.4652          0.0000
      17          0.4300      -8356.5156         22.7183      -8356.1183         22.7183       6510.4652          0.0000
      18          0.5200      -8350.5208         25.7301      -8350.1235         25.7301       6510.4652          0.0000
      19          0.3900      -8327.7030        158.7515      -8327.3057        158.7550       6511.5987        127.1855
     Run          0.4590      -8338.5664        370.9978      -8338.1683        371.0095       6524.7456        142.0010
   Block               -      -8338.5664        327.7109      -8338.1683        327.7225       6524.7456        135.3852
------------------------------------------------------------------------------------------------------------------------

------------------------------ Adjusted Move Sizes -----------------------------
Max. Rotation        =          16.5375  Max. Translation     =         0.165375
Max. Vol. Move       =              441
--------------------------------------------------------------------------------

------------------------ Monte Carlo Simulation Options ------------------------
Acceptance Ratio     =              0.4  Adjust Frequency     =             1000
Blocks               =               10  Input RNG            =             True
Log Frequency        =                1  Max. Rotation        =               15
Max. Translation     =             0.15  Max. Volume Change   =              400
Moves                =              100  Pressure             =                1
Temperature          =              300  Trajectories         =            False
Volume Frequency     =              400
--------------------------------------------------------------------------------

------------------------------------------------------------------------------------------------------------------------
                                               Monte Carlo Run Statistics
------------------------------------------------------------------------------------------------------------------------
  Block      Accept.           <E>           <dE^2>            <H>           <dH^2>            <V>           <dV^2>
------------------------------------------------------------------------------------------------------------------------
       0          0.4000      -8289.5948         29.7135      -8289.1907         29.7135       6623.8099          0.0000
       1          0.3700      -8281.3144         59.7826      -8280.9102         59.7826       6623.8099          0.0000
       2          0.5000      -8294.7812         34.7680      -8294.3770         34.7680       6623.8099          0.0000
       3          0.4800      -8300.7433         12.1762      -8300.3391         12.1762       6623.8099          0.0000
       4          0.4400      -8293.7048         13.3115      -8293.3006         13.3115       6623.8099          0.0000
       5          0.5500      -8329.7652        508.2934      -8329.3610        508.2934       6623.8099          0.0000
       6          0.5400      -8364.5840         11.4627      -8364.1798         11.4627       6623.8099          0.0000
       7          0.5500      -8376.2231         78.0380      -8375.8189         78.0380       6623.8099          0.0000
       8          0.4200      -8388.0121         32.0995      -8387.6079         32.0995       6623.8099          0.0000
       9          0.4700      -8403.2771         37.8311      -8402.8729         37.8311       6623.8099          0.0000
     Run          0.4720      -8332.2000       2025.3222      -8331.7958       2025.3222       6623.8099          0.0000
   Block               -      -8332.2000       1943.5745      -8331.7958       1943.5745       6623.8099          0.0000
------------------------------------------------------------------------------------------------------------------------

------------------------------ Adjusted Move Sizes -----------------------------
Max. Rotation        =            15.75  Max. Translation     =           0.1575
Max. Vol. Move       =              380
--------------------------------------------------------------------------------

------------------------ Monte Carlo Simulation Options ------------------------
Acceptance Ratio     =              0.4  Adjust Frequency     =             1000
Blocks               =               20  Input RNG            =             True
Log Frequency        =                1  Max. Rotation        =               15
Max. Translation     =             0.15  Max. Volume Change   =              400
Moves                =              100  Pressure             =                1
Temperature          =              300  Trajectories         =             True
Volume Frequency     =              400
--------------------------------------------------------------------------------

------------------------------------------------------------------------------------------------------------------------
                                               Monte Carlo Run Statistics
------------------------------------------------------------------------------------------------------------------------
  Block      Accept.           <E>           <dE^2>            <H>           <dH^2>            <V>           <dV^2>
------------------------------------------------------------------------------------------------------------------------
       0          0.3900      -8416.5213         62.4176      -8416.1171         62.4176       6623.8099          0.0000
       1          0.4500      -8420.1569         39.2900      -8419.7527         39.2900       6623.8099          0.0000
       2          0.4800      -8416.9651         20.0044      -8416.5609         20.0044       6623.8099          0.0000
       3          0.4500      -8410.8455         25.8631      -8410.4413         25.8631       6623.8099          0.0000
       4          0.5000      -8412.2424         19.9240      -8411.8382         19.9240       6623.8099          0.0000
       5          0.5500      -8428.6206         66.6920      -8428.2164         66.6920       6623.8099          0.0000
       6          0.5200      -8422.1564         14.4489      -8421.7522         14.4489       6623.8099          0.0000
       7          0.5600      -8419.7907         29.5315      -8419.3865         29.5315       6623.8099          0.0000
       8          0.5000      -8433.1753        123.1880      -8432.7711        123.1880       6623.8099          0.0000
       9          0.3800      -8437.8504         36.0978      -8437.4462         36.0978       6623.8099          0.0000
      10          0.4100      -8452.2828         31.2848      -8451.8786         31.2848       6623.8099          0.0000
      11          0.4900      -8447.6503         38.1894      -8447.2461         38.1894       6623.8099          0.0000
      12          0.3800      -8438.5894         38.3356      -8438.1852         38.3356       6623.8099          0.0000
      13          0.3600      -8432.8060         30.1686      -8432.4019         30.1686       6623.8099          0.0000
      14          0.3800      -8443.3165         75.7114      -8442.9123         75.7114       6623.8099          0.0000
      15          0.4300      -8438.2321         64.5012      -8437.8279         64.5012       6623.8099          0.0000
      16          0.5400      -8428.8517         60.4548      -8428.4475         60.4548       6623.8099          0.0000
      17          0.4100      -8416.1402         35.5701      -8415.7360         35.5701       6623.8099          0.0000
      18          0.4400      -8408.5637         12.9008      -8408.1595         12.9008       6623.8099          0.0000
      19          0.4600      -8391.5712         24.9062      -8391.1670         24.9062       6623.8099          0.0000
     Run          0.4540      -8425.8164        256.7005      -8425.4122        256.7005       6623.8099          0.0000
   Block               -      -8425.8164        214.2265      -8425.4122        214.2265       6623.8099          0.0000
------------------------------------------------------------------------------------------------------------------------

------------------------------ Adjusted Move Sizes -----------------------------
Max. Rotation        =          16.5375  Max. Translation     =         0.165375
Max. Vol. Move       =              361
--------------------------------------------------------------------------------

------------------------ Monte Carlo Simulation Options ------------------------
Acceptance Ratio     =              0.4  Adjust Frequency     =             1000
Blocks               =               10  Input RNG            =             True
Log Frequency        =                1  Max. Rotation        =               15
Max. Translation     =             0.15  Max. Volume Change   =              400
Moves                =              100  Pressure             =                1
Temperature          =              300  Trajectories         =            False
Volume Frequency     =              400
--------------------------------------------------------------------------------

------------------------------------------------------------------------------------------------------------------------
                                               Monte Carlo Run Statistics
------------------------------------------------------------------------------------------------------------------------
  Block      Accept.           <E>           <dE^2>            <H>           <dH^2>            <V>           <dV^2>
------------------------------------------------------------------------------------------------------------------------
       0          0.4600      -8392.3248         27.9543      -8391.9206         27.9543       6623.8099          0.0000
       1          0.4900      -8396.4250         16.8797      -8396.0208         16.8797       6623.8099          0.0000
       2          0.3900      -8386.9180          7.8004      -8386.5138          7.8004       6623.8099          0.0000
       3          0.5200      -8398.6852         48.8164      -8398.2810         48.8164       6623.8099          0.0000
       4          0.5100      -8403.5094         42.6818      -8403.1052         42.6818       6623.8099          0.0000
       5          0.5300      -8394.2037         63.4580      -8393.7996         63.4580       6623.8099          0.0000
       6          0.5300      -8386.4771         24.7187      -8386.0729         24.7187       6623.8099          0.0000
       7          0.4700      -8385.5334          8.8411      -8385.1292          8.8411       6623.8099          0.0000
       8          0.5500      -8381.0785         44.2828      -8380.6743         44.2828       6623.8099          0.0000
       9          0.4700      -8358.8199         21.2293      -8358.4157         21.2293       6623.8099          0.0000
     Run          0.4920      -8388.3975        169.6923      -8387.9933        169.6923       6623.8099          0.0000
   Block               -      -8388.3975        139.0261      -8387.9933        139.0261       6623.8099          0.0000
------------------------------------------------------------------------------------------------------------------------

------------------------------ Adjusted Move Sizes -----------------------------
Max. Rotation        =            15.75  Max. Translation     =           0.1575
Max. Vol. Move       =              380
--------------------------------------------------------------------------------

------------------------ Monte Carlo Simulation Options ------------------------
Acceptance Ratio     =              0.4  Adjust Frequency     =             1000
Blocks               =               20  Input RNG            =             True
Log Frequency        =                1  Max. Rotation        =               15
Max. Translation     =             0.15  Max. Volume Change   =              400
Moves                =              100  Pressure             =                1
Temperature          =              300  Trajectories         =             True
Volume Frequency     =              400
--------------------------------------------------------------------------------

------------------------------------------------------------------------------------------------------------------------
                                               Monte Carlo Run Statistics
------------------------------------------------------------------------------------------------------------------------
  Block      Accept.           <E>           <dE^2>            <H>           <dH^2>            <V>           <dV^2>
------------------------------------------------------------------------------------------------------------------------
       0          0.5000      -8367.7830         34.1705      -8367.3788         34.1705       6623.8099          0.0000
       1          0.4400      -8376.7334         52.9623      -8376.3293         52.9623       6623.8099          0.0000
       2          0.4200      -8359.7046         75.2229      -8359.3004         75.2229       6623.8099          0.0000
       3          0.3800      -8352.4927        196.9291      -8352.0885        196.9291       6623.8099          0.0000
       4          0.4800      -8328.0860         11.8922      -8327.6818         11.8922       6623.8099          0.0000
       5          0.5100      -8311.0592        129.9984      -8310.6550        129.9984       6623.8099          0.0000
       6          0.4700      -8291.9200         55.4840      -8291.5158         55.4840       6623.8099          0.0000
       7          0.4700      -8285.8826         15.9590      -8285.4784         15.9590       6623.8099          0.0000
       8          0.4600      -8294.3609         42.6977      -8293.9567         42.6977       6623.8099          0.0000
       9          0.4600      -8294.2016          7.6133      -8293.7974          7.6133       6623.8099          0.0000
      10          0.3600      -8277.5391         14.3980      -8277.1349         14.3980       6623.8099          0.0000
      11          0.4600      -8289.2305         43.5424      -8288.8263         43.5424       6623.8099          0.0000
      12          0.4600      -8275.0716         86.0548      -8274.6674         86.0548       6623.8099          0.0000
      13          0.4200      -8236.8982         56.9044      -8236.4940         56.9044       6623.8099          0.0000
      14          0.4600      -8240.8529         29.8124      -8240.4487         29.8124       6623.8099          0.0000
      15          0.5100      -8265.1808         87.1714      -8264.7766         87.1714       6623.8099          0.0000
      16          0.4000      -8275.4795         30.3160      -8275.0753         30.3160       6623.8099          0.0000
      17          0.4800      -8279.9487         38.2359      -8279.5446         38.2359       6623.8099          0.0000
      18          0.4300      -8272.6142         23.8035      -8272.2101         23.8035       6623.8099          0.0000
      19          0.4700      -8269.2350         55.0538      -8268.8309         55.0538       6623.8099          0.0000
     Run          0.4520      -8297.2137       1580.5512      -8296.8095       1580.5512       6623.8099          0.0000
   Block               -      -8297.2137       1526.1401      -8296.8095       1526.1401       6623.8099          0.0000
------------------------------------------------------------------------------------------------------------------------

------------------------------ Adjusted Move Sizes -----------------------------
Max. Rotation        =          16.5375  Max. Translation     =         0.165375
Max. Vol. Move       =              361
--------------------------------------------------------------------------------

------------------------ Monte Carlo Simulation Options ------------------------
Acceptance Ratio     =              0.4  Adjust Frequency     =             1000
Blocks               =               10  Input RNG            =             True
Log Frequency        =                1  Max. Rotation        =               15
Max. Translation     =             0.15  Max. Volume Change   =              400
Moves                =              100  Pressure             =                1
Temperature          =              300  Trajectories         =            False
Volume Frequency     =              400
--------------------------------------------------------------------------------

------------------------------------------------------------------------------------------------------------------------
                                               Monte Carlo Run Statistics
------------------------------------------------------------------------------------------------------------------------
  Block      Accept.           <E>           <dE^2>            <H>           <dH^2>            <V>           <dV^2>
------------------------------------------------------------------------------------------------------------------------
       0          0.5000      -8258.5368         25.6817      -8258.1326         25.6817       6623.8099          0.0000
       1          0.3700      -8258.8946         29.9411      -8258.4904         29.9411       6623.8099          0.0000
       2          0.4000      -8293.4050        678.0823      -8293.0008        678.0823       6623.8099          0.0000
       3          0.4600      -8330.0631         17.7477      -8329.6589         17.7477       6623.8099          0.0000
       4          0.4800      -8333.2198         48.3025      -8332.8156         48.3025       6623.8099          0.0000
       5          0.4900      -8324.8870        108.4672      -8324.4828        108.4672       6623.8099          0.0000
       6          0.4300      -8300.1950         75.5800      -8299.7909         75.5800       6623.8099          0.0000
       7          0.4700      -8313.9949         14.1481      -8313.5908         14.1481       6623.8099          0.0000
       8          0.4300      -8307.0473         30.0815      -8306.6431         30.0815       6623.8099          0.0000
       9          0.5500      -8281.8829        378.1753      -8281.4787        378.1753       6623.8099          0.0000
     Run          0.4580      -8300.2126        805.8597      -8299.8085        805.8597       6623.8099          0.0000
   Block               -      -8300.2126        665.2390      -8299.8085        665.2390       6623.8099          0.0000
------------------------------------------------------------------------------------------------------------------------

------------------------------ Adjusted Move Sizes -----------------------------
Max. Rotation        =            15.75  Max. Translation     =           0.1575
Max. Vol. Move       =              380
--------------------------------------------------------------------------------

------------------------ Monte Carlo Simulation Options ------------------------
Acceptance Ratio     =              0.4  Adjust Frequency     =             1000
Blocks               =               20  Input RNG            =             True
Log Frequency        =                1  Max. Rotation        =               15
Max. Translation     =             0.15  Max. Volume Change   =              400
Moves                =              100  Pressure             =                1
Temperature          =              300  Trajectories         =             True
Volume Frequency     =              400
--------------------------------------------------------------------------------

------------------------------------------------------------------------------------------------------------------------
                                               Monte Carlo Run Statistics
------------------------------------------------------------------------------------------------------------------------
  Block      Accept.           <E>           <dE^2>            <H>           <dH^2>            <V>           <dV^2>
------------------------------------------------------------------------------------------------------------------------
       0          0.5100      -8244.9918         55.9196      -8244.5876         55.9196       6623.8099          0.0000
       1          0.4300      -8242.3828         67.1599      -8241.9787         67.1599       6623.8099          0.0000
       2          0.4700      -8242.0083         84.5193      -8241.6041         84.5193       6623.8099          0.0000
       3          0.4700      -8270.3856         49.5454      -8269.9814         49.5454       6623.8099          0.0000
       4          0.4300      -8277.7016         25.4140      -8277.2974         25.4140       6623.8099          0.0000
       5          0.4700      -8296.6912         87.3755      -8296.2871         87.3755       6623.8099          0.0000
       6          0.4200      -8301.8327          6.9471      -8301.4285          6.9471       6623.8099          0.0000
       7          0.5100      -8290.3864         45.5133      -8289.9822         45.5133       6623.8099          0.0000
       8          0.5000      -8278.0660         74.0507      -8277.6618         74.0507       6623.8099          0.0000
       9          0.4700      -8295.2214        169.6264      -8294.8173        169.6264       6623.8099          0.0000
      10          0.4200      -8329.4237         31.9187      -8329.0195         31.9187       6623.8099          0.0000
      11          0.3800      -8340.9049         24.3939      -8340.5007         24.3939       6623.8099          0.0000
      12          0.3400      -8350.0143         69.9404      -8349.6101         69.9404       6623.8099          0.0000
      13          0.6000      -8338.9129        100.0541      -8338.5088        100.0541       6623.8099          0.0000
      14          0.4300      -8332.5898         22.5791      -8332.1856         22.5791       6623.8099          0.0000
      15          0.4200      -8334.5105         45.9328      -8334.1063         45.9328       6623.8099          0.0000
      16          0.4300      -8341.4254         92.4189      -8341.0212         92.4189       6623.8099          0.0000
      17          0.4400      -8365.6204         20.9183      -8365.2162         20.9183       6623.8099          0.0000
      18          0.4900      -8367.8454         47.2274      -8367.4412         47.2274       6623.8099          0.0000
      19          0.4500      -8343.4960         94.7760      -8343.0919         94.7760       6623.8099          0.0000
     Run          0.4540      -8309.2205       1626.7054      -8308.8164       1626.7054       6623.8099          0.0000
   Block               -      -8309.2205       1565.8938      -8308.8164       1565.8938       6623.8099          0.0000
------------------------------------------------------------------------------------------------------------------------

------------------------------ Adjusted Move Sizes -----------------------------
Max. Rotation        =          16.5375  Max. Translation     =         0.165375
Max. Vol. Move       =              361
--------------------------------------------------------------------------------

------------------------ Monte Carlo Simulation Options ------------------------
Acceptance Ratio     =              0.4  Adjust Frequency     =             1000
Blocks               =               10  Input RNG            =             True
Log Frequency        =                1  Max. Rotation        =               15
Max. Translation     =             0.15  Max. Volume Change   =              400
Moves                =              100  Pressure             =                1
Temperature          =              300  Trajectories         =            False
Volume Frequency     =              400
--------------------------------------------------------------------------------

------------------------------------------------------------------------------------------------------------------------
                                               Monte Carlo Run Statistics
------------------------------------------------------------------------------------------------------------------------
  Block      Accept.           <E>           <dE^2>            <H>           <dH^2>            <V>           <dV^2>
------------------------------------------------------------------------------------------------------------------------
       0          0.4900      -8334.4661         50.9094      -8334.0619         50.9094       6623.8099          0.0000
       1          0.4800      -8339.5327         15.9431      -8339.1286         15.9431       6623.8099          0.0000
       2          0.4800      -8348.1370         31.6568      -8347.7328         31.6568       6623.8099          0.0000
       3          0.5500      -8324.2748        157.7556      -8323.8707        157.7538       6622.5184        165.1372
       4          0.3800      -8330.3002        116.0520      -8329.9039        116.0520       6494.6568          0.0000
       5          0.3900      -8338.3280         28.6567      -8337.9317         28.6567       6494.6568          0.0000
       6          0.4500      -8366.4359         82.5649      -8366.0396         82.5649       6494.6568          0.0000
       7          0.4400      -8384.8858         55.1957      -8384.4894         55.1987       6496.3366        279.3627
       8          0.4700      -8357.3120         38.4999      -8356.9055         38.4999       6662.6403          0.0000
       9          0.5000      -8345.6902         28.7813      -8345.2836         28.7813       6662.6403          0.0000
     Run          0.4630      -8346.9363        361.1795      -8346.5348        361.2250       6579.9536       5051.8996
   Block               -      -8346.9363        300.5780      -8346.5348        300.6233       6579.9536       5007.4496
------------------------------------------------------------------------------------------------------------------------

------------------------------ Adjusted Move Sizes -----------------------------
Max. Rotation        =            15.75  Max. Translation     =           0.1575
Max. Vol. Move       =              420
--------------------------------------------------------------------------------

------------------------ Monte Carlo Simulation Options ------------------------
Acceptance Ratio     =              0.4  Adjust Frequency     =             1000
Blocks               =               20  Input RNG            =             True
Log Frequency        =                1  Max. Rotation        =               15
Max. Translation     =             0.15  Max. Volume Change   =              400
Moves                =              100  Pressure             =                1
Temperature          =              300  Trajectories         =             True
Volume Frequency     =              400
--------------------------------------------------------------------------------

------------------------------------------------------------------------------------------------------------------------
                                               Monte Carlo Run Statistics
------------------------------------------------------------------------------------------------------------------------
  Block      Accept.           <E>           <dE^2>            <H>           <dH^2>            <V>           <dV^2>
------------------------------------------------------------------------------------------------------------------------
       0          0.5200      -8336.2904        103.9028      -8335.8839        103.9028       6662.6403          0.0000
       1          0.4900      -8332.8420         13.3049      -8332.4355         13.3049       6662.6403          0.0000
       2          0.4600      -8343.5463         97.0470      -8343.1398         97.0470       6662.6403          0.0000
       3          0.3800      -8356.9590         31.4230      -8356.5525         31.4227       6662.1304         25.7391
       4          0.4100      -8355.3934         11.2863      -8354.9900         11.2863       6611.6510          0.0000
       5          0.4800      -8359.7854          6.5506      -8359.3820          6.5506       6611.6510          0.0000
       6          0.4900      -8342.0977        178.8747      -8341.6942        178.8747       6611.6510          0.0000
       7          0.4300      -8311.5438         33.3667      -8311.1404         33.3667       6611.6510          0.0000
       8          0.4800      -8317.7726         10.5866      -8317.3692         10.5866       6611.6510          0.0000
       9          0.4500      -8302.2915         39.2084      -8301.8881         39.2084       6611.6510          0.0000
      10          0.4300      -8315.3641         13.9965      -8314.9607         13.9965       6611.6510          0.0000
      11          0.3400      -8320.8675         29.3382      -8320.4641         29.3382       6611.6510          0.0000
      12          0.4700      -8322.5401         46.9733      -8322.1367         46.9733       6611.6510          0.0000
      13          0.4500      -8309.1720          6.3444      -8308.7685          6.3444       6611.6510          0.0000
      14          0.4300      -8305.3017         23.0386      -8304.8983         23.0386       6611.6510          0.0000
      15          0.4900      -8315.1755         65.9061      -8314.7721         65.9098       6610.4131        151.7093
      16          0.4300      -8331.7950         29.3573      -8331.3991         29.3573       6487.8601          0.0000
      17          0.4700      -8317.0203         51.3258      -8316.6245         51.3258       6487.8601          0.0000
      18          0.4600      -8313.6456        230.7594      -8313.2497        230.7594       6487.8601          0.0000
      19          0.4000      -8329.9072         10.4390      -8329.5113         10.4390       6487.8601          0.0000
     Run          0.4480      -8326.9656        339.9533      -8326.5630        339.9226       6597.0033       3376.6236
   Block               -      -8326.9656        288.3018      -8326.5630        288.2709       6597.0033       3367.7511
------------------------------------------------------------------------------------------------------------------------

------------------------------ Adjusted Move Sizes -----------------------------
Max. Rotation        =          16.5375  Max. Translation     =         0.165375
Max. Vol. Move       =              399
--------------------------------------------------------------------------------

------------------------ Monte Carlo Simulation Options ------------------------
Acceptance Ratio     =              0.4  Adjust Frequency     =             1000
Blocks               =               10  Input RNG            =             True
Log Frequency        =                1  Max. Rotation        =               15
Max. Translation     =             0.15  Max. Volume Change   =              400
Moves                =              100  Pressure             =                1
Temperature          =              300  Trajectories         =            False
Volume Frequency     =              400
--------------------------------------------------------------------------------

------------------------------------------------------------------------------------------------------------------------
                                               Monte Carlo Run Statistics
------------------------------------------------------------------------------------------------------------------------
  Block      Accept.           <E>           <dE^2>            <H>           <dH^2>            <V>           <dV^2>
------------------------------------------------------------------------------------------------------------------------
       0          0.4200      -8329.7953          7.7584      -8329.3994          7.7584       6487.8601          0.0000
       1          0.5000      -8331.6443         63.6551      -8331.2485         63.6551       6487.8601          0.0000
       2          0.4200      -8346.8792         18.7047      -8346.4833         18.7047       6487.8601          0.0000
       3          0.3900      -8348.6027         13.6656      -8348.2068         13.6656       6487.8601          0.0000
       4          0.5000      -8362.0003         47.7707      -8361.6044         47.7707       6487.8601          0.0000
       5          0.4900      -8373.1258         56.3536      -8372.7299         56.3536       6487.8601          0.0000
       6          0.5000      -8382.9199         23.6453      -8382.5241         23.6453       6487.8601          0.0000
       7          0.4100      -8386.1350         44.5621      -8385.7391         44.5621       6487.8601          0.0000
       8          0.5000      -8365.1948         47.4454      -8364.7989         47.4454       6487.8601          0.0000
       9          0.4700      -8365.2268         16.3193      -8364.8309         16.3193       6487.8601          0.0000
     Run          0.4600      -8359.1524        379.0070      -8358.7565        379.0070       6487.8601          0.0000
   Block               -      -8359.1524        345.0190      -8358.7565        345.0190       6487.8601          0.0000
------------------------------------------------------------------------------------------------------------------------

------------------------------ Adjusted Move Sizes -----------------------------
Max. Rotation        =            15.75  Max. Translation     =           0.1575
Max. Vol. Move       =              380
--------------------------------------------------------------------------------

------------------------ Monte Carlo Simulation Options ------------------------
Acceptance Ratio     =              0.4  Adjust Frequency     =             1000
Blocks               =               20  Input RNG            =             True
Log Frequency        =                1  Max. Rotation        =               15
Max. Translation     =             0.15  Max. Volume Change   =              400
Moves                =              100  Pressure             =                1
Temperature          =              300  Trajectories         =             True
Volume Frequency     =              400
--------------------------------------------------------------------------------

------------------------------------------------------------------------------------------------------------------------
                                               Monte Carlo Run Statistics
------------------------------------------------------------------------------------------------------------------------
  Block      Accept.           <E>           <dE^2>            <H>           <dH^2>            <V>           <dV^2>
------------------------------------------------------------------------------------------------------------------------
       0          0.4000      -8351.3562         42.6165      -8350.9603         42.6165       6487.8601          0.0000
       1          0.4600      -8343.9307         45.0993      -8343.5348         45.0993       6487.8601          0.0000
       2          0.4900      -8338.3850         19.4119      -8337.9892         19.4119       6487.8601          0.0000
       3          0.4300      -8337.4036         31.2346      -8337.0078         31.2346       6487.8601          0.0000
       4          0.5700      -8339.1222         89.2789      -8338.7263         89.2789       6487.8601          0.0000
       5          0.4300      -8357.6714         93.5683      -8357.2755         93.5683       6487.8601          0.0000
       6          0.4700      -8373.5251         21.9335      -8373.1292         21.9335       6487.8601          0.0000
       7          0.4300      -8381.3760         46.4748      -8380.9801         46.4748       6487.8601          0.0000
       8          0.5200      -8378.2491         57.8714      -8377.8532         57.8714       6487.8601          0.0000
       9          0.3800      -8337.8072        178.7321      -8337.4114        178.7321       6487.8601          0.0000
      10          0.4800      -8320.3765         55.9945      -8319.9806         55.9945       6487.8601          0.0000
      11          0.4700      -8334.0808         22.3615      -8333.6849         22.3615       6487.8601          0.0000
      12          0.4800      -8319.0899         31.0890      -8318.6940         31.0890       6487.8601          0.0000
      13          0.4100      -8319.9895         95.8517      -8319.5936         95.8517       6487.8601          0.0000
      14          0.3600      -8306.9753         13.8146      -8306.5794         13.8146       6487.8601          0.0000
      15          0.3800      -8309.9268         25.0499      -8309.5309         25.0495       6488.3261         21.4917
      16          0.4000      -8317.1920         68.0128      -8316.7933         68.0128       6534.4528          0.0000
      17          0.4800      -8314.8642         61.1065      -8314.4654         61.1065       6534.4528          0.0000
      18          0.4700      -8309.6816         24.8875      -8309.2828         24.8875       6534.4528          0.0000
      19          0.3600      -8302.5307         61.8064      -8302.1319         61.8123       6536.1816        295.8705
     Run          0.4435      -8334.6767        600.8962      -8334.2802        600.9238       6497.2884        369.3665
   Block               -      -8334.6767        546.5865      -8334.2802        546.6137       6497.2884        353.4984
------------------------------------------------------------------------------------------------------------------------

------------------------------ Adjusted Move Sizes -----------------------------
Max. Rotation        =          16.5375  Max. Translation     =         0.165375
Max. Vol. Move       =              399
--------------------------------------------------------------------------------

------------------------ Monte Carlo Simulation Options ------------------------
Acceptance Ratio     =              0.4  Adjust Frequency     =             1000
Blocks               =               10  Input RNG            =             True
Log Frequency        =                1  Max. Rotation        =               15
Max. Translation     =             0.15  Max. Volume Change   =              400
Moves                =              100  Pressure             =                1
Temperature          =              300  Trajectories         =            False
Volume Frequency     =              400
--------------------------------------------------------------------------------

------------------------------------------------------------------------------------------------------------------------
                                               Monte Carlo Run Statistics
------------------------------------------------------------------------------------------------------------------------
  Block      Accept.           <E>           <dE^2>            <H>           <dH^2>            <V>           <dV^2>
------------------------------------------------------------------------------------------------------------------------
       0          0.5100      -8278.5175         72.1082      -8278.1082         72.1082       6707.3282          0.0000
       1          0.3800      -8291.3050         93.4871      -8290.8958         93.4871       6707.3282          0.0000
       2          0.4200      -8277.3382         29.1377      -8276.9289         29.1377       6707.3282          0.0000
       3          0.4800      -8266.8454         60.7474      -8266.4362         60.7474       6707.3282          0.0000
       4          0.4500      -8267.3691         25.1361      -8266.9598         25.1361       6707.3282          0.0000
       5          0.5400      -8252.7948         38.2473      -8252.3855         38.2473       6707.3282          0.0000
       6          0.4600      -8253.1208         52.9312      -8252.7115         52.9312       6707.3282          0.0000
       7          0.4300      -8276.7492         47.5940      -8276.3399         47.5940       6707.3282          0.0000
       8          0.4100      -8287.1561         62.2630      -8286.7468         62.2630       6707.3282          0.0000
       9          0.4500      -8295.2003         16.8181      -8294.7910         16.8181       6707.3282          0.0000
     Run          0.4530      -8274.6396        243.6248      -8274.2304        243.6248       6707.3282          0.0000
   Block               -      -8274.6396        193.7778      -8274.2304        193.7778       6707.3282          0.0000
------------------------------------------------------------------------------------------------------------------------

------------------------------ Adjusted Move Sizes -----------------------------
Max. Rotation        =            15.75  Max. Translation     =           0.1575
Max. Vol. Move       =              380
--------------------------------------------------------------------------------

------------------------ Monte Carlo Simulation Options ------------------------
Acceptance Ratio     =              0.4  Adjust Frequency     =             1000
Blocks               =               20  Input RNG            =             True
Log Frequency        =                1  Max. Rotation        =               15
Max. Translation     =             0.15  Max. Volume Change   =              400
Moves                =              100  Pressure             =                1
Temperature          =              300  Trajectories         =             True
Volume Frequency     =              400
--------------------------------------------------------------------------------

------------------------------------------------------------------------------------------------------------------------
                                               Monte Carlo Run Statistics
------------------------------------------------------------------------------------------------------------------------
  Block      Accept.           <E>           <dE^2>            <H>           <dH^2>            <V>           <dV^2>
------------------------------------------------------------------------------------------------------------------------
       0          0.5300      -8284.7370         25.2788      -8284.3278         25.2788       6707.3282          0.0000
       1          0.5000      -8298.7523         27.2442      -8298.3430         27.2442       6707.3282          0.0000
       2          0.4300      -8290.0890        152.7622      -8289.6798        152.7622       6707.3282          0.0000
       3          0.4300      -8266.2091         17.1851      -8265.7999         17.1851       6707.3282          0.0000
       4          0.5100      -8249.9552         78.3111      -8249.5459         78.3111       6707.3282          0.0000
       5          0.4000      -8246.7783         67.9396      -8246.3690         67.9396       6707.3282          0.0000
       6          0.5000      -8223.2945         32.2786      -8222.8852         32.2786       6707.3282          0.0000
       7          0.5100      -8244.4665          5.5090      -8244.0573          5.5090       6707.3282          0.0000
       8          0.5100      -8218.0879        123.5079      -8217.6786        123.5079       6707.3282          0.0000
       9          0.4900      -8242.3540         20.5584      -8241.9448         20.5584       6707.3282          0.0000
      10          0.3700      -8248.1559          6.5406      -8247.7467          6.5406       6707.3282          0.0000
      11          0.4000      -8242.8517          8.2724      -8242.4424          8.2724       6707.3282          0.0000
      12          0.3700      -8248.1626         20.8071      -8247.7533         20.8071       6707.3282          0.0000
      13          0.4300      -8233.7756         11.7393      -8233.3663         11.7393       6707.3282          0.0000
      14          0.4400      -8230.2091         22.0911      -8229.7999         22.0911       6707.3282          0.0000
      15          0.3700      -8243.0637         37.2365      -8242.6545         37.2409       6705.9633        184.4467
      16          0.5100      -8274.3597         25.9550      -8273.9587         25.9550       6570.8329          0.0000
      17          0.4100      -8288.2290         84.5388      -8287.8280         84.5388       6570.8329          0.0000
      18          0.5000      -8300.5408         14.1071      -8300.1399         14.1071       6570.8329          0.0000
      19          0.4800      -8292.8064         50.0961      -8292.4055         50.0961       6570.8329          0.0000
     Run          0.4545      -8258.3439        696.3195      -8257.9363        696.4217       6679.9609       2986.5407
   Block               -      -8258.3439        654.7215      -8257.9363        654.8235       6679.9609       2977.3184
------------------------------------------------------------------------------------------------------------------------

------------------------------ Adjusted Move Sizes -----------------------------
Max. Rotation        =          16.5375  Max. Translation     =         0.165375
Max. Vol. Move       =              361
--------------------------------------------------------------------------------

------------------------ Monte Carlo Simulation Options ------------------------
Acceptance Ratio     =              0.4  Adjust Frequency     =             1000
Blocks               =               10  Input RNG            =             True
Log Frequency        =                1  Max. Rotation        =               15
Max. Translation     =             0.15  Max. Volume Change   =              400
Moves                =              100  Pressure             =                1
Temperature          =              300  Trajectories         =            False
Volume Frequency     =              400
--------------------------------------------------------------------------------

------------------------------------------------------------------------------------------------------------------------
                                               Monte Carlo Run Statistics
------------------------------------------------------------------------------------------------------------------------
  Block      Accept.           <E>           <dE^2>            <H>           <dH^2>            <V>           <dV^2>
------------------------------------------------------------------------------------------------------------------------
       0          0.4300      -8320.5483         59.9551      -8320.1474         59.9551       6570.8329          0.0000
       1          0.5000      -8341.6567         74.6368      -8341.2557         74.6368       6570.8329          0.0000
       2          0.5100      -8365.3061          9.8629      -8364.9052          9.8629       6570.8329          0.0000
       3          0.4500      -8377.6036         37.4851      -8377.2026         37.4851       6570.8329          0.0000
       4          0.3900      -8379.3948         17.3871      -8378.9938         17.3871       6570.8329          0.0000
       5          0.5100      -8366.7117         17.9549      -8366.3107         17.9549       6570.8329          0.0000
       6          0.4000      -8363.0277         24.5194      -8362.6268         24.5194       6570.8329          0.0000
       7          0.4800      -8373.2688         33.7639      -8372.8679         33.7642       6570.2988         28.2391
       8          0.4600      -8388.0856         24.7750      -8387.6879         24.7750       6517.4247          0.0000
       9          0.4800      -8396.1372         11.5841      -8395.7396         11.5841       6517.4247          0.0000
     Run          0.4610      -8367.1741        472.9340      -8366.7738        472.9666       6560.0979        458.0984
   Block               -      -8367.1741        441.7416      -8366.7738        441.7741       6560.0979        455.2745
------------------------------------------------------------------------------------------------------------------------

------------------------------ Adjusted Move Sizes -----------------------------
Max. Rotation        =            15.75  Max. Translation     =           0.1575
Max. Vol. Move       =              420
--------------------------------------------------------------------------------

------------------------ Monte Carlo Simulation Options ------------------------
Acceptance Ratio     =              0.4  Adjust Frequency     =             1000
Blocks               =               20  Input RNG            =             True
Log Frequency        =                1  Max. Rotation        =               15
Max. Translation     =             0.15  Max. Volume Change   =              400
Moves                =              100  Pressure             =                1
Temperature          =              300  Trajectories         =             True
Volume Frequency     =              400
--------------------------------------------------------------------------------

------------------------------------------------------------------------------------------------------------------------
                                               Monte Carlo Run Statistics
------------------------------------------------------------------------------------------------------------------------
  Block      Accept.           <E>           <dE^2>            <H>           <dH^2>            <V>           <dV^2>
------------------------------------------------------------------------------------------------------------------------
       0          0.5800      -8403.7689         41.6150      -8403.3712         41.6150       6517.4247          0.0000
       1          0.4400      -8421.9411         53.8656      -8421.5434         53.8656       6517.4247          0.0000
       2          0.5100      -8391.7039        182.5393      -8391.3062        182.5393       6517.4247          0.0000
       3          0.4200      -8355.3209         55.7546      -8354.9232         55.7546       6517.4247          0.0000
       4          0.4300      -8346.6765          7.6567      -8346.2788          7.6567       6517.4247          0.0000
       5          0.4600      -8372.5652         48.2226      -8372.1675         48.2226       6517.4247          0.0000
       6          0.4500      -8380.1343         48.8412      -8379.7366         48.8412       6517.4247          0.0000
       7          0.3700      -8384.1301         23.7535      -8383.7324         23.7537       6517.5905          2.7218
       8          0.4700      -8376.4743         43.7527      -8376.0756         43.7527       6534.0057          0.0000
       9          0.5800      -8368.5539         63.0312      -8368.1552         63.0312       6534.0057          0.0000
      10          0.4800      -8348.4550         77.1788      -8348.0563         77.1788       6534.0057          0.0000
      11          0.4000      -8328.1533         27.4700      -8327.7546         27.4720       6534.9165         82.1417
      12          0.4000      -8305.7040         17.9210      -8305.2998         17.9210       6625.0943          0.0000
      13          0.4200      -8275.3598        144.1328      -8274.9555        144.1328       6625.0943          0.0000
      14          0.4600      -8274.1435         28.4998      -8273.7392         28.4998       6625.0943          0.0000
      15          0.4100      -8272.3622         70.4764      -8271.9579         70.4764       6625.0943          0.0000
      16          0.4700      -8262.4194         13.8000      -8262.0152         13.8000       6625.0943          0.0000
      17          0.4900      -8296.9118         99.7416      -8296.5075         99.7416       6625.0943          0.0000
      18          0.4200      -8299.4647         22.7385      -8299.0605         22.7385       6625.0943          0.0000
      19          0.4500      -8290.2562          7.6765      -8289.8520          7.6765       6624.9214          2.9583
     Run          0.4555      -8337.7249       2397.2112      -8337.3244       2397.4835       6563.8539       2540.4942
   Block               -      -8337.7249       2343.2778      -8337.3244       2343.5500       6563.8539       2536.1031
------------------------------------------------------------------------------------------------------------------------

------------------------------ Adjusted Move Sizes -----------------------------
Max. Rotation        =          16.5375  Max. Translation     =         0.165375
Max. Vol. Move       =              441
--------------------------------------------------------------------------------

------------------------ Monte Carlo Simulation Options ------------------------
Acceptance Ratio     =              0.4  Adjust Frequency     =             1000
Blocks               =               10  Input RNG            =             True
Log Frequency        =                1  Max. Rotation        =               15
Max. Translation     =             0.15  Max. Volume Change   =              400
Moves                =              100  Pressure             =                1
Temperature          =              300  Trajectories         =            False
Volume Frequency     =              400
--------------------------------------------------------------------------------

------------------------------------------------------------------------------------------------------------------------
                                               Monte Carlo Run Statistics
------------------------------------------------------------------------------------------------------------------------
  Block      Accept.           <E>           <dE^2>            <H>           <dH^2>            <V>           <dV^2>
------------------------------------------------------------------------------------------------------------------------
       0          0.4700      -8293.4922         16.2479      -8293.0890         16.2479       6607.8079          0.0000
       1          0.5100      -8302.3591         22.1200      -8301.9559         22.1200       6607.8079          0.0000
       2          0.4700      -8303.3183          3.6896      -8302.9151          3.6896       6607.8079          0.0000
       3          0.4600      -8298.9396         23.1771      -8298.5364         23.1771       6607.8079          0.0000
       4          0.4100      -8321.0243         45.7090      -8320.6211         45.7090       6607.8079          0.0000
       5          0.4800      -8328.6991         20.6565      -8328.2958         20.6565       6607.8079          0.0000
       6          0.4400      -8349.5098         62.8850      -8349.1066         62.8850       6607.8079          0.0000
       7          0.4600      -8362.8567         23.8179      -8362.4535         23.8179       6607.8079          0.0000
       8          0.4300      -8348.4731         24.1816      -8348.0699         24.1816       6607.8079          0.0000
       9          0.5000      -8350.9446         83.4098      -8350.5414         83.4098       6607.8079          0.0000
     Run          0.4630      -8325.9617        625.8702      -8325.5585        625.8702       6607.8079          0.0000
   Block               -      -8325.9617        593.2808      -8325.5585        593.2808       6607.8079          0.0000
------------------------------------------------------------------------------------------------------------------------

------------------------------ Adjusted Move Sizes -----------------------------
Max. Rotation        =            15.75  Max. Translation     =           0.1575
Max. Vol. Move       =              380
--------------------------------------------------------------------------------

------------------------ Monte Carlo Simulation Options ------------------------
Acceptance Ratio     =              0.4  Adjust Frequency     =             1000
Blocks               =               20  Input RNG            =             True
Log Frequency        =                1  Max. Rotation        =               15
Max. Translation     =             0.15  Max. Volume Change   =              400
Moves                =              100  Pressure             =                1
Temperature          =              300  Trajectories         =             True
Volume Frequency     =              400
--------------------------------------------------------------------------------

------------------------------------------------------------------------------------------------------------------------
                                               Monte Carlo Run Statistics
------------------------------------------------------------------------------------------------------------------------
  Block      Accept.           <E>           <dE^2>            <H>           <dH^2>            <V>           <dV^2>
------------------------------------------------------------------------------------------------------------------------
       0          0.5200      -8325.2272         81.3121      -8324.8240         81.3121       6607.8079          0.0000
       1          0.5000      -8321.2319         92.1932      -8320.8287         92.1932       6607.8079          0.0000
       2          0.5700      -8336.4862         26.6437      -8336.0830         26.6437       6607.8079          0.0000
       3          0.4400      -8331.4850         17.0521      -8331.0818         17.0521       6607.8079          0.0000
       4          0.4600      -8323.6948         45.9421      -8323.2916         45.9421       6607.8079          0.0000
       5          0.5200      -8294.7268        198.6268      -8294.3236        198.6268       6607.8079          0.0000
       6          0.5300      -8296.2554        162.6226      -8295.8522        162.6226       6607.8079          0.0000
       7          0.5000      -8327.3046         97.0158      -8326.9014         97.0162       6607.6462          2.5909
       8          0.4400      -8339.1847         26.8314      -8338.7825         26.8314       6591.6304          0.0000
       9          0.4000      -8349.5142         38.4746      -8349.1120         38.4746       6591.6304          0.0000
      10          0.4400      -8345.8826         30.4860      -8345.4804         30.4860       6591.6304          0.0000
      11          0.3800      -8357.7448        226.2048      -8357.3426        226.2048       6591.6304          0.0000
      12          0.4300      -8368.5354         15.9039      -8368.1332         15.9039       6591.6304          0.0000
      13          0.4800      -8367.1955         34.5835      -8366.7933         34.5835       6591.6304          0.0000
      14          0.4600      -8368.3844         22.2858      -8367.9822         22.2858       6591.6304          0.0000
      15          0.3800      -8367.5549         62.4741      -8367.1527         62.4741       6591.6304          0.0000
      16          0.3800      -8374.6191         30.8134      -8374.2169         30.8134       6591.6304          0.0000
      17          0.4200      -8363.2105         52.2417      -8362.8083         52.2417       6591.6304          0.0000
      18          0.5100      -8358.4259         73.0624      -8358.0237         73.0624       6591.6304          0.0000
      19          0.4100      -8360.3322         31.1415      -8359.9300         31.1415       6591.6304          0.0000
     Run          0.4585      -8343.8498        608.2355      -8343.4472        608.2547       6598.0933         62.7845
   Block               -      -8343.8498        539.9400      -8343.4472        539.9591       6598.0933         62.6550
------------------------------------------------------------------------------------------------------------------------

------------------------------ Adjusted Move Sizes -----------------------------
Max. Rotation        =          16.5375  Max. Translation     =         0.165375
Max. Vol. Move       =              399
--------------------------------------------------------------------------------

------------------------------------------------------------------------
                        Calculated Free Energies
------------------------------------------------------------------------
  Lambda I    Lambda J      dG (I->J)       dG (I<-J)     dG (average)
------------------------------------------------------------------------
      1.0000      0.9000     -7.1760e-01      4.4634e+00     -2.5905e+00
      0.9000      0.8000     -8.8547e-01      1.4158e+00     -1.1506e+00
      0.8000      0.7000      3.7540e-01     -1.1091e-01      2.4316e-01
      0.7000      0.6000      1.1088e+00     -1.1612e+00      1.1350e+00
      0.6000      0.5000      1.1857e+00     -3.4236e-01      7.6405e-01
      0.5000      0.4000      7.7825e-01     -6.1873e-01      6.9849e-01
      0.4000      0.3000      6.4297e-01     -6.1316e-01      6.2807e-01
      0.3000      0.2000      3.7174e-01     -3.6857e-01      3.7015e-01
      0.2000      0.1000      1.2600e-01     -1.5221e-01      1.3911e-01
      0.1000      0.0000      1.5479e-02     -8.4322e-03      1.1956e-02
Total:}                            3.001           2.504           0.249
------------------------------------------------------------------------
