
--------------------------------------------------------------------------------
  Summary for System "Cyclohexane twistboat conformation - OPLS-AA optimized."
--------------------------------------------------------------------------------

---------------------------- Atom Container Summary ----------------------------
Number of Atoms        =             18  Number of Heavy Atoms  =              6
Number of Hydrogens    =             12  Number of Unknowns     =              0
--------------------------------------------------------------------------------

----------------------------- Connectivity Summary -----------------------------
Atoms                  =             18  Bonds                  =             18
Angles                 =             36  Dihedrals              =             54
Isolates               =              1  Ring Sets              =              1
--------------------------------------------------------------------------------

--------------------------------------------------------------------------------
                      Summary for Energy Model "OPLS/Full"
--------------------------------------------------------------------------------

------------------------------------ Summary for MM Model "OPLS" -----------------------------------
LJ 1-4 Scaling                   =          0.500  El. 1-4 Scaling                  =          0.500
Number of MM Atoms               =             18  Number of MM Atom Types          =              2
Total MM Charge                  =           0.00  Fourier Dihedral Terms           =             66
Fourier Dihedral Parameters      =              5  Harmonic Angle Terms             =             36
Harmonic Angle Parameters        =              3  Harmonic Bond Terms              =             18
Harmonic Bond Parameters         =              2  Exclusions                       =            105
1-4 Interactions                 =             51  Lennard-Jones Form               =           OPLS
Lennard-Jones Types              =              2  1-4 Lennard-Jones Form           =           OPLS
1-4 Lennard-Jones Types          =              2
----------------------------------------------------------------------------------------------------

----------------------------- Full NB Model Summary ----------------------------
Dielectric                =    1.000000  El. 1-4 Scaling           =    0.500000
QC/MM Coupling            = RC Coupling
--------------------------------------------------------------------------------

Full NB Model State set up.

--------------------------------- Summary of Energy Terms --------------------------------
Potential Energy          =         145.3062  RMS Gradient              =             None
Fourier Dihedral          =         121.4110  Harmonic Angle            =           3.1358
Harmonic Bond             =           1.0965  MM/MM Elect.              =          12.7851
MM/MM 1-4 Elect.          =          -3.9376  MM/MM LJ                  =          -2.3235
MM/MM 1-4 LJ              =          13.1389
------------------------------------------------------------------------------------------

------------------------------------------------------------------------------------------------
                                 Harmonic Frequencies (cm^(-1))
------------------------------------------------------------------------------------------------
      -0.000      -0.000      -0.000       0.000       0.000       0.000     103.617     277.819
     324.882     453.204     454.896     581.453     689.199     704.301     741.282     797.765
     804.015     829.440     845.131     897.018     931.429     950.076     952.917     974.247
    1096.522    1101.938    1110.043    1115.995    1121.255    1139.602    1265.415    1292.575
    1319.508    1327.990    1347.845    1351.173    1409.002    1409.761    1424.717    1442.896
    1450.060    1465.160    2910.338    2912.833    2913.493    2916.841    2916.939    2919.624
    2973.069    2974.224    2975.084    2976.081    2977.942    2978.124
------------------------------------------------------------------------------------------------

--------------------------------------------------------------------------------
    Summary for System "Cyclohexane chair conformation - OPLS-AA optimized."
--------------------------------------------------------------------------------

---------------------------- Atom Container Summary ----------------------------
Number of Atoms        =             18  Number of Heavy Atoms  =              6
Number of Hydrogens    =             12  Number of Unknowns     =              0
--------------------------------------------------------------------------------

----------------------------- Connectivity Summary -----------------------------
Atoms                  =             18  Bonds                  =             18
Angles                 =             36  Dihedrals              =             54
Isolates               =              1  Ring Sets              =              1
--------------------------------------------------------------------------------

--------------------------------------------------------------------------------
                      Summary for Energy Model "OPLS/Full"
--------------------------------------------------------------------------------

------------------------------------ Summary for MM Model "OPLS" -----------------------------------
LJ 1-4 Scaling                   =          0.500  El. 1-4 Scaling                  =          0.500
Number of MM Atoms               =             18  Number of MM Atom Types          =              2
Total MM Charge                  =           0.00  Fourier Dihedral Terms           =             66
Fourier Dihedral Parameters      =              5  Harmonic Angle Terms             =             36
Harmonic Angle Parameters        =              3  Harmonic Bond Terms              =             18
Harmonic Bond Parameters         =              2  Exclusions                       =            105
1-4 Interactions                 =             51  Lennard-Jones Form               =           OPLS
Lennard-Jones Types              =              2  1-4 Lennard-Jones Form           =           OPLS
1-4 Lennard-Jones Types          =              2
----------------------------------------------------------------------------------------------------

----------------------------- Full NB Model Summary ----------------------------
Dielectric                =    1.000000  El. 1-4 Scaling           =    0.500000
QC/MM Coupling            = RC Coupling
--------------------------------------------------------------------------------

Full NB Model State set up.

--------------------------------- Summary of Energy Terms --------------------------------
Potential Energy          =          82.5610  RMS Gradient              =             None
Fourier Dihedral          =          64.5566  Harmonic Angle            =           2.6163
Harmonic Bond             =           0.5328  MM/MM Elect.              =          14.9447
MM/MM 1-4 Elect.          =          -5.4234  MM/MM LJ                  =          -3.1779
MM/MM 1-4 LJ              =           8.5121
------------------------------------------------------------------------------------------

------------------------------------------------------------------------------------------------
                                 Harmonic Frequencies (cm^(-1))
------------------------------------------------------------------------------------------------
      -0.000      -0.000      -0.000       0.000       0.000       0.000     287.699     287.699
     443.542     443.542     444.304     557.360     754.572     778.287     778.287     803.686
     803.686     859.405     928.917     931.842     931.842     935.960     935.960    1041.067
    1086.805    1111.287    1123.175    1123.175    1129.696    1129.696    1267.061    1315.599
    1315.599    1375.872    1375.872    1409.018    1440.869    1443.100    1447.023    1447.023
    1467.136    1467.136    2909.764    2912.548    2912.548    2916.579    2916.579    2919.245
    2975.133    2975.133    2976.468    2977.628    2977.628    2981.649
------------------------------------------------------------------------------------------------

--------------------------------------------------
    Equilibrium Constants (Chair -> Twist Boat)
--------------------------------------------------
       Temperature                 Log K
--------------------------------------------------
                 100.0000                 -29.6002
                 200.0000                 -14.5149
                 300.0000                 -9.44129
                 400.0000                 -6.88396
                 500.0000                 -5.33816
                 600.0000                 -4.30091
                 700.0000                 -3.55591
                 800.0000                 -2.99455
                 900.0000                 -2.55622
                1000.0000                  -2.2044
--------------------------------------------------
