
--------------------------------------------------------------------------------
                     Summary for System "Methane in Water."
--------------------------------------------------------------------------------

---------------------------- Atom Container Summary ----------------------------
Number of Atoms        =            650  Number of Heavy Atoms  =            216
Number of Hydrogens    =            434  Number of Unknowns     =              0
--------------------------------------------------------------------------------

----------------------------- Connectivity Summary -----------------------------
Atoms                  =            650  Bonds                  =            434
Angles                 =            221  Dihedrals              =              0
Isolates               =            216  Ring Sets              =              0
--------------------------------------------------------------------------------

--------------------------------------------------------------------------------
                   Summary for Energy Model "OPLS/Monte Carlo"
--------------------------------------------------------------------------------

------------------------------------ Summary for MM Model "OPLS" -----------------------------------
LJ 1-4 Scaling                   =          0.500  El. 1-4 Scaling                  =          0.500
Number of MM Atoms               =            650  Number of MM Atom Types          =              4
Total MM Charge                  =           0.00  Harmonic Bond Terms              =            434
Harmonic Bond Parameters         =              2  Urey-Bradley Terms               =            215
Urey-Bradley Parameters          =              1  Harmonic Angle Terms             =            221
Harmonic Angle Parameters        =              2  Exclusions                       =            655
  Lennard-Jones Form               =           OPLS
Lennard-Jones Types              =              4  1-4 Lennard-Jones Form           =           OPLS
1-4 Lennard-Jones Types          =              4
----------------------------------------------------------------------------------------------------

------------------------- Monte Carlo NB Model Summary -------------------------
Buffer                 =       0.500000  Cutoff                 =       8.500000
Dielectric             =       1.000000
--------------------------------------------------------------------------------

------------------------------- Symmetry Summary -------------------------------
Crystal Class          =          Cubic
--------------------------------------------------------------------------------

----------------------- Transformation3 Container Summary ----------------------
Transformations        =              1  Identity               =              0
Inverse Pairs          =              0  Self Inverses          =              1
Absent Inverses        =              0
--------------------------------------------------------------------------------

------------------------ Monte Carlo Simulation Options ------------------------
Acceptance Ratio     =              0.4  Adjust Frequency     =             1000
Blocks               =               20  Input RNG            =             True
Log Frequency        =                1  Max. Rotation        =               15
Max. Translation     =             0.15  Max. Volume Change   =              400
Moves                =           100000  Pressure             =                1
Temperature          =              300  Trajectories         =             True
Volume Frequency     =              500
--------------------------------------------------------------------------------

------------------------------------------------------------------------------------------------------------------------
                                               Monte Carlo Run Statistics
------------------------------------------------------------------------------------------------------------------------
  Block      Accept.           <E>           <dE^2>            <H>           <dH^2>            <V>           <dV^2>
------------------------------------------------------------------------------------------------------------------------
       0          0.4000      -8401.7983       6815.2010      -8401.3868       6815.5145       6744.5090       4313.4440
       1          0.4012      -8424.4102       5698.4897      -8424.0028       5698.8643       6676.0005       6285.8940
       2          0.4019      -8358.8834      12981.9095      -8358.4775      12982.3842       6651.2767       3266.8830
       3          0.3999      -8313.9269       7193.4807      -8313.5187       7193.8594       6688.9706       5494.5879
       4          0.4008      -8301.6659       5580.6101      -8301.2568       5580.9565       6705.1029       5337.4930
       5          0.4008      -8300.1171       3772.0818      -8299.7004       3772.1283       6829.7983       5778.3966
       6          0.4023      -8421.3691       8397.3908      -8420.9598       8398.5951       6707.9014      21066.0700
       7          0.4011      -8467.8447       2959.7465      -8467.4344       2959.9714       6723.5546       7440.2611
       8          0.3992      -8394.9023       4490.8033      -8394.4946       4491.0687       6682.1281       3517.8194
       9          0.4008      -8420.2961       3307.8649      -8419.8841       3308.0919       6751.7512       6008.8611
      10          0.3971      -8438.2410       5571.0012      -8437.8403       5571.1333       6566.9796       4089.8929
      11          0.4011      -8434.3721       7105.6929      -8433.9674       7106.0170       6632.1604       5560.1636
      12          0.4023      -8448.1377       3428.9985      -8447.7327       3429.0182       6637.4457       6167.4795
      13          0.3990      -8421.3343       2811.0299      -8420.9290       2811.3211       6641.8038       5582.8700
      14          0.3990      -8455.6487       8057.1299      -8455.2382       8057.8091       6727.4711       7122.2304
      15          0.4035      -8380.6532       3074.0408      -8380.2422       3074.3181       6734.4143       6001.1456
      16          0.3995      -8420.2972       5579.5184      -8419.8880       5579.6923       6706.1996       3740.6037
      17          0.4036      -8397.4827       5499.0327      -8397.0692       5499.4888       6777.4143       5812.2592
      18          0.3959      -8412.1904       6577.0235      -8411.7782       6577.7948       6754.3264      10973.4099
      19          0.4008      -8494.4585       4006.3033      -8494.0563       4006.4724       6590.1582       5010.8524
     Run          0.4005      -8405.4015       8277.1161      -8404.9929       8277.6464       6696.4683      10322.2874
   Block               -      -8405.4015       2631.7486      -8404.9929       2631.9214       6696.4683       3893.7565
------------------------------------------------------------------------------------------------------------------------

------------------------------ Adjusted Move Sizes -----------------------------
Max. Rotation        =           18.305  Max. Translation     =          0.18305
Max. Vol. Move       =          162.336
--------------------------------------------------------------------------------
