
--------------------------------------------------------------------------------
               Summary for System "Cubic 216 Molecule Water Box."
--------------------------------------------------------------------------------

---------------------------- Atom Container Summary ----------------------------
Number of Atoms        =            648  Number of Heavy Atoms  =            216
Number of Hydrogens    =            432  Number of Unknowns     =              0
--------------------------------------------------------------------------------

----------------------------- Connectivity Summary -----------------------------
Atoms                  =            648  Bonds                  =            432
Angles                 =            216  Dihedrals              =              0
Isolates               =            216  Ring Sets              =              0
--------------------------------------------------------------------------------

--------------------------------------------------------------------------------
                      Summary for Energy Model "OPLS/ABFS"
--------------------------------------------------------------------------------

------------------------------------ Summary for MM Model "OPLS" -----------------------------------
LJ 1-4 Scaling                   =          0.500  El. 1-4 Scaling                  =          0.500
Number of MM Atoms               =            648  Number of MM Atom Types          =              2
Total MM Charge                  =           0.00  Harmonic Bond Terms              =            432
Harmonic Bond Parameters         =              1  Urey-Bradley Terms               =            216
Urey-Bradley Parameters          =              1  Harmonic Angle Terms             =            216
Harmonic Angle Parameters        =              1  Exclusions                       =            648
  Lennard-Jones Form               =           OPLS
Lennard-Jones Types              =              2  1-4 Lennard-Jones Form           =           OPLS
1-4 Lennard-Jones Types          =              2
----------------------------------------------------------------------------------------------------

----------------------------- ABFS NB Model Summary ----------------------------
Dielectric             =       1.000000  El. 1-4 Scaling        =       0.500000
Damping Cutoff         =       0.500000  Inner Cutoff           =       8.000000
List Cutoff            =      13.500000  Outer Cutoff           =      12.000000
QC/MM Coupling         =    RC Coupling  Use Centering          =          False
--------------------------------------------------------------------------------

-------------------------- Pairlist Generator Summary --------------------------
Cell Size              =          6.750  Cutoff                 =         13.500
Cutoff Cell Size Factor =          0.500  Grid Cell/Cell Method  =           True
Minimum Cell Extent    =              2  Minimum Cell Size      =          3.000
Minimum Extent Factor  =          1.500  Minimum Points         =            500
Sort Indices           =          False
--------------------------------------------------------------------------------

------------------------------- Symmetry Summary -------------------------------
Crystal Class          =          Cubic
--------------------------------------------------------------------------------

----------------------- Transformation3 Container Summary ----------------------
Transformations        =              1  Identity               =              0
Inverse Pairs          =              0  Self Inverses          =              1
Absent Inverses        =              0
--------------------------------------------------------------------------------

----------------------------------------
         Self-Diffusion Function
----------------------------------------
        Time                Dself
----------------------------------------
              0.0000              0.0000
              1.0000              0.0700
              2.0000              0.1289
              3.0000              0.1990
              4.0000              0.2734
              5.0000              0.3465
              6.0000              0.4171
              7.0000              0.4840
              8.0000              0.5478
              9.0000              0.6087
             10.0000              0.6677
             11.0000              0.7251
             12.0000              0.7817
             13.0000              0.8375
             14.0000              0.8928
             15.0000              0.9471
             16.0000              1.0010
             17.0000              1.0545
             18.0000              1.1074
             19.0000              1.1603
             20.0000              1.2129
             21.0000              1.2656
             22.0000              1.3187
             23.0000              1.3708
             24.0000              1.4227
             25.0000              1.4742
             26.0000              1.5257
             27.0000              1.5768
             28.0000              1.6276
             29.0000              1.6785
             30.0000              1.7288
             31.0000              1.7793
             32.0000              1.8290
             33.0000              1.8779
             34.0000              1.9259
             35.0000              1.9730
             36.0000              2.0195
             37.0000              2.0653
             38.0000              2.1102
             39.0000              2.1551
             40.0000              2.1991
             41.0000              2.2424
             42.0000              2.2862
             43.0000              2.3297
             44.0000              2.3727
             45.0000              2.4162
             46.0000              2.4590
             47.0000              2.5014
             48.0000              2.5440
             49.0000              2.5858
             50.0000              2.6282
             51.0000              2.6708
             52.0000              2.7140
             53.0000              2.7577
             54.0000              2.8020
             55.0000              2.8466
             56.0000              2.8916
             57.0000              2.9373
             58.0000              2.9831
             59.0000              3.0288
             60.0000              3.0742
             61.0000              3.1197
             62.0000              3.1651
             63.0000              3.2099
             64.0000              3.2540
             65.0000              3.2974
             66.0000              3.3409
             67.0000              3.3840
             68.0000              3.4266
             69.0000              3.4691
             70.0000              3.5115
             71.0000              3.5542
             72.0000              3.5970
             73.0000              3.6401
             74.0000              3.6827
             75.0000              3.7258
             76.0000              3.7700
             77.0000              3.8142
             78.0000              3.8589
             79.0000              3.9031
             80.0000              3.9469
             81.0000              3.9900
             82.0000              4.0321
             83.0000              4.0738
             84.0000              4.1153
             85.0000              4.1566
             86.0000              4.1975
             87.0000              4.2380
             88.0000              4.2789
             89.0000              4.3195
             90.0000              4.3603
             91.0000              4.4011
             92.0000              4.4421
             93.0000              4.4828
             94.0000              4.5232
             95.0000              4.5642
             96.0000              4.6055
             97.0000              4.6471
             98.0000              4.6888
             99.0000              4.7307
            100.0000              4.7741
            101.0000              4.8171
            102.0000              4.8610
            103.0000              4.9058
            104.0000              4.9508
            105.0000              4.9962
            106.0000              5.0424
            107.0000              5.0893
            108.0000              5.1356
            109.0000              5.1822
            110.0000              5.2287
            111.0000              5.2764
            112.0000              5.3239
            113.0000              5.3716
            114.0000              5.4188
            115.0000              5.4654
            116.0000              5.5110
            117.0000              5.5558
            118.0000              5.6008
            119.0000              5.6457
            120.0000              5.6913
            121.0000              5.7364
            122.0000              5.7818
            123.0000              5.8256
            124.0000              5.8683
            125.0000              5.9103
            126.0000              5.9522
            127.0000              5.9941
            128.0000              6.0359
            129.0000              6.0787
            130.0000              6.1221
            131.0000              6.1660
            132.0000              6.2094
            133.0000              6.2535
            134.0000              6.2957
            135.0000              6.3367
            136.0000              6.3774
            137.0000              6.4162
            138.0000              6.4560
            139.0000              6.4946
            140.0000              6.5328
            141.0000              6.5695
            142.0000              6.6048
            143.0000              6.6398
            144.0000              6.6740
            145.0000              6.7086
            146.0000              6.7444
            147.0000              6.7811
            148.0000              6.8161
            149.0000              6.8513
            150.0000              6.8862
            151.0000              6.9216
            152.0000              6.9546
            153.0000              6.9881
            154.0000              7.0213
            155.0000              7.0533
            156.0000              7.0859
            157.0000              7.1176
            158.0000              7.1500
            159.0000              7.1825
            160.0000              7.2158
            161.0000              7.2481
            162.0000              7.2832
            163.0000              7.3184
            164.0000              7.3511
            165.0000              7.3796
            166.0000              7.4072
            167.0000              7.4326
            168.0000              7.4596
            169.0000              7.4895
            170.0000              7.5211
            171.0000              7.5563
            172.0000              7.5911
            173.0000              7.6289
            174.0000              7.6657
            175.0000              7.7023
            176.0000              7.7373
            177.0000              7.7646
            178.0000              7.7896
            179.0000              7.8139
            180.0000              7.8405
            181.0000              7.8637
            182.0000              7.8881
            183.0000              7.9120
            184.0000              7.9379
            185.0000              7.9717
            186.0000              8.0049
            187.0000              8.0401
            188.0000              8.0738
            189.0000              8.1049
            190.0000              8.1326
            191.0000              8.1596
            192.0000              8.2005
            193.0000              8.2431
            194.0000              8.2818
            195.0000              8.3214
            196.0000              8.3588
            197.0000              8.3958
            198.0000              8.4306
            199.0000              8.4853
            200.0000              8.5411
----------------------------------------

----------------------------------------
      Radial Distribution Function
----------------------------------------
      Distance              g(r)
----------------------------------------
              0.0441              0.0000
              0.1323              0.0000
              0.2205              0.0000
              0.3087              0.0000
              0.3969              0.0000
              0.4851              0.0000
              0.5733              0.0000
              0.6615              0.0000
              0.7497              0.0000
              0.8379              0.0004
              0.9262              5.7057
              1.0144              6.9178
              1.1026              0.0034
              1.1908              0.0000
              1.2790              0.0052
              1.3672              0.2564
              1.4554              1.4545
              1.5436              1.0377
              1.6318              0.3560
              1.7200              0.5466
              1.8082              0.6332
              1.8964              0.6080
              1.9846              0.5557
              2.0728              0.5421
              2.1610              0.5711
              2.2492              0.6045
              2.3374              0.6515
              2.4256              0.6713
              2.5138              0.7090
              2.6020              0.8319
              2.6903              0.9790
              2.7785              1.0370
              2.8667              1.0424
              2.9549              1.0562
              3.0431              1.0769
              3.1313              1.0981
              3.2195              1.1161
              3.3077              1.1285
              3.3959              1.1407
              3.4841              1.1424
              3.5723              1.1242
              3.6605              1.1041
              3.7487              1.0793
              3.8369              1.0536
              3.9251              1.0306
              4.0133              1.0086
              4.1015              1.0017
              4.1897              0.9933
              4.2779              0.9940
              4.3661              0.9923
              4.4544              0.9913
              4.5426              0.9946
              4.6308              0.9971
              4.7190              0.9940
              4.8072              0.9955
              4.8954              0.9890
              4.9836              0.9925
              5.0718              0.9910
              5.1600              0.9875
              5.2482              0.9878
              5.3364              0.9904
              5.4246              0.9887
              5.5128              0.9862
              5.6010              0.9888
              5.6892              0.9900
              5.7774              0.9912
              5.8656              0.9917
              5.9538              0.9928
              6.0420              0.9911
              6.1302              0.9938
              6.2185              0.9921
              6.3067              0.9954
              6.3949              0.9961
              6.4831              1.0023
              6.5713              1.0026
              6.6595              1.0044
              6.7477              1.0064
              6.8359              1.0067
              6.9241              1.0089
              7.0123              1.0073
              7.1005              1.0076
              7.1887              1.0079
              7.2769              1.0092
              7.3651              1.0093
              7.4533              1.0077
              7.5415              1.0056
              7.6297              1.0028
              7.7179              1.0031
              7.8061              0.9993
              7.8943              1.0012
              7.9826              0.9970
              8.0708              0.9932
              8.1590              0.9943
              8.2472              0.9945
              8.3354              0.9922
              8.4236              0.9949
              8.5118              0.9917
              8.6000              0.9943
              8.6882              0.9946
              8.7764              0.9935
----------------------------------------
