
--------------------------------------------------------------------------------
               Summary for System "Cubic 216 Molecule Water Box."
--------------------------------------------------------------------------------

---------------------------- Atom Container Summary ----------------------------
Number of Atoms        =            648  Number of Heavy Atoms  =            216
Number of Hydrogens    =            432  Number of Unknowns     =              0
--------------------------------------------------------------------------------

----------------------------- Connectivity Summary -----------------------------
Atoms                  =            648  Bonds                  =            432
Angles                 =            216  Dihedrals              =              0
Isolates               =            216  Ring Sets              =              0
--------------------------------------------------------------------------------

--------------------------------------------------------------------------------
                      Summary for Energy Model "OPLS/ABFS"
--------------------------------------------------------------------------------

------------------------------------ Summary for MM Model "OPLS" -----------------------------------
LJ 1-4 Scaling                   =          0.500  El. 1-4 Scaling                  =          0.500
Number of MM Atoms               =            648  Number of MM Atom Types          =              2
Total MM Charge                  =           0.00  Harmonic Angle Terms             =            216
Harmonic Angle Parameters        =              1  Harmonic Bond Terms              =            432
Harmonic Bond Parameters         =              1  Urey-Bradley Terms               =            216
Urey-Bradley Parameters          =              1  Exclusions                       =            648
1-4 Interactions                 =              0  Lennard-Jones Form               =           OPLS
Lennard-Jones Types              =              2  1-4 Lennard-Jones Form           =           OPLS
1-4 Lennard-Jones Types          =              2
----------------------------------------------------------------------------------------------------

----------------------------- ABFS NB Model Summary ----------------------------
Dielectric             =       1.000000  El. 1-4 Scaling        =       0.500000
Damping Cutoff         =       0.500000  Inner Cutoff           =       8.000000
List Cutoff            =      13.500000  Outer Cutoff           =      12.000000
QC/MM Coupling         =    RC Coupling  Use Centering          =          False
--------------------------------------------------------------------------------

-------------------------- Pairlist Generator Summary --------------------------
Cell Size              =          6.750  Cutoff                 =         13.500
Cutoff Cell Size Factor =          0.500  Grid Cell/Cell Method  =           True
Minimum Cell Extent    =              2  Minimum Cell Size      =          3.000
Minimum Extent Factor  =          1.500  Minimum Points         =            500
Sort Indices           =          False
--------------------------------------------------------------------------------

------------------------------- Symmetry Summary -------------------------------
Crystal Class          =          Cubic
--------------------------------------------------------------------------------

----------------------- Transformation3 Container Summary ----------------------
Transformations        =              1  Identity               =              0
Inverse Pairs          =              0  Self Inverses          =              1
Absent Inverses        =              0
--------------------------------------------------------------------------------

-------------------------------- Velocity Verlet Integrator Options --------------------------------
Log Frequency                    =            500  Maximum Iterations               =           5000
Temperature Handling             =       Constant  Temperature Scale                =              0
Temperature Scale Frequency      =            100  Temperature Start                =            300
Temperature Stop                 =            300  Time Step                        =          0.001
----------------------------------------------------------------------------------------------------

----------------------------------------------------------------------------------------------------
                                 Velocity Verlet Integrator Results
----------------------------------------------------------------------------------------------------
        Time            Total Energy       Kinetic Energy     Potential Energy       Temperature
----------------------------------------------------------------------------------------------------
          0.00000000      -5864.57643219       2420.75872332      -8285.33515551        300.00000000
          0.50000000      -6219.32510163       2420.75872332      -8640.08382495        300.00000000
          1.00000000      -6042.94744628       2420.75872332      -8463.70616959        300.00000000
          1.50000000      -6076.16999808       2420.75872332      -8496.92872140        300.00000000
          2.00000000      -6107.41007980       2420.75872332      -8528.16880311        300.00000000
          2.50000000      -6138.30467515       2420.75872332      -8559.06339846        300.00000000
          3.00000000      -5971.89641221       2420.75872332      -8392.65513552        300.00000000
          3.50000000      -6064.11962285       2420.75872332      -8484.87834617        300.00000000
          4.00000000      -6098.56902583       2420.75872332      -8519.32774915        300.00000000
          4.50000000      -6155.18994912       2420.75872332      -8575.94867243        300.00000000
          5.00000000      -6091.33659964       2420.75872332      -8512.09532296        300.00000000
Averages                  -6073.10515641       2412.56678831      -8485.67194472        298.98478916
RMS Deviations               77.65500333         64.38728072         85.15383038          7.97939259
----------------------------------------------------------------------------------------------------

-------------------------------- Velocity Verlet Integrator Options --------------------------------
Log Frequency                    =            500  Maximum Iterations               =          10000
Temperature Handling             =           None  Temperature Scale                =              0
Temperature Scale Frequency      =              0  Temperature Start                =           None
Temperature Stop                 =           None  Time Step                        =          0.001
----------------------------------------------------------------------------------------------------

----------------------------------------------------------------------------------------------------
                                 Velocity Verlet Integrator Results
----------------------------------------------------------------------------------------------------
        Time            Total Energy       Kinetic Energy     Potential Energy       Temperature
----------------------------------------------------------------------------------------------------
          0.00000000      -6091.33659964       2420.75872332      -8512.09532296        300.00000000
          0.50000000      -6092.83410541       2388.25514500      -8481.08925041        295.97189369
          1.00000000      -6090.68479367       2352.42386220      -8443.10865587        291.53139132
          1.50000000      -6091.29351427       2390.14268817      -8481.43620243        296.20581330
          2.00000000      -6091.03821557       2432.06226212      -8523.10047769        301.40082595
          2.50000000      -6089.56964174       2396.25354333      -8485.82318507        296.96311990
          3.00000000      -6094.76805507       2477.33009511      -8572.09815018        307.01078194
          3.50000000      -6087.47135488       2577.60563965      -8665.07699453        319.43773844
          4.00000000      -6090.22788616       2353.32665159      -8443.55453775        291.64327228
          4.50000000      -6092.12780721       2452.56694394      -8544.69475115        303.94193196
          5.00000000      -6092.13872391       2396.30144703      -8488.44017094        296.96905651
          5.50000000      -6093.70571190       2423.31959980      -8517.02531170        300.31736453
          6.00000000      -6091.69051463       2382.92563169      -8474.61614632        295.31141729
          6.50000000      -6095.37125123       2482.00620840      -8577.37745962        307.59028372
          7.00000000      -6089.08985884       2408.65635662      -8497.74621546        298.50017684
          7.50000000      -6093.76515576       2453.83925889      -8547.60441465        304.09960752
          8.00000000      -6089.11025234       2442.50758331      -8531.61783565        302.69529463
          8.50000000      -6093.06147733       2355.67389521      -8448.73537254        291.93416170
          9.00000000      -6092.40897338       2390.04830820      -8482.45728158        296.19411697
          9.50000000      -6090.46659656       2381.95823899      -8472.42483556        295.19153017
         10.00000000      -6090.59788227       2484.99287600      -8575.59075828        307.96041572
Averages                  -6091.99394024       2413.61880928      -8505.61274952        299.11516411
RMS Deviations                2.89367082         62.98684768         64.21452120          7.80583960
----------------------------------------------------------------------------------------------------
