
--------------------------------------------------------------------------------
   Summary for System "bALA C7 equatorial configuration (OPLS-AA force field)"
--------------------------------------------------------------------------------

---------------------------- Atom Container Summary ----------------------------
Number of Atoms        =             22  Number of Heavy Atoms  =             10
Number of Hydrogens    =             12  Number of Unknowns     =              0
--------------------------------------------------------------------------------

----------------------------- Connectivity Summary -----------------------------
Atoms                  =             22
--------------------------------------------------------------------------------

------------------------------- Electronic State -------------------------------
Charge                 =              0  Multiplicity           =              1
--------------------------------------------------------------------------------

--------------------------------------------------------------------------------
                         Summary for Energy Model "AM1"
--------------------------------------------------------------------------------

-------------------------- Summary for QC Model "AM1" --------------------------
Number of QC Atoms     =             22  Boundary Atoms         =              0
Nuclear Charge         =             58  Orbital Functions      =             52
Fitting Functions      =              0  Energy Base Line       =       72.95504
QC Parameter Centers   =              4
--------------------------------------------------------------------------------

------------------------ DIIS/ODA SCF Converger Summary ------------------------
Maximum Cycles         =            100  DIIS Matrices          =             10
Density Tolerance      =          1e-08  Energy Tolerance       =         0.0002
DIIS Onset             =            0.2
--------------------------------------------------------------------------------

--------------------------------------------------------------------------------------------------------------
   Cycle         Energy           Energy Change    RMS Density Change    Max. DIIS Error        Operation
--------------------------------------------------------------------------------------------------------------
         0       -330.44734967          0.00000000          0.00000000          0.00000000
         0       -340.64422448       -330.44734967          0.13774882          0.00000000
         1       -316.29899498        -10.19687482          0.19302736          0.48694913     ODA           1
         2       -343.03169595         24.34522950          0.10857092          0.91147810     ODA      0.2451
         3       -343.96643623          0.49676977          0.08149269          0.50775137     ODA        0.45
         4       -344.11196112          0.63387078          0.07735238          0.25997343     ODA      0.4413
         5       -348.92034670          1.54047159          0.05666923          0.39497983     ODA       0.338
         6       -349.07450201         -2.72488155          0.01644555          0.10110453    DIIS           6
         7       -349.10851619         -0.15415532          0.00418961          0.05901589    DIIS           7
         8       -349.11255730         -0.03401418          0.00140622          0.01660059    DIIS           8
         9       -349.11290624         -0.00404110          0.00040655          0.00522377    DIIS           9
        10       -349.11292515         -0.00034894          0.00010502          0.00089314    DIIS          10
        11       -349.11292726         -0.00001891          0.00002954          0.00030604    DIIS          10
        12       -349.11292742         -0.00000211          0.00000863          0.00005960    DIIS          10
        13       -349.11292744         -0.00000016          0.00000271          0.00002018    DIIS          10
        14       -349.11292744         -0.00000002          0.00000070          0.00000668    DIIS          10
        15       -349.11292744         -0.00000000          0.00000022          0.00000203    DIIS          10
        16       -349.11292744         -0.00000000          0.00000005          0.00000071    DIIS          10
        17       -349.11292744         -0.00000000          0.00000001          0.00000015    DIIS          10
        18       -349.11292744         -0.00000000          0.00000000          0.00000002    DIIS          10
--------------------------------------------------------------------------------------------------------------

-------------------------- MNDO QC Model State Summary -------------------------
Electronic Energy      =     -349.11293  Nuclear Energy         =      276.03163
One-Electron Energy    =     -655.67164  Two-Electron Energy    =      306.55871
SCF Convergence        =           True  SCF Cycles             =             18
--------------------------------------------------------------------------------

--------------------------------- Summary of Energy Terms --------------------------------
Potential Energy          =        -331.5016  RMS Gradient              =             None
Pure QC                   =        -331.5016
------------------------------------------------------------------------------------------

-------------------------------  Conjugate Gradient Minimizer Options ------------------------------
Beta Type                        =              1  Initial Step                     =            0.1
Line Searcher                    =           None  Log Frequency                    =            100
Maximum Iterations               =           2000  Maximum Theta                    =          1e+10
Minimum Theta                    =          1e-10  RMS Gradient Tolerance           =            0.1
Steepest Descent Tolerance       =          0.001  Use Spectral Theta               =           True
----------------------------------------------------------------------------------------------------

----------------------------------------------------------------------------------------------------------------
  Iteration       Function          RMS Gradient        Max. |Grad.|          RMS Disp.         Max. |Disp.|
----------------------------------------------------------------------------------------------------------------
     0     I       -331.50158740         93.71805519        282.25633787          0.01230915          0.03707221
   100   L1s       -373.12706912          0.29477396          1.42415839          0.00039790          0.00105947
   200   L1s       -374.35102531          0.70124881          2.59508874          0.00083881          0.00244714
   300   L0s       -374.72416038          0.63444493          1.69525714          0.00091909          0.00275175
   400   L1s       -374.76451444          0.17038457          0.95859034          0.00016452          0.00054852
----------------------------------------------------------------------------------------------------------------

Minimization converged.

-------------------  Conjugate Gradient Minimizer Statistics -------------------
Iterations             =            418  Function Calls         =            747
--------------------------------------------------------------------------------

------------------------ DIIS/ODA SCF Converger Summary ------------------------
Maximum Cycles         =            100  DIIS Matrices          =             10
Density Tolerance      =          1e-08  Energy Tolerance       =         0.0002
DIIS Onset             =            0.2
--------------------------------------------------------------------------------

--------------------------------------------------------------------------------------------------------------
   Cycle         Energy           Energy Change    RMS Density Change    Max. DIIS Error        Operation
--------------------------------------------------------------------------------------------------------------
         0       -347.53377754          0.00000000          0.00000000          0.00000000
         1       -347.53377754       -347.53377754          0.00000000          0.00000002     ODA           1
--------------------------------------------------------------------------------------------------------------

-------------------------- MNDO QC Model State Summary -------------------------
Electronic Energy      =     -347.53378  Nuclear Energy         =        274.436
One-Electron Energy    =     -652.86368  Two-Electron Energy    =       305.3299
SCF Convergence        =           True  SCF Cycles             =              1
--------------------------------------------------------------------------------

--------------------------------- Summary of Energy Terms --------------------------------
Potential Energy          =        -374.7668  RMS Gradient              =             None
Pure QC                   =        -374.7668
------------------------------------------------------------------------------------------

------------------------------------------------------------
                    Minimization Results
------------------------------------------------------------
Energy Change                                       -43.2652
RMS Coordinate Deviation                              0.1663
------------------------------------------------------------
