
--------------------------------------------------------------------------------
               Summary for System "Cubic 216 Molecule Water Box."
--------------------------------------------------------------------------------

---------------------------- Atom Container Summary ----------------------------
Number of Atoms        =            648  Number of Heavy Atoms  =            216
Number of Hydrogens    =            432  Number of Unknowns     =              0
--------------------------------------------------------------------------------

----------------------------- Connectivity Summary -----------------------------
Atoms                  =            648  Bonds                  =            432
Angles                 =            216  Dihedrals              =              0
Isolates               =            216  Ring Sets              =              0
--------------------------------------------------------------------------------

--------------------------------------------------------------------------------
                      Summary for Energy Model "OPLS/ABFS"
--------------------------------------------------------------------------------

------------------------------------ Summary for MM Model "OPLS" -----------------------------------
LJ 1-4 Scaling                   =          0.500  El. 1-4 Scaling                  =          0.500
Number of MM Atoms               =            648  Number of MM Atom Types          =              2
Total MM Charge                  =           0.00  Harmonic Bond Terms              =            432
Harmonic Bond Parameters         =              1  Urey-Bradley Terms               =            216
Urey-Bradley Parameters          =              1  Harmonic Angle Terms             =            216
Harmonic Angle Parameters        =              1  Exclusions                       =            648
  Lennard-Jones Form               =           OPLS
Lennard-Jones Types              =              2  1-4 Lennard-Jones Form           =           OPLS
1-4 Lennard-Jones Types          =              2
----------------------------------------------------------------------------------------------------

----------------------------- ABFS NB Model Summary ----------------------------
Dielectric             =       1.000000  El. 1-4 Scaling        =       0.500000
Damping Cutoff         =       0.500000  Inner Cutoff           =       8.000000
List Cutoff            =      13.500000  Outer Cutoff           =      12.000000
QC/MM Coupling         =    RC Coupling  Use Centering          =          False
--------------------------------------------------------------------------------

-------------------------- Pairlist Generator Summary --------------------------
Cell Size              =          6.750  Cutoff                 =         13.500
Cutoff Cell Size Factor =          0.500  Grid Cell/Cell Method  =           True
Minimum Cell Extent    =              2  Minimum Cell Size      =          3.000
Minimum Extent Factor  =          1.500  Minimum Points         =            500
Sort Indices           =          False
--------------------------------------------------------------------------------

------------------------------- Symmetry Summary -------------------------------
Crystal Class          =          Cubic
--------------------------------------------------------------------------------

----------------------- Transformation3 Container Summary ----------------------
Transformations        =              1  Identity               =              0
Inverse Pairs          =              0  Self Inverses          =              1
Absent Inverses        =              0
--------------------------------------------------------------------------------

-------------------------------- Leapfrog Verlet Integrator Options --------------------------------
Log Frequency                    =            500  Maximum Iterations               =           5000
Pressure                         =              1  Pressure Control                 =           True
Pressure Coupling                =           2000  Temperature                      =            300
Temperature Control              =           True  Temperature Coupling             =            0.1
Time Step                        =          0.001
----------------------------------------------------------------------------------------------------

--------------------------------------------------------------------------------------------------------------------------------------------
                                                     Leapfrog Verlet Integrator Results
--------------------------------------------------------------------------------------------------------------------------------------------
        Time            Total Energy       Kinetic Energy     Potential Energy       Temperature          Pressure             Volume
--------------------------------------------------------------------------------------------------------------------------------------------
          0.00000000      -5864.57643219       2420.75872332      -8285.33515551        300.00000000        718.12021439       6477.50294872
          0.50000000      -6000.31724709       2389.55603140      -8389.87327849        296.13311005       -222.36571841       6491.28035831
          1.00000000      -6131.75972541       2346.45113641      -8478.21086182        290.79120283       -150.09819495       6439.17002266
          1.50000000      -6022.93657427       2411.99678825      -8434.93336253        298.91415014       -352.34644991       6501.03361823
          2.00000000      -6105.83385930       2429.26279985      -8535.09665915        301.05389395        132.94171612       6418.37412266
          2.50000000      -6217.49188105       2362.13750332      -8579.62938437        292.73518429        772.60111268       6406.34389252
          3.00000000      -6216.62541754       2449.99859539      -8666.62401293        303.62364144        149.37066082       6437.77542280
          3.50000000      -6162.24936081       2415.34203422      -8577.59139503        299.32872008        -39.51980273       6430.37579594
          4.00000000      -6130.89064915       2376.39830183      -8507.28895098        294.50249778        401.73450818       6530.57249565
          4.50000000      -6187.11601665       2402.50757376      -8589.62359041        297.73816993       -236.77234925       6387.11737735
          5.00000000      -6219.59487525       2474.27628180      -8693.87115706        306.63232870        118.22051454       6445.41529945
Averages                  -6116.45552328       2426.67010433      -8543.12562761        300.73258615         -0.94728793       6447.55693619
RMS Deviations               90.45677080         59.35219256         93.93920884          7.35540374        428.23590628         56.08457859
--------------------------------------------------------------------------------------------------------------------------------------------

-------------------------------- Leapfrog Verlet Integrator Options --------------------------------
Log Frequency                    =            500  Maximum Iterations               =          10000
Pressure                         =              1  Pressure Control                 =           True
Pressure Coupling                =           2000  Temperature                      =            300
Temperature Control              =           True  Temperature Coupling             =            0.1
Time Step                        =          0.001
----------------------------------------------------------------------------------------------------

--------------------------------------------------------------------------------------------------------------------------------------------
                                                     Leapfrog Verlet Integrator Results
--------------------------------------------------------------------------------------------------------------------------------------------
        Time            Total Energy       Kinetic Energy     Potential Energy       Temperature          Pressure             Volume
--------------------------------------------------------------------------------------------------------------------------------------------
          0.00000000      -6273.11243374       2420.75872332      -8693.87115706        300.00000000         27.50395742       6445.41529945
          0.50000000      -6193.96270600       2359.41820158      -8553.38090758        292.39818643       -158.02400996       6481.88054814
          1.00000000      -6193.82571278       2453.84633209      -8647.67204487        304.10048409       -182.83469469       6448.83041575
          1.50000000      -6257.92316036       2366.48626501      -8624.40942537        293.27411801        -30.32881377       6296.08227885
          2.00000000      -6152.00843636       2357.42327556      -8509.43171192        292.15095906        157.29795867       6679.20660168
          2.50000000      -6107.23854427       2453.87784651      -8561.11639078        304.10438961       -453.64278182       6715.69157950
          3.00000000      -6237.44690228       2467.65925953      -8705.10616180        305.81229378        304.68635779       6560.29769650
          3.50000000      -6215.30482237       2477.91859689      -8693.22341926        307.08371384       -289.98946904       6544.23121489
          4.00000000      -6203.32443666       2488.99956663      -8692.32400329        308.45695723        219.14781712       6368.79059990
          4.50000000      -6176.32614261       2394.16363852      -8570.48978113        296.70412199        187.32823752       6306.92352019
          5.00000000      -6219.30799786       2463.82190701      -8683.12990487        305.33673802        503.95158258       6324.11452920
          5.50000000      -6172.79892355       2307.43867452      -8480.23759807        285.95646302         56.94529917       6357.09938990
          6.00000000      -6265.42421929       2523.63158374      -8789.05580303        312.74883690       -595.87200095       6270.28087617
          6.50000000      -6226.99923600       2464.06549475      -8691.06473075        305.36692538        130.15517018       6362.89622414
          7.00000000      -6273.20113284       2470.90415581      -8744.10528864        306.21442757       -448.69467376       6324.90037775
          7.50000000      -6222.20288967       2376.67373402      -8598.87662369        294.53663157        463.29795204       6358.70359053
          8.00000000      -6227.82388817       2358.85251017      -8586.67639834        292.32808137         31.70564790       6361.63013587
          8.50000000      -6333.03821225       2401.76202647      -8734.80023873        297.64577568       -690.14580247       6408.12768059
          9.00000000      -6369.66669430       2362.21297558      -8731.87966988        292.74453742        502.85125745       6290.94342380
          9.50000000      -6343.29226919       2418.50598124      -8761.79825043        299.72082198       -155.77391764       6187.29636896
         10.00000000      -6264.06745071       2486.90902426      -8750.97647496        308.19788031         33.48385695       6256.01832547
Averages                  -6231.36500811       2417.64337864      -8649.00838675        299.61392129         -4.94922433       6403.52998260
RMS Deviations               62.83972109         54.42301338         81.35159068          6.74453999        378.77855744        129.92681318
--------------------------------------------------------------------------------------------------------------------------------------------
