
--------------------------------------------------------------------------------
   Summary for System "bALA C7 equatorial configuration (OPLS-AA force field)"
--------------------------------------------------------------------------------

---------------------------- Atom Container Summary ----------------------------
Number of Atoms        =             22  Number of Heavy Atoms  =             10
Number of Hydrogens    =             12  Number of Unknowns     =              0
--------------------------------------------------------------------------------

----------------------------- Connectivity Summary -----------------------------
Atoms                  =             22
--------------------------------------------------------------------------------

------------------------------
         Bond Analysis
------------------------------
 Safety Factor   Bonds Found
------------------------------
            0.0              4
            0.1              6
            0.2             21
            0.3             21
            0.4             21
            0.5             21
            0.6             21
            0.7             21
            0.8             21
            0.9             23
            1.0             23
            1.1             29
            1.2             39
            1.3             51
            1.4             58
            1.5             61
            1.6             62
            1.7             67
            1.8             71
            1.9             84
            2.0             91
------------------------------

--------------------------------------------------------------------------------
   Summary for System "bALA C7 equatorial configuration (OPLS-AA force field)"
--------------------------------------------------------------------------------

---------------------------- Atom Container Summary ----------------------------
Number of Atoms        =             22  Number of Heavy Atoms  =             10
Number of Hydrogens    =             12  Number of Unknowns     =              0
--------------------------------------------------------------------------------

----------------------------- Connectivity Summary -----------------------------
Atoms                  =             22  Bonds                  =             21
Angles                 =             36  Dihedrals              =             41
Isolates               =              1  Ring Sets              =              0
--------------------------------------------------------------------------------

--------------------------------------------------------------------------------
                            Bond Lengths (Angstroms)
--------------------------------------------------------------------------------
    1    0     1.091    2    0     1.089    3    0     1.090    4    0     1.521
    5    4     1.229    6    4     1.338    7    6     1.007    8    6     1.462
    9    8     1.092   10    8     1.539   11   10     1.090   12   10     1.090
   13   10     1.091   14    8     1.539   15   14     1.229   16   14     1.336
   17   16     1.017   18   16     1.456   19   18     1.090   20   18     1.090
   21   18     1.091
--------------------------------------------------------------------------------

---------------------------------------------------------------------------
                              Angles (Degrees)
---------------------------------------------------------------------------
    2    0    1     108.2    3    0    1     108.1    3    0    2     108.9
    4    0    1     110.3    4    0    2     110.5    4    0    3     110.6
    5    4    0     120.4    6    4    0     117.0    6    4    5     122.6
    7    6    4     118.4    8    6    4     125.0    8    6    7     116.6
    9    8    6     109.2   10    8    6     109.2   10    8    9     107.6
   14    8    6     110.8   14    8    9     107.4   14    8   10     112.5
   11   10    8     111.3   12   10    8     111.7   12   10   11     108.1
   13   10    8     110.8   13   10   11     107.4   13   10   12     107.3
   15   14    8     121.1   16   14    8     116.4   16   14   15     122.5
   17   16   14     116.4   18   16   14     124.4   18   16   17     119.0
   19   18   16     110.6   20   18   16     110.3   20   18   19     108.4
   21   18   16     110.7   21   18   19     108.4   21   18   20     108.4
---------------------------------------------------------------------------

------------------------------------------------------------------------------------------------------------------------
                                                   Dihedrals (Degrees)
------------------------------------------------------------------------------------------------------------------------
    5    4    0    1      -3.5    5    4    0    2     116.1    5    4    0    3    -123.1    6    4    0    1     177.9
    6    4    0    2     -62.4    6    4    0    3      58.3    7    6    4    0       3.4    7    6    4    5    -175.1
    8    6    4    0     179.4    8    6    4    5       0.9    9    8    6    4      37.9    9    8    6    7    -146.1
   10    8    6    4     155.2   10    8    6    7     -28.7   14    8    6    4     -80.3   14    8    6    7      95.8
   11   10    8    6     -59.8   11   10    8    9      58.6   11   10    8   14     176.7   12   10    8    6      61.2
   12   10    8    9     179.5   12   10    8   14     -62.3   13   10    8    6    -179.3   13   10    8    9     -60.9
   13   10    8   14      57.2   15   14    8    6    -110.3   15   14    8    9     130.5   15   14    8   10      12.2
   16   14    8    6      67.8   16   14    8    9     -51.4   16   14    8   10    -169.7   17   16   14    8      -3.7
   17   16   14   15     174.4   18   16   14    8    -179.0   18   16   14   15      -1.0   19   18   16   14      60.1
   19   18   16   17    -115.2   20   18   16   14     180.0   20   18   16   17       4.7   21   18   16   14     -60.0
   21   18   16   17     124.7
------------------------------------------------------------------------------------------------------------------------
