
--------------------------------------------------------------------------------
    Summary for System "Cyclohexane chair conformation - OPLS-AA optimized."
--------------------------------------------------------------------------------

---------------------------- Atom Container Summary ----------------------------
Number of Atoms        =             18  Number of Heavy Atoms  =              6
Number of Hydrogens    =             12  Number of Unknowns     =              0
--------------------------------------------------------------------------------

----------------------------- Connectivity Summary -----------------------------
Atoms                  =             18  Bonds                  =             18
Angles                 =             36  Dihedrals              =             54
Isolates               =              1  Ring Sets              =              1
--------------------------------------------------------------------------------

--------------------------------------------------------------------------------
                      Summary for Energy Model "OPLS/Full"
--------------------------------------------------------------------------------

------------------------------------ Summary for MM Model "OPLS" -----------------------------------
LJ 1-4 Scaling                   =          0.500  El. 1-4 Scaling                  =          0.500
Number of MM Atoms               =             18  Number of MM Atom Types          =              2
Total MM Charge                  =           0.00  Fourier Dihedral Terms           =             66
Fourier Dihedral Parameters      =              5  Harmonic Angle Terms             =             36
Harmonic Angle Parameters        =              3  Harmonic Bond Terms              =             18
Harmonic Bond Parameters         =              2  Exclusions                       =            105
1-4 Interactions                 =             51  Lennard-Jones Form               =           OPLS
Lennard-Jones Types              =              2  1-4 Lennard-Jones Form           =           OPLS
1-4 Lennard-Jones Types          =              2
----------------------------------------------------------------------------------------------------

----------------------------- Full NB Model Summary ----------------------------
Dielectric                =    1.000000  El. 1-4 Scaling           =    0.500000
QC/MM Coupling            = RC Coupling
--------------------------------------------------------------------------------

Full NB Model State set up.

--------------------------------- Summary of Energy Terms --------------------------------
Potential Energy          =          82.5600  RMS Gradient              =             None
Fourier Dihedral          =          64.5544  Harmonic Angle            =           2.6170
Harmonic Bond             =           0.5353  MM/MM Elect.              =          14.9448
MM/MM 1-4 Elect.          =          -5.4236  MM/MM LJ                  =          -3.1779
MM/MM 1-4 LJ              =           8.5100
------------------------------------------------------------------------------------------

-------------------------------------- Baker Optimizer Options -------------------------------------
Analytic Frequency               =              0  Follow Mode                      =              0
Hessian Updating                 =         BOFILL  Log Frequency                    =              1
Maximum Eigenvalue               =         100000  Maximum Iterations               =            250
Maximum Step                     =            0.3  Minimum Eigenvalue               =          0.001
Minimum Step                     =          1e-05  Negative Eigenvalues             =              1
Newton-Raphson Step              =          False  RMS Gradient Tolerance           =          0.001
Reset Step                       =            0.1
----------------------------------------------------------------------------------------------------

----------------------------------------------------------------------------------------------------------------
  Iteration       Function          RMS Gradient        Max. |Grad.|          RMS Disp.         Max. |Disp.|
----------------------------------------------------------------------------------------------------------------
     0    I0         82.55999033          4.75157630         13.91746985          0.00000000          0.00000000
     1    N0         81.82067830          0.25011782          0.56757327          0.01401694          0.02783950
     2    N0         81.81990057          0.00627707          0.01162526          0.00027651          0.00050687
     3    N0         81.81989882          0.00043160          0.00078651          0.00001826          0.00003839
     4    N0         82.11640581          0.98694445          3.08454533          0.01360828          0.03750150
     5    N0         81.81992698          0.00835258          0.02306289          0.01347536          0.03713859
     6    N0         81.81989891          0.00289375          0.00847846          0.00013337          0.00038192
     7    N0         81.81989884          0.00030093          0.00075212          0.00000425          0.00001265
     8    N0         82.11621384          0.98708187          2.95472224          0.01360828          0.03603096
     9    N0         82.97611983          1.70127719          4.77382444          0.01347197          0.03557319
    10    N0         86.23537330          3.56659567         10.27018113          0.02595899          0.07303814
    11    N0         93.69135054          7.77934439         23.78329057          0.04082483          0.12845447
    12    N0        106.02297448         11.22389745         33.64068929          0.04082483          0.12836791
    13    N0        122.03321807         16.36056792         51.68239060          0.04082483          0.12734943
    14    N1        139.41013750         21.65645284         69.85297652          0.04082483          0.14273610
    15    N1        157.09116743         20.78033543         65.99535498          0.04082483          0.12095520
    16    N1        174.10435055         28.46114884         96.74274375          0.04082483          0.14415470
    17    N1        186.48176410         27.90081836         74.79832751          0.04082483          0.14403725
    18    N2        188.40439510         39.29488376        144.36850208          0.04082483          0.10384009
    19    N1        175.47222781         27.06834371         66.22148111          0.04082483          0.09780152
    20    N1        177.09134743         17.90830429         71.30105008          0.04082483          0.11222007
    21    N1        181.56075745         16.62188718         47.36201960          0.04082483          0.11738658
    22    N2        184.17023080         29.51372937        112.95964712          0.03214991          0.08040314
    23    N1        179.20960501         12.28913465         32.41494338          0.04082483          0.11513445
    24    N2        180.47874672         14.43005565         54.09884275          0.02568609          0.06432004
    25    N2        180.00629432         14.31278898         50.21646605          0.04082483          0.13589672
    26    N2        181.66329479         17.54889816         49.53496730          0.04082483          0.10897398
    27    N1        179.08806495          8.99333008         23.52112578          0.04082483          0.11252438
    28    N2        179.72318980         13.91193318         44.57914349          0.03489325          0.09082802
    29    N2        185.59958187         33.95892256        153.36448279          0.03564642          0.08896780
    30    N2        182.58973254         27.90096386        126.00931294          0.02648356          0.11081416
    31    N2        183.34186346         30.57508739        108.20859342          0.02395303          0.05889816
    32    N2        180.92997720         21.14984611         78.06668677          0.02222979          0.07044023
    33    N2        178.86523412         19.13162589         64.89267345          0.02191986          0.05977968
    34    N3        181.29442510         27.11196241        117.73052061          0.02211793          0.06165002
    35    N2        177.99442890         21.65525058         85.26220140          0.04082483          0.13299824
    36    N2        178.73017748         25.82109488         97.30139682          0.03839532          0.11890689
    37    N2        177.59735853         17.25810711         78.07857477          0.01208214          0.03954896
    38    N2        176.26396852          8.34817305         44.08780689          0.01896969          0.06073864
    39    N2        175.92227367         11.98076322         35.81189952          0.01490099          0.05273848
    40    N2        176.48726899         10.45599568         38.68967809          0.01706157          0.04720483
    41    N2        175.73252650         12.93241658         46.23445551          0.02881380          0.07761165
    42    N2        177.53877717         23.78257150         95.63519765          0.03537529          0.10600246
    43    N2        178.81292911         27.58561268        128.32923895          0.03114513          0.08444661
    44    N2        178.27243350         20.50072695         97.22151810          0.02620384          0.06700804
    45    N2        176.79341234         15.17704655         45.42003218          0.04082483          0.12244386
    46    N2        176.54263534         11.71853408         41.56774570          0.02672934          0.08350224
    47    N2        177.36049060         16.41310864         56.61965533          0.02912474          0.08002880
    48    N2        180.37945569         23.34926145         98.74628831          0.02850361          0.08777377
    49    N2        179.62080622         28.28305290        142.38741994          0.04082483          0.13488856
    50    N2        176.66669353         14.82401861         48.83028059          0.04082483          0.10024386
    51    N2        177.18424808          8.94520532         26.65366862          0.01390780          0.04106738
    52    N2        177.37373788         15.65641162         75.77109799          0.02875146          0.08106016
    53    N2        176.95429619          6.81838671         17.06486282          0.04082483          0.09952427
    54    N2        177.32162003          6.56315052         20.67296001          0.02244868          0.06873204
    55    N2        177.87186596          5.67103202         18.28005993          0.01823734          0.05047847
    56    N1        177.90838511          7.81628739         21.48615122          0.04082483          0.10933732
    57    N1        178.21803770          3.28481604          9.62923148          0.04082483          0.10758475
    58    N1        177.99353606          1.72991180          6.91588021          0.01426115          0.04257723
    59    N1        177.92110368          1.91135741          5.46302784          0.02198038          0.05462378
    60    N2        177.88700216          1.34628850          4.46812563          0.00630677          0.01459366
    61    N1        178.02644023          4.09836168         10.47180629          0.02369858          0.05515462
    62    N1        177.85692042          1.07802626          3.08031159          0.01543089          0.03642560
    63    N2        177.85437218          0.72470986          2.17325514          0.00321706          0.00973635
    64    N1        177.86795575          1.31823691          3.08187346          0.00827041          0.02303113
    65    N1        177.84827293          0.58024380          1.88592655          0.00874534          0.02299131
    66    N2        177.84472550          0.37565461          1.12918814          0.00043786          0.00146406
    67    N1        177.87793411          1.86127919          5.47874952          0.00989934          0.02487618
    68    N2        177.85297369          0.88271726          2.59481939          0.00361377          0.00990078
    69    N2        177.85254692          1.14926418          3.45786814          0.00202907          0.00513642
    70    N2        177.84504778          0.72958208          2.38820364          0.00211403          0.00691076
    71    N2        177.83961956          0.66386902          2.37396306          0.00237353          0.00550019
    72    N2        177.83210349          0.70080865          2.10321382          0.00364602          0.01022978
    73    N1        177.83647424          1.29361116          4.04304964          0.01080587          0.02541569
    74    N1        177.83063204          0.31427798          0.88781115          0.00801552          0.01952114
    75    N1        177.83377651          0.37376194          1.19285234          0.00099824          0.00282751
    76    N1        177.83308143          0.46469847          1.57613773          0.00261936          0.00699725
    77    N1        177.83170651          0.27319538          0.87267851          0.00660618          0.01713818
    78    N2        177.83058495          0.23048196          0.77756802          0.00132211          0.00343286
    79    N1        178.72396709          7.39913652         27.96246042          0.04082483          0.10431650
    80    N1        177.82717765          0.51538653          1.48782636          0.03734039          0.09424740
    81    N1        177.82243285          0.43442646          1.42814649          0.00076670          0.00190367
    82    N1        177.82072071          0.31374573          1.25769698          0.00087186          0.00281639
    83    N1        177.81658699          0.47274694          1.67236943          0.00134047          0.00364350
    84    N1        178.36748684          7.26839763         26.10547170          0.04082483          0.10585872
    85    N1        177.80820879          0.68685125          2.05841143          0.03431309          0.09190410
    86    N2        177.80953631          0.39017190          1.66082196          0.00210358          0.00575237
    87    N1        177.84755149          1.45483294          3.95006856          0.01325876          0.03283146
    88    N1        177.81914485          0.67857674          2.54192099          0.00928881          0.02724750
    89    N1        177.81976886          0.35960861          0.89420764          0.00616492          0.01752036
    90    N1        177.81872819          0.10000816          0.30115755          0.00208274          0.00598338
    91    N1        177.81866585          0.04100340          0.14825267          0.00036955          0.00101687
    92    N1        177.81864655          0.03140214          0.13850774          0.00021727          0.00054379
    93    N2        177.81863578          0.02233155          0.08610646          0.00007514          0.00018900
    94    N1        177.81863017          0.01589851          0.05678848          0.00017531          0.00048114
    95    N1        177.81862843          0.01052546          0.03970067          0.00004725          0.00012716
    96    N2        177.81862556          0.01112607          0.04280624          0.00006271          0.00016759
    97    N1        177.81862650          0.02782544          0.11960761          0.00030386          0.00069956
    98    N2        177.81861719          0.01855660          0.07190135          0.00005025          0.00013411
    99    N1        177.81860809          0.01286501          0.04021636          0.00009372          0.00027305
   100    N1        177.81860842          0.00767353          0.02624471          0.00003120          0.00009167
   101    N1        177.81860822          0.00863971          0.02770555          0.00004115          0.00012686
   102    N1        177.81860787          0.00597951          0.02195360          0.00001845          0.00005738
   103    N1        177.81860726          0.00616331          0.02337771          0.00000915          0.00002516
   104    N1        177.81860665          0.00577197          0.02238835          0.00000509          0.00001357
   105    N1        177.81860612          0.00543140          0.02172284          0.00000532          0.00001473
   106    N1        177.81860565          0.00511388          0.02083636          0.00000526          0.00001403
   107    N1        177.81860522          0.00487887          0.02009514          0.00000543          0.00001416
   108    N1        177.81860481          0.00469863          0.01941756          0.00000543          0.00001395
   109    N1        177.81860442          0.00456359          0.01883632          0.00000548          0.00001369
   110    N1        177.81860404          0.00445433          0.01832754          0.00000550          0.00001338
   111    N1        177.81860368          0.00436259          0.01788135          0.00000551          0.00001316
   112    N1        177.81860332          0.00428108          0.01748404          0.00000550          0.00001294
   113    N1        177.81860298          0.00420650          0.01712514          0.00000547          0.00001273
   114    N1        177.81860265          0.00413642          0.01679611          0.00000542          0.00001253
   115    N1        177.81860233          0.00406961          0.01649026          0.00000536          0.00001233
   116    N1        177.81860201          0.00400521          0.01620257          0.00000529          0.00001214
   117    N1        177.81860171          0.00394270          0.01592922          0.00000522          0.00001196
   118    N1        177.81860141          0.00388176          0.01566739          0.00000515          0.00001177
   119    N1        177.81860113          0.00382215          0.01541496          0.00000507          0.00001160
   120    N1        177.81860085          0.00376373          0.01517038          0.00000500          0.00001142
   121    N1        177.81860058          0.00370639          0.01493249          0.00000492          0.00001125
   122    N1        177.81860032          0.00365006          0.01470041          0.00000485          0.00001108
   123    N1        177.81860007          0.00359467          0.01447350          0.00000478          0.00001091
   124    N1        177.81859982          0.00354020          0.01425125          0.00000471          0.00001075
   125    N1        177.81859959          0.00348660          0.01403328          0.00000464          0.00001058
   126    N1        177.81859935          0.00343385          0.01381931          0.00000457          0.00001042
   127    N1        177.81859913          0.00338193          0.01360909          0.00000450          0.00001027
   128    N1        177.81859891          0.00333082          0.01340244          0.00000443          0.00001011
   129    N1        177.81859870          0.00328049          0.01319921          0.00000436          0.00000996
   130    N1        177.81859850          0.00323094          0.01299929          0.00000430          0.00000981
   131    N1        177.81859830          0.00318215          0.01280255          0.00000423          0.00000966
   132    N1        177.81859811          0.00313410          0.01260892          0.00000417          0.00000951
   133    N1        177.81859792          0.00308678          0.01241831          0.00000410          0.00000937
   134    N1        177.81859774          0.00304018          0.01223066          0.00000404          0.00000923
   135    N1        177.81859756          0.00299429          0.01204590          0.00000398          0.00000909
   136    N1        177.81859739          0.00294910          0.01186398          0.00000392          0.00000895
   137    N1        177.81859723          0.00290459          0.01168485          0.00000386          0.00000882
   138    N1        177.81859707          0.00286076          0.01150844          0.00000380          0.00000868
   139    N1        177.81859691          0.00281759          0.01133472          0.00000375          0.00000855
   140    N1        177.81859676          0.00277507          0.01116364          0.00000369          0.00000842
   141    N1        177.81859662          0.00273320          0.01099516          0.00000363          0.00000830
   142    N1        177.81859647          0.00269195          0.01082923          0.00000358          0.00000817
   143    N1        177.81859634          0.00265134          0.01066582          0.00000352          0.00000805
   144    N1        177.81859620          0.00261134          0.01050488          0.00000347          0.00000793
   145    N1        177.81859607          0.00257194          0.01034638          0.00000342          0.00000781
   146    N1        177.81859595          0.00253314          0.01019028          0.00000337          0.00000769
   147    N1        177.81859583          0.00249492          0.01003654          0.00000332          0.00000757
   148    N1        177.81859571          0.00245728          0.00988512          0.00000327          0.00000746
   149    N1        177.81859559          0.00242021          0.00973599          0.00000322          0.00000735
   150    N1        177.81859548          0.00238370          0.00958912          0.00000317          0.00000724
   151    N1        177.81859537          0.00234775          0.00944446          0.00000312          0.00000713
   152    N1        177.81859527          0.00231233          0.00930199          0.00000307          0.00000702
   153    N1        177.81859517          0.00227745          0.00916168          0.00000303          0.00000691
   154    N1        177.81859507          0.00224310          0.00902348          0.00000298          0.00000681
   155    N1        177.81859497          0.00220927          0.00888738          0.00000294          0.00000671
   156    N1        177.81859488          0.00217594          0.00875333          0.00000289          0.00000661
   157    N1        177.81859479          0.00214313          0.00862130          0.00000285          0.00000651
   158    N1        177.81859470          0.00211080          0.00849127          0.00000281          0.00000641
   159    N1        177.81859462          0.00207897          0.00836320          0.00000276          0.00000631
   160    N1        177.81859454          0.00204761          0.00823707          0.00000272          0.00000622
   161    N1        177.81859446          0.00201673          0.00811284          0.00000268          0.00000612
   162    N1        177.81859438          0.00198632          0.00799049          0.00000264          0.00000603
   163    N1        177.81859431          0.00195636          0.00786998          0.00000260          0.00000594
   164    N1        177.81859423          0.00192686          0.00775130          0.00000256          0.00000585
   165    N1        177.81859416          0.00189780          0.00763441          0.00000252          0.00000576
   166    N1        177.81859409          0.00186919          0.00751928          0.00000248          0.00000567
   167    N1        177.81859403          0.00184100          0.00740589          0.00000245          0.00000559
   168    N1        177.81859396          0.00181324          0.00729421          0.00000241          0.00000550
   169    N1        177.81859390          0.00178590          0.00718422          0.00000237          0.00000542
   170    N1        177.81859384          0.00175897          0.00707589          0.00000234          0.00000534
   171    N1        177.81859378          0.00173244          0.00696920          0.00000230          0.00000526
   172    N1        177.81859373          0.00170632          0.00686412          0.00000227          0.00000518
   173    N1        177.81859367          0.00168060          0.00676062          0.00000223          0.00000510
   174    N1        177.81859362          0.00165526          0.00665868          0.00000220          0.00000502
   175    N1        177.81859356          0.00163030          0.00655829          0.00000217          0.00000495
   176    N1        177.81859351          0.00160572          0.00645940          0.00000213          0.00000487
   177    N1        177.81859346          0.00158151          0.00636202          0.00000210          0.00000480
   178    N1        177.81859342          0.00155767          0.00626610          0.00000207          0.00000473
   179    N1        177.81859337          0.00153418          0.00617162          0.00000204          0.00000466
   180    N1        177.81859333          0.00151105          0.00607858          0.00000201          0.00000459
   181    N1        177.81859328          0.00148827          0.00598694          0.00000198          0.00000452
   182    N1        177.81859324          0.00146584          0.00589668          0.00000195          0.00000445
   183    N1        177.81859320          0.00144374          0.00580778          0.00000192          0.00000438
   184    N1        177.81859316          0.00142197          0.00572023          0.00000189          0.00000432
   185    N1        177.81859312          0.00140054          0.00563400          0.00000186          0.00000425
   186    N1        177.81859309          0.00137942          0.00554906          0.00000183          0.00000419
   187    N1        177.81859305          0.00135863          0.00546541          0.00000181          0.00000412
   188    N1        177.81859301          0.00133815          0.00538302          0.00000178          0.00000406
   189    N1        177.81859298          0.00131798          0.00530188          0.00000175          0.00000400
   190    N1        177.81859295          0.00129811          0.00522196          0.00000172          0.00000394
   191    N1        177.81859291          0.00127854          0.00514324          0.00000170          0.00000388
   192    N1        177.81859288          0.00125927          0.00506571          0.00000167          0.00000382
   193    N1        177.81859285          0.00124029          0.00498936          0.00000165          0.00000376
   194    N1        177.81859282          0.00122159          0.00491415          0.00000162          0.00000371
   195    N1        177.81859280          0.00120318          0.00484008          0.00000160          0.00000365
   196    N1        177.81859277          0.00118505          0.00476712          0.00000157          0.00000360
   197    N1        177.81859274          0.00116718          0.00469527          0.00000155          0.00000354
   198    N1        177.81859272          0.00114959          0.00462450          0.00000153          0.00000349
   199    N1        177.81859269          0.00113227          0.00455480          0.00000150          0.00000344
   200    N1        177.81859267          0.00111520          0.00448615          0.00000148          0.00000338
   201    N1        177.81859264          0.00109839          0.00441853          0.00000146          0.00000333
   202    N1        177.81859262          0.00108184          0.00435194          0.00000144          0.00000328
   203    N1        177.81859260          0.00106553          0.00428635          0.00000142          0.00000323
   204    N1        177.81859258          0.00104947          0.00422174          0.00000139          0.00000319
   205    N1        177.81859256          0.00103366          0.00415812          0.00000137          0.00000314
   206    N1        177.81859254          0.00101798          0.00409506          0.00000136          0.00000311
   207    N1        177.81859252          0.00100231          0.00403201          0.00000136          0.00000311
   208    N1        177.81859250          0.00098663          0.00396896          0.00000136          0.00000311
----------------------------------------------------------------------------------------------------------------

Minimization converged.

-------------------------- Baker Optimizer Statistics --------------------------
Iterations             =            208  Function Calls         =            209
--------------------------------------------------------------------------------

--------------------------------- Summary of Energy Terms --------------------------------
Potential Energy          =         177.8186  RMS Gradient              =             None
Fourier Dihedral          =         143.8152  Harmonic Angle            =          14.8804
Harmonic Bond             =           1.1798  MM/MM Elect.              =          13.1243
MM/MM 1-4 Elect.          =          -3.7280  MM/MM LJ                  =          -2.3154
MM/MM 1-4 LJ              =          10.8623
------------------------------------------------------------------------------------------

Energy change after search =              95.2586

