
--------------------------------------------------------------------------------
   Summary for System "bALA C7 equatorial configuration (OPLS-AA force field)"
--------------------------------------------------------------------------------

---------------------------- Atom Container Summary ----------------------------
Number of Atoms        =             22  Number of Heavy Atoms  =             10
Number of Hydrogens    =             12  Number of Unknowns     =              0
--------------------------------------------------------------------------------

----------------------------- Connectivity Summary -----------------------------
Atoms                  =             22
--------------------------------------------------------------------------------

----------------------------------------------------------------------------
                     Inertia Matrix Before Reorientation
----------------------------------------------------------------------------
                            0                  1                  2
0                         407.74933964       129.88228334       115.86319533
1                         129.88228334       504.02555446        46.38473982
2                         115.86319533        46.38473982       614.76653796
----------------------------------------------------------------------------

----------------------------------------------------------------------------
                     Inertia Matrix After Reorientation
----------------------------------------------------------------------------
                            0                  1                  2
0                         300.40158121        -0.00000000        -0.00000000
1                          -0.00000000       510.16446858        -0.00000000
2                          -0.00000000        -0.00000000       715.97538228
----------------------------------------------------------------------------

----------------------------------------
        RMS Coordinate Deviations
----------------------------------------
      Structure       Before     After
----------------------------------------
bala_alpha                2.11      1.48
bala_c5                   1.83      1.15
bala_c7ax                 2.16      1.28
----------------------------------------
