
--------------------------------------------------------------------------------
                    Summary for System "Water - XYZ format."
--------------------------------------------------------------------------------

---------------------------- Atom Container Summary ----------------------------
Number of Atoms        =              3  Number of Heavy Atoms  =              1
Number of Hydrogens    =              2  Number of Unknowns     =              0
--------------------------------------------------------------------------------

----------------------------- Connectivity Summary -----------------------------
Atoms                  =              3
--------------------------------------------------------------------------------

------------------------------- Electronic State -------------------------------
Charge                 =              0  Multiplicity           =              1
--------------------------------------------------------------------------------

--------------------------------------------------------------------------------
                         Summary for Energy Model "AM1"
--------------------------------------------------------------------------------

-------------------------- Summary for QC Model "AM1" --------------------------
Number of QC Atoms     =              3  Boundary Atoms         =              0
Nuclear Charge         =              8  Orbital Functions      =              6
Fitting Functions      =              0  Energy Base Line       =       12.71504
QC Parameter Centers   =              2
--------------------------------------------------------------------------------

------------------------ DIIS/ODA SCF Converger Summary ------------------------
Maximum Cycles         =            100  DIIS Matrices          =             10
Density Tolerance      =          1e-08  Energy Tolerance       =         0.0002
DIIS Onset             =            0.2
--------------------------------------------------------------------------------

--------------------------------------------------------------------------------------------------------------
   Cycle         Energy           Energy Change    RMS Density Change    Max. DIIS Error        Operation
--------------------------------------------------------------------------------------------------------------
         0        -16.07388398          0.00000000          0.00000000          0.00000000
         0        -18.13328065        -16.07388398          0.38490018          0.00000000
         1        -18.14665652         -2.05939668          0.03590874          0.08380636     ODA           1
         2        -18.14813032         -0.01337587          0.01197475          0.02721637     ODA           1
         3        -18.14831257         -0.00147380          0.00096933          0.00859621    DIIS           3
         4        -18.14831260         -0.00018225          0.00010660          0.00009265    DIIS           4
         5        -18.14831260         -0.00000003          0.00000014          0.00001441    DIIS           5
         6        -18.14831260         -0.00000000          0.00000000          0.00000002    DIIS           5
--------------------------------------------------------------------------------------------------------------

-------------------------- MNDO QC Model State Summary -------------------------
Electronic Energy      =     -18.148313  Nuclear Energy         =      5.3390545
One-Electron Energy    =     -30.257728  Two-Electron Energy    =      12.109416
SCF Convergence        =           True  SCF Cycles             =              6
--------------------------------------------------------------------------------

--------------------------------- Summary of Energy Terms --------------------------------
Potential Energy          =        -247.3708  RMS Gradient              =             None
Pure QC                   =        -247.3708
------------------------------------------------------------------------------------------

--------------------------------------------------------------------------------
                    Summary for System "Water - XYZ format."
--------------------------------------------------------------------------------

---------------------------- Atom Container Summary ----------------------------
Number of Atoms        =              3  Number of Heavy Atoms  =              1
Number of Hydrogens    =              2  Number of Unknowns     =              0
--------------------------------------------------------------------------------

----------------------------- Connectivity Summary -----------------------------
Atoms                  =              3
--------------------------------------------------------------------------------

------------------------------- Electronic State -------------------------------
Charge                 =              0  Multiplicity           =              1
--------------------------------------------------------------------------------

--------------------------------------------------------------------------------
                         Summary for Energy Model "MNDO"
--------------------------------------------------------------------------------

-------------------------- Summary for QC Model "MNDO" -------------------------
Number of QC Atoms     =              3  Boundary Atoms         =              0
Nuclear Charge         =              8  Orbital Functions      =              6
Fitting Functions      =              0  Energy Base Line       =       12.81752
QC Parameter Centers   =              2
--------------------------------------------------------------------------------

------------------------ DIIS/ODA SCF Converger Summary ------------------------
Maximum Cycles         =            100  DIIS Matrices          =             10
Density Tolerance      =          1e-08  Energy Tolerance       =         0.0002
DIIS Onset             =            0.2
--------------------------------------------------------------------------------

--------------------------------------------------------------------------------------------------------------
   Cycle         Energy           Energy Change    RMS Density Change    Max. DIIS Error        Operation
--------------------------------------------------------------------------------------------------------------
         0        -16.14217738          0.00000000          0.00000000          0.00000000
         0        -18.33132771        -16.14217738          0.38490018          0.00000000
         1        -18.34257872         -2.18915033          0.03220567          0.08137253     ODA           1
         2        -18.34374131         -0.01125102          0.01039592          0.02593721     ODA           1
         3        -18.34387568         -0.00116259          0.00052690          0.00811639    DIIS           3
         4        -18.34387571         -0.00013436          0.00023747          0.00012971    DIIS           4
         5        -18.34387571         -0.00000004          0.00000020          0.00001792    DIIS           5
         6        -18.34387571         -0.00000000          0.00000000          0.00000006    DIIS           5
--------------------------------------------------------------------------------------------------------------

-------------------------- MNDO QC Model State Summary -------------------------
Electronic Energy      =     -18.343876  Nuclear Energy         =      5.4295604
One-Electron Energy    =     -30.407782  Two-Electron Energy    =      12.063906
SCF Convergence        =           True  SCF Cycles             =              6
--------------------------------------------------------------------------------

--------------------------------- Summary of Energy Terms --------------------------------
Potential Energy          =        -254.1313  RMS Gradient              =             None
Pure QC                   =        -254.1313
------------------------------------------------------------------------------------------

--------------------------------------------------------------------------------
                    Summary for System "Water - XYZ format."
--------------------------------------------------------------------------------

---------------------------- Atom Container Summary ----------------------------
Number of Atoms        =              3  Number of Heavy Atoms  =              1
Number of Hydrogens    =              2  Number of Unknowns     =              0
--------------------------------------------------------------------------------

----------------------------- Connectivity Summary -----------------------------
Atoms                  =              3
--------------------------------------------------------------------------------

------------------------------- Electronic State -------------------------------
Charge                 =              0  Multiplicity           =              1
--------------------------------------------------------------------------------

--------------------------------------------------------------------------------
                         Summary for Energy Model "PM3"
--------------------------------------------------------------------------------

-------------------------- Summary for QC Model "PM3" --------------------------
Number of QC Atoms     =              3  Boundary Atoms         =              0
Nuclear Charge         =              8  Orbital Functions      =              6
Fitting Functions      =              0  Energy Base Line       =       11.85498
QC Parameter Centers   =              2
--------------------------------------------------------------------------------

------------------------ DIIS/ODA SCF Converger Summary ------------------------
Maximum Cycles         =            100  DIIS Matrices          =             10
Density Tolerance      =          1e-08  Energy Tolerance       =         0.0002
DIIS Onset             =            0.2
--------------------------------------------------------------------------------

--------------------------------------------------------------------------------------------------------------
   Cycle         Energy           Energy Change    RMS Density Change    Max. DIIS Error        Operation
--------------------------------------------------------------------------------------------------------------
         0        -15.49247702          0.00000000          0.00000000          0.00000000
         0        -17.41467574        -15.49247702          0.38490018          0.00000000
         1        -17.41733204         -1.92219872          0.01591028          0.03715077     ODA           1
         2        -17.41777242         -0.00265629          0.00642102          0.01496706     ODA           1
         3        -17.41786032         -0.00044038          0.00006128          0.00606042    DIIS           3
         4        -17.41786033         -0.00008791          0.00004648          0.00002579    DIIS           4
         5        -17.41786033         -0.00000000          0.00000060          0.00000443    DIIS           5
         6        -17.41786033         -0.00000000          0.00000000          0.00000005    DIIS           4
--------------------------------------------------------------------------------------------------------------

-------------------------- MNDO QC Model State Summary -------------------------
Electronic Energy      =      -17.41786  Nuclear Energy         =      5.4780155
One-Electron Energy    =     -28.868266  Two-Electron Energy    =      11.450406
SCF Convergence        =           True  SCF Cycles             =              6
--------------------------------------------------------------------------------

--------------------------------- Summary of Energy Terms --------------------------------
Potential Energy          =        -222.8239  RMS Gradient              =             None
Pure QC                   =        -222.8239
------------------------------------------------------------------------------------------

--------------------------------------------------------------------------------------------------------------
                                        Energy Model Results for Water
--------------------------------------------------------------------------------------------------------------
   Model         Energy                                  Charges                                 Dipole
--------------------------------------------------------------------------------------------------------------
AM1                     -247.4              -0.388               0.194               0.194               1.849
MNDO                    -254.1              -0.321               0.161               0.161               1.788
PM3                     -222.8              -0.353               0.176               0.176               1.754
--------------------------------------------------------------------------------------------------------------
