
--------------------------------------------------------------------------------
                   Summary for System "Methane - MOL format."
--------------------------------------------------------------------------------

---------------------------- Atom Container Summary ----------------------------
Number of Atoms        =              5  Number of Heavy Atoms  =              1
Number of Hydrogens    =              4  Number of Unknowns     =              0
--------------------------------------------------------------------------------

----------------------------- Connectivity Summary -----------------------------
Atoms                  =              5  Bonds                  =              4
Angles                 =              6  Dihedrals              =              0
Isolates               =              1  Ring Sets              =              0
--------------------------------------------------------------------------------

---------------------- Solvation By Superposition Summary ----------------------
Solute Atoms           =              5  Solvent Atoms          =            636
Atoms Removed          =             12  Solute/Solvent Pairs   =              4
--------------------------------------------------------------------------------

--------------------------------------------------------------------------------
                     Summary for System "Methane in Water."
--------------------------------------------------------------------------------

---------------------------- Atom Container Summary ----------------------------
Number of Atoms        =            641  Number of Heavy Atoms  =            213
Number of Hydrogens    =            428  Number of Unknowns     =              0
--------------------------------------------------------------------------------

----------------------------- Connectivity Summary -----------------------------
Atoms                  =            641  Bonds                  =            428
Angles                 =            218  Dihedrals              =              0
Isolates               =            213  Ring Sets              =              0
--------------------------------------------------------------------------------

--------------------------------------------------------------------------------
                   Summary for Energy Model "OPLS/Monte Carlo"
--------------------------------------------------------------------------------

------------------------------------ Summary for MM Model "OPLS" -----------------------------------
LJ 1-4 Scaling                   =          0.500  El. 1-4 Scaling                  =          0.500
Number of MM Atoms               =            641  Number of MM Atom Types          =              4
Total MM Charge                  =           0.00  Harmonic Angle Terms             =            218
Harmonic Angle Parameters        =              2  Harmonic Bond Terms              =            428
Harmonic Bond Parameters         =              2  Urey-Bradley Terms               =            212
Urey-Bradley Parameters          =              1  Exclusions                       =            646
1-4 Interactions                 =              0  Lennard-Jones Form               =           OPLS
Lennard-Jones Types              =              4  1-4 Lennard-Jones Form           =           OPLS
1-4 Lennard-Jones Types          =              4
----------------------------------------------------------------------------------------------------

------------------------- Monte Carlo NB Model Summary -------------------------
Buffer                 =       0.500000  Cutoff                 =       8.500000
Dielectric             =       1.000000
--------------------------------------------------------------------------------

------------------------------- Symmetry Summary -------------------------------
Crystal Class          =          Cubic
--------------------------------------------------------------------------------

----------------------- Transformation3 Container Summary ----------------------
Transformations        =              1  Identity               =              0
Inverse Pairs          =              0  Self Inverses          =              1
Absent Inverses        =              0
--------------------------------------------------------------------------------

------------------------ Monte Carlo Simulation Options ------------------------
Acceptance Ratio     =              0.4  Adjust Frequency     =             1000
Blocks               =               10  Input RNG            =            False
Log Frequency        =                1  Max. Rotation        =               15
Max. Translation     =             0.15  Max. Volume Change   =              400
Moves                =           100000  Pressure             =                1
Temperature          =              300  Trajectories         =            False
Volume Frequency     =              500
--------------------------------------------------------------------------------

------------------------------------------------------------------------------------------------------------------------
                                               Monte Carlo Run Statistics
------------------------------------------------------------------------------------------------------------------------
  Block      Accept.           <E>           <dE^2>            <H>           <dH^2>            <V>           <dV^2>
------------------------------------------------------------------------------------------------------------------------
       0          0.4008      -8339.9168       8468.9608      -8339.5235       8469.2187       6446.0739       5250.8030
       1          0.4044      -8413.1780       3187.3661      -8412.7855       3187.4648       6432.2574       3740.6695
       2          0.3993      -8348.0758       5065.1279      -8347.6815       5065.6343       6462.0081       7133.1777
       3          0.4004      -8338.8296      12612.6876      -8338.4399      12613.4232       6385.9664       5657.2194
       4          0.4008      -8384.9832       5744.6470      -8384.5854       5745.3759       6519.0584      12940.9788
       5          0.4008      -8334.8219      11160.2946      -8334.4192      11161.3144       6600.4179      10326.0766
       6          0.3983      -8402.1349       4528.2037      -8401.7353       4528.4873       6547.6877       4522.1308
       7          0.3988      -8300.3529       2944.4931      -8299.9543       2944.6984       6531.7651       5073.9825
       8          0.4034      -8299.5357       5606.3895      -8299.1346       5606.8669       6572.3642       7908.1696
       9          0.3997      -8366.4005       5510.9024      -8366.0034       5511.0448       6507.3455       6570.6253
     Run          0.4007      -8352.8229       7842.3705      -8352.4263       7842.8879       6500.4945      11008.6186
   Block               -      -8352.8229       1359.4632      -8352.4263       1359.5350       6500.4945       4096.2353
------------------------------------------------------------------------------------------------------------------------

------------------------------ Adjusted Move Sizes -----------------------------
Max. Rotation        =          17.4206  Max. Translation     =         0.174206
Max. Vol. Move       =          281.646
--------------------------------------------------------------------------------
