
--------------------------------------------------------------------------------
    Summary for System "Cyclohexane chair conformation - OPLS-AA optimized."
--------------------------------------------------------------------------------

---------------------------- Atom Container Summary ----------------------------
Number of Atoms        =             18  Number of Heavy Atoms  =              6
Number of Hydrogens    =             12  Number of Unknowns     =              0
--------------------------------------------------------------------------------

----------------------------- Connectivity Summary -----------------------------
Atoms                  =             18  Bonds                  =             18
Angles                 =             36  Dihedrals              =             54
Isolates               =              1  Ring Sets              =              1
--------------------------------------------------------------------------------

--------------------------------------------------------------------------------
                      Summary for Energy Model "OPLS/Full"
--------------------------------------------------------------------------------

------------------------------------ Summary for MM Model "OPLS" -----------------------------------
LJ 1-4 Scaling                   =          0.500  El. 1-4 Scaling                  =          0.500
Number of MM Atoms               =             18  Number of MM Atom Types          =              2
Total MM Charge                  =           0.00  Fourier Dihedral Terms           =             66
Fourier Dihedral Parameters      =              5  Harmonic Angle Terms             =             36
Harmonic Angle Parameters        =              3  Harmonic Bond Terms              =             18
Harmonic Bond Parameters         =              2  Exclusions                       =            105
1-4 Interactions                 =             51  Lennard-Jones Form               =           OPLS
Lennard-Jones Types              =              2  1-4 Lennard-Jones Form           =           OPLS
1-4 Lennard-Jones Types          =              2
----------------------------------------------------------------------------------------------------

----------------------------- Full NB Model Summary ----------------------------
Dielectric                =    1.000000  El. 1-4 Scaling           =    0.500000
QC/MM Coupling            = RC Coupling
--------------------------------------------------------------------------------

------------------------------------------------------------------------------------------------
                                 Harmonic Frequencies (cm^(-1))
------------------------------------------------------------------------------------------------
      -0.000      -0.000      -0.000       0.000       0.000       0.000     287.699     287.699
     443.542     443.542     444.304     557.360     754.572     778.287     778.287     803.686
     803.686     859.405     928.917     931.842     931.842     935.960     935.960    1041.067
    1086.805    1111.287    1123.175    1123.175    1129.696    1129.696    1267.061    1315.599
    1315.599    1375.872    1375.872    1409.018    1440.869    1443.100    1447.023    1447.023
    1467.136    1467.136    2909.764    2912.548    2912.548    2916.579    2916.579    2919.245
    2975.133    2975.133    2976.468    2977.628    2977.628    2981.649
------------------------------------------------------------------------------------------------
