
--------------------------------------------------------------------------------
       Summary for System "bALA C7 equatorial configuration - MOL format."
--------------------------------------------------------------------------------

---------------------------- Atom Container Summary ----------------------------
Number of Atoms        =             22  Number of Heavy Atoms  =             10
Number of Hydrogens    =             12  Number of Unknowns     =              0
--------------------------------------------------------------------------------

----------------------------- Connectivity Summary -----------------------------
Atoms                  =             22  Bonds                  =             21
Angles                 =             36  Dihedrals              =             41
Isolates               =              1  Ring Sets              =              0
--------------------------------------------------------------------------------

--------------------------------------------------------------------------------
                      Summary for Energy Model "OPLS/Full"
--------------------------------------------------------------------------------

------------------------------------ Summary for MM Model "OPLS" -----------------------------------
LJ 1-4 Scaling                   =          0.500  El. 1-4 Scaling                  =          0.500
Number of MM Atoms               =             22  Number of MM Atom Types          =              6
Total MM Charge                  =           0.00  Fourier Dihedral Terms           =             29
Fourier Dihedral Parameters      =             18  Harmonic Angle Terms             =             36
Harmonic Angle Parameters        =             13  Harmonic Bond Terms              =             21
Harmonic Bond Parameters         =              7  Fourier Out-Of-Plane Terms       =             12
Fourier Out-Of-Plane Parameters  =              2  Exclusions                       =             98
1-4 Interactions                 =             41  Lennard-Jones Form               =           OPLS
Lennard-Jones Types              =              6  1-4 Lennard-Jones Form           =           OPLS
1-4 Lennard-Jones Types          =              6
----------------------------------------------------------------------------------------------------

----------------------------- Full NB Model Summary ----------------------------
Dielectric                =    1.000000  El. 1-4 Scaling           =    0.500000
QC/MM Coupling            = RC Coupling
--------------------------------------------------------------------------------

Full NB Model State set up.

--------------------------------- Summary of Energy Terms --------------------------------
Potential Energy          =        -168.0306  RMS Gradient              =             None
Fourier Dihedral          =          14.9277  Harmonic Angle            =           3.2424
Harmonic Bond             =           0.9582  Fourier Out-Of-Plane      =           0.2528
MM/MM Elect.              =        -303.4207  MM/MM 1-4 Elect.          =         103.2125
MM/MM LJ                  =          -2.7325  MM/MM 1-4 LJ              =          15.5290
------------------------------------------------------------------------------------------

-------------------------------  Conjugate Gradient Minimizer Options ------------------------------
Beta Type                        =              1  Initial Step                     =            0.1
Line Searcher                    =           None  Log Frequency                    =            100
Maximum Iterations               =           2000  Maximum Theta                    =          1e+10
Minimum Theta                    =          1e-10  RMS Gradient Tolerance           =            0.1
Steepest Descent Tolerance       =          0.001  Use Spectral Theta               =           True
----------------------------------------------------------------------------------------------------

----------------------------------------------------------------------------------------------------------------
  Iteration       Function          RMS Gradient        Max. |Grad.|          RMS Disp.         Max. |Disp.|
----------------------------------------------------------------------------------------------------------------
     0     I       -168.03056529          2.94590251          9.69653103          0.01230915          0.04051595
----------------------------------------------------------------------------------------------------------------

Minimization converged.

-------------------  Conjugate Gradient Minimizer Statistics -------------------
Iterations             =             41  Function Calls         =             77
--------------------------------------------------------------------------------

-------------------------------- Velocity Verlet Integrator Options --------------------------------
Log Frequency                    =            100  Maximum Iterations               =           1000
Temperature Handling             =         Linear  Temperature Scale                =            290
Temperature Scale Frequency      =            100  Temperature Start                =             10
Temperature Stop                 =            300  Time Step                        =          0.001
----------------------------------------------------------------------------------------------------

----------------------------------------------------------------------------------------------------
                                 Velocity Verlet Integrator Results
----------------------------------------------------------------------------------------------------
        Time            Total Energy       Kinetic Energy     Potential Energy       Temperature
----------------------------------------------------------------------------------------------------
          0.00000000       -165.94237896          2.49434181       -168.43672076         10.00000000
          0.10000000       -157.61477850          9.72793305       -167.34271154         39.00000000
          0.20000000       -146.68069672         16.96152428       -163.64222100         68.00000000
          0.30000000       -134.42756544         24.19511552       -158.62268096         97.00000000
          0.40000000       -119.44643862         31.42870676       -150.87514538        126.00000000
          0.50000000        -99.85779496         38.66229800       -138.52009296        155.00000000
          0.60000000        -80.81473979         45.89588924       -126.71062903        184.00000000
          0.70000000        -76.61390946         53.12948048       -129.74338994        213.00000000
          0.80000000        -73.48661481         60.36307172       -133.84968653        242.00000000
          0.90000000        -65.08818829         67.59666296       -132.68485125        271.00000000
          1.00000000        -41.52947692         74.83025420       -116.35973112        300.00000000
Averages                   -111.84737676         27.97247665       -139.81985341        112.14371895
RMS Deviations               35.79912247         19.54796952         19.97442826         78.36924944
----------------------------------------------------------------------------------------------------

-------------------------------- Velocity Verlet Integrator Options --------------------------------
Log Frequency                    =            500  Maximum Iterations               =           5000
Temperature Handling             =       Constant  Temperature Scale                =              0
Temperature Scale Frequency      =            100  Temperature Start                =            300
Temperature Stop                 =            300  Time Step                        =          0.001
----------------------------------------------------------------------------------------------------

----------------------------------------------------------------------------------------------------
                                 Velocity Verlet Integrator Results
----------------------------------------------------------------------------------------------------
        Time            Total Energy       Kinetic Energy     Potential Energy       Temperature
----------------------------------------------------------------------------------------------------
          0.00000000        -41.52947692         74.83025420       -116.35973112        300.00000000
          0.50000000        -27.75008979         74.83025420       -102.58034399        300.00000000
          1.00000000          1.73225406         74.83025420        -73.09800013        300.00000000
          1.50000000        -21.96049572         74.83025420        -96.79074992        300.00000000
          2.00000000        -34.72614023         74.83025420       -109.55639443        300.00000000
          2.50000000        -19.65601829         74.83025420        -94.48627249        300.00000000
          3.00000000        -22.66733676         74.83025420        -97.49759096        300.00000000
          3.50000000        -33.25456855         74.83025420       -108.08482275        300.00000000
          4.00000000         -7.02568405         74.83025420        -81.85593825        300.00000000
          4.50000000        -17.48252589         74.83025420        -92.31278009        300.00000000
          5.00000000        -20.27855775         74.83025420        -95.10881195        300.00000000
Averages                    -22.84605299         74.77638015        -97.62243314        299.78401497
RMS Deviations               13.46113460         12.14622956         12.11634753         48.69512881
----------------------------------------------------------------------------------------------------

-------------------------------- Velocity Verlet Integrator Options --------------------------------
Log Frequency                    =            500  Maximum Iterations               =          10000
Temperature Handling             =           None  Temperature Scale                =              0
Temperature Scale Frequency      =              0  Temperature Start                =           None
Temperature Stop                 =           None  Time Step                        =          0.001
----------------------------------------------------------------------------------------------------

----------------------------------------------------------------------------------------------------
                                 Velocity Verlet Integrator Results
----------------------------------------------------------------------------------------------------
        Time            Total Energy       Kinetic Energy     Potential Energy       Temperature
----------------------------------------------------------------------------------------------------
          0.00000000        -20.60007214         74.50873980        -95.10881195        298.71102511
          0.50000000        -20.24911120         70.48745172        -90.73656292        282.58938504
          1.00000000        -20.15205526         78.65869602        -98.81075128        315.34850521
          1.50000000        -20.57067130         84.59289045       -105.16356176        339.13912772
          2.00000000        -20.50998236         81.03243042       -101.54241278        324.86498122
          2.50000000        -20.83269647         79.62487622       -100.45757269        319.22199279
          3.00000000        -20.18795326         70.69509109        -90.88304436        283.42182658
          3.50000000        -20.05667814         73.98451756        -94.04119570        296.60937952
          4.00000000        -20.66846044         85.16629956       -105.83476000        341.43796704
          4.50000000        -19.98357541         66.07353612        -86.05711152        264.89367231
          5.00000000        -20.16622212         84.94915892       -105.11538104        340.56743426
          5.50000000        -20.01536690         77.15149162        -97.16685852        309.30601178
          6.00000000        -20.27156042         74.87461092        -95.14617134        300.17782935
          6.50000000        -20.47468350         83.88447007       -104.35915357        336.29901824
          7.00000000        -20.07815454         62.83897470        -82.91712924        251.92607737
          7.50000000        -20.27414099         70.62518782        -90.89932881        283.14157920
          8.00000000        -20.09646384         60.89580897        -80.99227281        244.13578288
          8.50000000        -20.79159867         89.20833533       -109.99993401        357.64278616
          9.00000000        -20.36827838         71.25249026        -91.62076864        285.65648088
          9.50000000        -19.78113816         59.51873997        -79.29987813        238.61501183
         10.00000000        -20.12562139         83.49237471       -103.61799610        334.72707905
Averages                    -20.23528228         73.51882453        -93.75410681        294.74238187
RMS Deviations                0.25526559          9.88291159         10.03414931         39.62132039
----------------------------------------------------------------------------------------------------
