
--------------------------------------------------------------------------------
                           Summary for System "Water"
--------------------------------------------------------------------------------

---------------------------- Atom Container Summary ----------------------------
Number of Atoms        =              3  Number of Heavy Atoms  =              1
Number of Hydrogens    =              2  Number of Unknowns     =              0
--------------------------------------------------------------------------------

----------------------------- Connectivity Summary -----------------------------
Atoms                  =              3
--------------------------------------------------------------------------------

--------------------------------------------------------------------------------
                        Summary for System "Water Dimer"
--------------------------------------------------------------------------------

---------------------------- Atom Container Summary ----------------------------
Number of Atoms        =              6  Number of Heavy Atoms  =              2
Number of Hydrogens    =              4  Number of Unknowns     =              0
--------------------------------------------------------------------------------

----------------------------- Connectivity Summary -----------------------------
Atoms                  =              6
--------------------------------------------------------------------------------

--------------------------------------------------------------------------------
                          Summary for System "Hydroxyl"
--------------------------------------------------------------------------------

---------------------------- Atom Container Summary ----------------------------
Number of Atoms        =              2  Number of Heavy Atoms  =              1
Number of Hydrogens    =              1  Number of Unknowns     =              0
--------------------------------------------------------------------------------

----------------------------- Connectivity Summary -----------------------------
Atoms                  =              2
--------------------------------------------------------------------------------
