
--------------------------------------------------------------------------------
   Summary for System "bALA C7 equatorial configuration (OPLS-AA force field)"
--------------------------------------------------------------------------------

---------------------------- Atom Container Summary ----------------------------
Number of Atoms        =             22  Number of Heavy Atoms  =             10
Number of Hydrogens    =             12  Number of Unknowns     =              0
--------------------------------------------------------------------------------

----------------------------- Connectivity Summary -----------------------------
Atoms                  =             22
--------------------------------------------------------------------------------

------------------------------- Electronic State -------------------------------
Charge                 =              0  Multiplicity           =              1
--------------------------------------------------------------------------------

--------------------------------------------------------------------------------
                         Summary for Energy Model "AM1"
--------------------------------------------------------------------------------

-------------------------- Summary for QC Model "AM1" --------------------------
Number of QC Atoms     =             22  Boundary Atoms         =              0
Nuclear Charge         =             58  Orbital Functions      =             52
Fitting Functions      =              0  Energy Base Line       =       72.95504
QC Parameter Centers   =              4
--------------------------------------------------------------------------------

Maximum absolute gradient difference = 0.000063
