
--------------------------------------------------------------------------------
                    Summary for System "Water - MOL format."
--------------------------------------------------------------------------------

---------------------------- Atom Container Summary ----------------------------
Number of Atoms        =              3  Number of Heavy Atoms  =              1
Number of Hydrogens    =              2  Number of Unknowns     =              0
--------------------------------------------------------------------------------

----------------------------- Connectivity Summary -----------------------------
Atoms                  =              3  Bonds                  =              2
Angles                 =              1  Dihedrals              =              0
Isolates               =              1  Ring Sets              =              0
--------------------------------------------------------------------------------

--------------------------- Cubic Solvent Box Summary --------------------------
Number of Molecules    =            215  Density (kg m^-3)      =        995.370
Box Volume             =       6461.656
--------------------------------------------------------------------------------

--------------------------------------------------------------------------------
                         Summary for System "Water Box"
--------------------------------------------------------------------------------

---------------------------- Atom Container Summary ----------------------------
Number of Atoms        =            645  Number of Heavy Atoms  =            215
Number of Hydrogens    =            430  Number of Unknowns     =              0
--------------------------------------------------------------------------------

----------------------------- Connectivity Summary -----------------------------
Atoms                  =            645  Bonds                  =            430
Angles                 =            215  Dihedrals              =              0
Isolates               =            215  Ring Sets              =              0
--------------------------------------------------------------------------------

--------------------------------------------------------------------------------
                   Summary for Energy Model "OPLS/Monte Carlo"
--------------------------------------------------------------------------------

------------------------------------ Summary for MM Model "OPLS" -----------------------------------
LJ 1-4 Scaling                   =          0.500  El. 1-4 Scaling                  =          0.500
Number of MM Atoms               =            645  Number of MM Atom Types          =              2
Total MM Charge                  =           0.00  Harmonic Angle Terms             =            215
Harmonic Angle Parameters        =              1  Harmonic Bond Terms              =            430
Harmonic Bond Parameters         =              1  Urey-Bradley Terms               =            215
Urey-Bradley Parameters          =              1  Exclusions                       =            645
1-4 Interactions                 =              0  Lennard-Jones Form               =           OPLS
Lennard-Jones Types              =              2  1-4 Lennard-Jones Form           =           OPLS
1-4 Lennard-Jones Types          =              2
----------------------------------------------------------------------------------------------------

------------------------- Monte Carlo NB Model Summary -------------------------
Buffer                 =       0.500000  Cutoff                 =       8.500000
Dielectric             =       1.000000
--------------------------------------------------------------------------------

------------------------------- Symmetry Summary -------------------------------
Crystal Class          =          Cubic
--------------------------------------------------------------------------------

----------------------- Transformation3 Container Summary ----------------------
Transformations        =              1  Identity               =              0
Inverse Pairs          =              0  Self Inverses          =              1
Absent Inverses        =              0
--------------------------------------------------------------------------------

------------------------ Monte Carlo Simulation Options ------------------------
Acceptance Ratio     =              0.4  Adjust Frequency     =             1000
Blocks               =               20  Input RNG            =            False
Log Frequency        =                1  Max. Rotation        =               15
Max. Translation     =             0.15  Max. Volume Change   =              400
Moves                =           100000  Pressure             =                1
Temperature          =              300  Trajectories         =            False
Volume Frequency     =              500
--------------------------------------------------------------------------------

------------------------------------------------------------------------------------------------------------------------
                                               Monte Carlo Run Statistics
------------------------------------------------------------------------------------------------------------------------
  Block      Accept.           <E>           <dE^2>            <H>           <dH^2>            <V>           <dV^2>
------------------------------------------------------------------------------------------------------------------------
       0          0.4039      -7967.2292      17316.4413      -7966.8155      17316.2260       6780.0872      16498.2380
       1          0.4013      -8268.4118       4477.8630      -8267.9950       4477.8762       6830.3902       4143.6521
       2          0.4031      -8323.9367       3538.8555      -8323.5230       3539.1551       6780.3267       7575.2234
       3          0.3989      -8438.1315       5269.0011      -8437.7255       5269.2800       6653.9481       7451.6531
       4          0.4025      -8375.2087       5023.3832      -8374.7992       5023.8901       6709.9844       6764.4378
       5          0.4014      -8383.5259       6376.4857      -8383.1190       6376.5294       6668.3090       8456.4079
       6          0.4029      -8423.7236       3857.3424      -8423.3256       3857.6727       6523.3026       6618.2092
       7          0.4052      -8452.0775       3538.0038      -8451.6706       3537.7770       6668.6654       8763.9406
       8          0.4032      -8423.2813       6527.8454      -8422.8756       6528.3598       6649.2836       7820.0069
       9          0.4025      -8544.5040       4193.9667      -8544.1087       4194.2072       6478.1095       4615.2737
      10          0.3996      -8560.8083       6925.2584      -8560.4137       6925.7727       6465.4260       9156.4553
      11          0.3983      -8444.3610       4735.2183      -8443.9564       4735.6195       6630.8299       7060.9022
      12          0.3994      -8411.4484       7743.1064      -8411.0382       7743.5749       6722.2684       4922.9776
      13          0.3984      -8381.0570       5202.9925      -8380.6494       5203.3018       6679.7631       4491.9496
      14          0.4020      -8379.2496       3301.1467      -8378.8388       3301.2778       6732.8486       3268.9902
      15          0.3976      -8390.4518       3652.9498      -8390.0425       3653.1927       6706.9879       5123.0174
      16          0.3996      -8497.7358       4334.0297      -8497.3301       4334.2052       6647.6912       8486.0473
      17          0.4028      -8532.2406       6171.8755      -8531.8394       6171.9851       6575.5449       3390.2649
      18          0.4013      -8468.1531       3922.7371      -8467.7512       3922.9462       6586.3653       5654.0482
      19          0.4026      -8372.9893       2974.3256      -8372.5887       2974.3715       6566.2976       5587.7534
     Run          0.4013      -8401.9263      20384.5846      -8401.5203      20385.8005       6652.8215      15964.7259
   Block               -      -8401.9263      14930.4432      -8401.5203      14931.4395       6652.8215       9172.2534
------------------------------------------------------------------------------------------------------------------------

------------------------------ Adjusted Move Sizes -----------------------------
Max. Rotation        =          16.5617  Max. Translation     =         0.165617
Max. Vol. Move       =          267.759
--------------------------------------------------------------------------------

Solvent density = 993.74 kg m^-3.
